###############################################################################
#
# IAR ANSI C/C++ Compiler V7.30.4.8167/W32 for ARM        31/Mar/2015  18:39:58
# Copyright 1999-2014 IAR Systems AB.
#
#    Cpu mode     =  thumb
#    Endian       =  little
#    Source file  =  
#        D:\support_project\Qtouch_samr21_validation\BitCloud_SAMR21_3_2_0\BitCloud_SAMR21_3_2_0\BitCloud\Components\BSP\SAMR21\src\bspTaskManager.c
#    Command line =  
#        D:\support_project\Qtouch_samr21_validation\BitCloud_SAMR21_3_2_0\BitCloud_SAMR21_3_2_0\BitCloud\Components\BSP\SAMR21\src\bspTaskManager.c
#        -D BOARD_SAMR21 -D BOARD_QTOUCH_XPRO -D AT86RF233 -D ATSAMR21G18A -D
#        HAL_8MHz -D STACK_TYPE_ALL -D STDLINK_SECURITY_MODE -lC
#        D:\support_project\Qtouch_samr21_validation\BitCloud_SAMR21_3_2_0\BitCloud_SAMR21_3_2_0\Applications\HADevice\iar_projects\All_StdlinkSec_SamR21_Atsamr21g18a_Rf233_8Mhz/List\
#        --diag_suppress Pa050,Pe188 -o
#        D:\support_project\Qtouch_samr21_validation\BitCloud_SAMR21_3_2_0\BitCloud_SAMR21_3_2_0\Applications\HADevice\iar_projects\All_StdlinkSec_SamR21_Atsamr21g18a_Rf233_8Mhz/Obj\
#        --debug --endian=little --cpu=Cortex-M0+ -e --fpu=None --dlib_config
#        "C:\Program Files\IAR Systems\Embedded Workbench
#        7.30\arm\INC\c\DLib_Config_Full.h" --preinclude
#        MakerulesBc_All_StdlinkSec_Atsamr21g18a_Rf233_Iar.h -I
#        D:\support_project\Qtouch_samr21_validation\BitCloud_SAMR21_3_2_0\BitCloud_SAMR21_3_2_0\Applications\HADevice\iar_projects/..\
#        -I
#        D:\support_project\Qtouch_samr21_validation\BitCloud_SAMR21_3_2_0\BitCloud_SAMR21_3_2_0\Applications\HADevice\iar_projects/../dimmableLight/include\
#        -I
#        D:\support_project\Qtouch_samr21_validation\BitCloud_SAMR21_3_2_0\BitCloud_SAMR21_3_2_0\Applications\HADevice\iar_projects/../dimmerSwitch/include\
#        -I
#        D:\support_project\Qtouch_samr21_validation\BitCloud_SAMR21_3_2_0\BitCloud_SAMR21_3_2_0\Applications\HADevice\iar_projects/../multiSensor/include\
#        -I
#        D:\support_project\Qtouch_samr21_validation\BitCloud_SAMR21_3_2_0\BitCloud_SAMR21_3_2_0\Applications\HADevice\iar_projects/../thermostat/include\
#        -I
#        D:\support_project\Qtouch_samr21_validation\BitCloud_SAMR21_3_2_0\BitCloud_SAMR21_3_2_0\Applications\HADevice\iar_projects/../ias_ace/include\
#        -I
#        D:\support_project\Qtouch_samr21_validation\BitCloud_SAMR21_3_2_0\BitCloud_SAMR21_3_2_0\Applications\HADevice\iar_projects/../combinedInterface/include\
#        -I
#        D:\support_project\Qtouch_samr21_validation\BitCloud_SAMR21_3_2_0\BitCloud_SAMR21_3_2_0\Applications\HADevice\iar_projects/../common/include\
#        -I
#        D:\support_project\Qtouch_samr21_validation\BitCloud_SAMR21_3_2_0\BitCloud_SAMR21_3_2_0\Applications\HADevice\iar_projects/../common/clusters/include\
#        -I
#        D:\support_project\Qtouch_samr21_validation\BitCloud_SAMR21_3_2_0\BitCloud_SAMR21_3_2_0\Applications\HADevice\iar_projects/../../../BitCloud/Components/BSP/SAMR21/include\
#        -I
#        D:\support_project\Qtouch_samr21_validation\BitCloud_SAMR21_3_2_0\BitCloud_SAMR21_3_2_0\Applications\HADevice\iar_projects/../../../BitCloud/Components/SystemEnvironment/include\
#        -I
#        D:\support_project\Qtouch_samr21_validation\BitCloud_SAMR21_3_2_0\BitCloud_SAMR21_3_2_0\Applications\HADevice\iar_projects/../../../BitCloud/lib\
#        -I
#        D:\support_project\Qtouch_samr21_validation\BitCloud_SAMR21_3_2_0\BitCloud_SAMR21_3_2_0\Applications\HADevice\iar_projects/../../../BitCloud/Components/HAL/include\
#        -I
#        D:\support_project\Qtouch_samr21_validation\BitCloud_SAMR21_3_2_0\BitCloud_SAMR21_3_2_0\Applications\HADevice\iar_projects/../../../BitCloud/Components/BSP\
#        -I
#        D:\support_project\Qtouch_samr21_validation\BitCloud_SAMR21_3_2_0\BitCloud_SAMR21_3_2_0\Applications\HADevice\iar_projects/../../../BitCloud/Components/BSP/include\
#        -I
#        D:\support_project\Qtouch_samr21_validation\BitCloud_SAMR21_3_2_0\BitCloud_SAMR21_3_2_0\Applications\HADevice\iar_projects/../../../BitCloud/Components/BSP/QTouch_XPRO/include\
#        -I
#        D:\support_project\Qtouch_samr21_validation\BitCloud_SAMR21_3_2_0\BitCloud_SAMR21_3_2_0\Applications\HADevice\iar_projects/../../../BitCloud/Components/NWK/include\
#        -I
#        D:\support_project\Qtouch_samr21_validation\BitCloud_SAMR21_3_2_0\BitCloud_SAMR21_3_2_0\Applications\HADevice\iar_projects/../../../BitCloud/Components/NWK/include/private\
#        -I
#        D:\support_project\Qtouch_samr21_validation\BitCloud_SAMR21_3_2_0\BitCloud_SAMR21_3_2_0\Applications\HADevice\iar_projects/../../../BitCloud/Components/ZDO/include\
#        -I
#        D:\support_project\Qtouch_samr21_validation\BitCloud_SAMR21_3_2_0\BitCloud_SAMR21_3_2_0\Applications\HADevice\iar_projects/../../../BitCloud/Components/ZDO/include/private\
#        -I
#        D:\support_project\Qtouch_samr21_validation\BitCloud_SAMR21_3_2_0\BitCloud_SAMR21_3_2_0\Applications\HADevice\iar_projects/../../../BitCloud/Components/APS/include\
#        -I
#        D:\support_project\Qtouch_samr21_validation\BitCloud_SAMR21_3_2_0\BitCloud_SAMR21_3_2_0\Applications\HADevice\iar_projects/../../../BitCloud/Components/APS/include/private\
#        -I
#        D:\support_project\Qtouch_samr21_validation\BitCloud_SAMR21_3_2_0\BitCloud_SAMR21_3_2_0\Applications\HADevice\iar_projects/../../../BitCloud/Components/SystemEnvironment/include\
#        -I
#        D:\support_project\Qtouch_samr21_validation\BitCloud_SAMR21_3_2_0\BitCloud_SAMR21_3_2_0\Applications\HADevice\iar_projects/../../../BitCloud/Components/ConfigServer/include\
#        -I
#        D:\support_project\Qtouch_samr21_validation\BitCloud_SAMR21_3_2_0\BitCloud_SAMR21_3_2_0\Applications\HADevice\iar_projects/../../../BitCloud/Components/ConfigServer/include/private\
#        -I
#        D:\support_project\Qtouch_samr21_validation\BitCloud_SAMR21_3_2_0\BitCloud_SAMR21_3_2_0\Applications\HADevice\iar_projects/../../../BitCloud/Components/PersistDataServer/include\
#        -I
#        D:\support_project\Qtouch_samr21_validation\BitCloud_SAMR21_3_2_0\BitCloud_SAMR21_3_2_0\Applications\HADevice\iar_projects/../../../BitCloud/Components/PersistDataServer/std/include\
#        -I
#        D:\support_project\Qtouch_samr21_validation\BitCloud_SAMR21_3_2_0\BitCloud_SAMR21_3_2_0\Applications\HADevice\iar_projects/../../../BitCloud/Components/PersistDataServer/wl/include\
#        -I
#        D:\support_project\Qtouch_samr21_validation\BitCloud_SAMR21_3_2_0\BitCloud_SAMR21_3_2_0\Applications\HADevice\iar_projects/../../../BitCloud/Components/ZLLPlatform/Infrastructure/N_Types/include\
#        -I
#        D:\support_project\Qtouch_samr21_validation\BitCloud_SAMR21_3_2_0\BitCloud_SAMR21_3_2_0\Applications\HADevice\iar_projects/../../../BitCloud/Components/ZLLPlatform/Infrastructure/N_Util/include\
#        -I
#        D:\support_project\Qtouch_samr21_validation\BitCloud_SAMR21_3_2_0\BitCloud_SAMR21_3_2_0\Applications\HADevice\iar_projects/../../../BitCloud/Components/ZLLPlatform/Infrastructure/N_Timer/include\
#        -I
#        D:\support_project\Qtouch_samr21_validation\BitCloud_SAMR21_3_2_0\BitCloud_SAMR21_3_2_0\Applications\HADevice\iar_projects/../../../BitCloud/Components/ZLLPlatform/Infrastructure/N_Task/include\
#        -I
#        D:\support_project\Qtouch_samr21_validation\BitCloud_SAMR21_3_2_0\BitCloud_SAMR21_3_2_0\Applications\HADevice\iar_projects/../../../BitCloud/Components/ZLLPlatform/Infrastructure/N_ErrH/include\
#        -I
#        D:\support_project\Qtouch_samr21_validation\BitCloud_SAMR21_3_2_0\BitCloud_SAMR21_3_2_0\Applications\HADevice\iar_projects/../../../BitCloud/Components/ZLLPlatform/Infrastructure/N_Log/include\
#        -I
#        D:\support_project\Qtouch_samr21_validation\BitCloud_SAMR21_3_2_0\BitCloud_SAMR21_3_2_0\Applications\HADevice\iar_projects/../../../BitCloud/Components/ZLLPlatform/Infrastructure/N_Memory/include\
#        -I
#        D:\support_project\Qtouch_samr21_validation\BitCloud_SAMR21_3_2_0\BitCloud_SAMR21_3_2_0\Applications\HADevice\iar_projects/../../../BitCloud/Components/ZLLPlatform/Infrastructure/N_Init/include\
#        -I
#        D:\support_project\Qtouch_samr21_validation\BitCloud_SAMR21_3_2_0\BitCloud_SAMR21_3_2_0\Applications\HADevice\iar_projects/../../../BitCloud/Components/ZLLPlatform/ZLL/S_Nv/include\
#        -I
#        D:\support_project\Qtouch_samr21_validation\BitCloud_SAMR21_3_2_0\BitCloud_SAMR21_3_2_0\Applications\HADevice\iar_projects/../../../BitCloud/Components/ZLLPlatform/ZLL/S_XNv/include\
#        -I
#        D:\support_project\Qtouch_samr21_validation\BitCloud_SAMR21_3_2_0\BitCloud_SAMR21_3_2_0\Applications\HADevice\iar_projects/../../../BitCloud/Components/ZLLPlatform/ZLL/D_Nv/include\
#        -I
#        D:\support_project\Qtouch_samr21_validation\BitCloud_SAMR21_3_2_0\BitCloud_SAMR21_3_2_0\Applications\HADevice\iar_projects/../../../BitCloud/Components/ZLLPlatform/ZLL/D_XNv/include\
#        -I
#        D:\support_project\Qtouch_samr21_validation\BitCloud_SAMR21_3_2_0\BitCloud_SAMR21_3_2_0\Applications\HADevice\iar_projects/../../../BitCloud/Components/ZLLPlatform/ZLL/D_XNv/src\
#        -I
#        D:\support_project\Qtouch_samr21_validation\BitCloud_SAMR21_3_2_0\BitCloud_SAMR21_3_2_0\Applications\HADevice\iar_projects/../../../BitCloud/Components/ZLLPlatform/ZLL/S_XNv/src\
#        -I
#        D:\support_project\Qtouch_samr21_validation\BitCloud_SAMR21_3_2_0\BitCloud_SAMR21_3_2_0\Applications\HADevice\iar_projects/../../../BitCloud/Components/Security/TrustCentre/include\
#        -I
#        D:\support_project\Qtouch_samr21_validation\BitCloud_SAMR21_3_2_0\BitCloud_SAMR21_3_2_0\Applications\HADevice\iar_projects/../../../BitCloud/Components/Security/ServiceProvider/include\
#        -I
#        D:\support_project\Qtouch_samr21_validation\BitCloud_SAMR21_3_2_0\BitCloud_SAMR21_3_2_0\Applications\HADevice\iar_projects/../../../BitCloud/Components/HAL/drivers/include\
#        -I
#        D:\support_project\Qtouch_samr21_validation\BitCloud_SAMR21_3_2_0\BitCloud_SAMR21_3_2_0\Applications\HADevice\iar_projects/../../../BitCloud/Components/HAL/drivers/VCP/include\
#        -I
#        D:\support_project\Qtouch_samr21_validation\BitCloud_SAMR21_3_2_0\BitCloud_SAMR21_3_2_0\Applications\HADevice\iar_projects/../../../BitCloud/Components/HAL/cortexm0+/atsamr21/common/include\
#        -I
#        D:\support_project\Qtouch_samr21_validation\BitCloud_SAMR21_3_2_0\BitCloud_SAMR21_3_2_0\Applications\HADevice\iar_projects/../../../BitCloud/Components/ZCL/include/private\
#        -I
#        D:\support_project\Qtouch_samr21_validation\BitCloud_SAMR21_3_2_0\BitCloud_SAMR21_3_2_0\Applications\HADevice\iar_projects/../../../BitCloud/Components/ZCL/include\
#        -I
#        D:\support_project\Qtouch_samr21_validation\BitCloud_SAMR21_3_2_0\BitCloud_SAMR21_3_2_0\Applications\HADevice\iar_projects/../../../BitCloud/Components/MAC_PHY/include\
#        -I
#        D:\support_project\Qtouch_samr21_validation\BitCloud_SAMR21_3_2_0\BitCloud_SAMR21_3_2_0\Applications\HADevice\iar_projects/../../../BitCloud/Components/MAC_PHY/MAC_ENV/include\
#        -I
#        D:\support_project\Qtouch_samr21_validation\BitCloud_SAMR21_3_2_0\BitCloud_SAMR21_3_2_0\Applications\HADevice\iar_projects/../../../BitCloud/Components/MAC_PHY/MAC_HWI/include\
#        -I
#        D:\support_project\Qtouch_samr21_validation\BitCloud_SAMR21_3_2_0\BitCloud_SAMR21_3_2_0\Applications\HADevice\iar_projects/../../../BitCloud/Components/MAC_PHY/MAC_HWD_PHY/include\
#        -I
#        D:\support_project\Qtouch_samr21_validation\BitCloud_SAMR21_3_2_0\BitCloud_SAMR21_3_2_0\Applications\HADevice\iar_projects/../../../BitCloud/Components/MAC_PHY/MAC_HWD_PHY/RF231_RF212/PHY/include\
#        -I
#        D:\support_project\Qtouch_samr21_validation\BitCloud_SAMR21_3_2_0\BitCloud_SAMR21_3_2_0\Applications\HADevice\iar_projects/../../../BitCloud/Components/MAC_PHY/MAC_HWD_PHY/RF231_RF212/MAC_HWD/include\
#        -Ohz --use_c++_inline
#    List file    =  
#        D:\support_project\Qtouch_samr21_validation\BitCloud_SAMR21_3_2_0\BitCloud_SAMR21_3_2_0\Applications\HADevice\iar_projects\All_StdlinkSec_SamR21_Atsamr21g18a_Rf233_8Mhz/List\bspTaskManager.lst
#    Object file  =  
#        D:\support_project\Qtouch_samr21_validation\BitCloud_SAMR21_3_2_0\BitCloud_SAMR21_3_2_0\Applications\HADevice\iar_projects\All_StdlinkSec_SamR21_Atsamr21g18a_Rf233_8Mhz/Obj\bspTaskManager.o
#
###############################################################################

D:\support_project\Qtouch_samr21_validation\BitCloud_SAMR21_3_2_0\BitCloud_SAMR21_3_2_0\BitCloud\Components\BSP\SAMR21\src\bspTaskManager.c
      1          /**************************************************************************//**
      2          \file  bspTaskManager.c
      3          
      4          \brief Implemenattion of BSP task manager.
      5          
      6          \author
      7              Atmel Corporation: http://www.atmel.com \n
      8              Support email: avr@atmel.com
      9          
     10            Copyright (c) 2008-2015, Atmel Corporation. All rights reserved.
     11            Licensed under Atmel's Limited License Agreement (BitCloudTM).
     12          
     13          \internal
     14            History:
     15              07/04/14 karthik.p_u - Created
     16          ******************************************************************************/
     17          
     18          /******************************************************************************
     19                             Includes section
     20          ******************************************************************************/
     21          #include <bspTaskManager.h>
     22          #include <atomic.h>
     23          
     24          /******************************************************************************
     25                             Prototypes section
     26          ******************************************************************************/
     27          /**************************************************************************//**
     28          \brief BSP button handler.
     29          ******************************************************************************/
     30          void bspButtonsHandler(void);
     31          
     32          /**************************************************************************//**
     33          \brief BSP temperature sensor handler.
     34          ******************************************************************************/
     35          void bspTemperatureSensorHandler(void);
     36          
     37          /**************************************************************************//**
     38          \brief BSP light sensor handler.
     39          ******************************************************************************/
     40          void bspLightSensorHandler(void);
     41          
     42          /**************************************************************************//**
     43          \brief BSP Joystick handler.
     44          ******************************************************************************/
     45          void bspJoystickHandler(void);
     46          
     47          /**************************************************************************//**
     48          \brief BSP battery handler.
     49          ******************************************************************************/
     50          void bspEmptyBatteryHandler(void);
     51          
     52          /******************************************************************************
     53                             Global variables section
     54          ******************************************************************************/

   \                                 In section .bss, align 1
     55          volatile uint8_t bspTaskFlags = 0;
   \                     bspTaskFlags:
   \   00000000                      DS8 1
     56          
     57          /******************************************************************************
     58                             Implementations section
     59          ******************************************************************************/
     60          /**************************************************************************//**
     61          \brief BSP task handler.
     62          ******************************************************************************/

   \                                 In section .text, align 4, keep-with-next
     63          void BSP_TaskHandler(void)
     64          {
   \                     BSP_TaskHandler: (+1)
   \   00000000   0xB510             PUSH     {R4,LR}
   \   00000002   0xB082             SUB      SP,SP,#+8
     65            if (bspTaskFlags & BSP_JOYSTICK)
   \   00000004   0x4C23             LDR      R4,??BSP_TaskHandler_0
   \   00000006   0x7820             LDRB     R0,[R4, #+0]
   \   00000008   0x06C0             LSLS     R0,R0,#+27
   \   0000000A   0xD505             BPL      ??BSP_TaskHandler_1
     66            {
     67              bspTaskFlags &= ~BSP_JOYSTICK;
   \   0000000C   0x7820             LDRB     R0,[R4, #+0]
   \   0000000E   0x21EF             MOVS     R1,#+239
   \   00000010   0x4001             ANDS     R1,R1,R0
   \   00000012   0x7021             STRB     R1,[R4, #+0]
     68              bspJoystickHandler();
   \   00000014   0x.... 0x....      BL       bspJoystickHandler
     69            }
     70          
     71            if (bspTaskFlags & BSP_BUTTONS)
   \                     ??BSP_TaskHandler_1: (+1)
   \   00000018   0x7820             LDRB     R0,[R4, #+0]
   \   0000001A   0x07C0             LSLS     R0,R0,#+31
   \   0000001C   0xD505             BPL      ??BSP_TaskHandler_2
     72            {
     73              bspTaskFlags &= (~BSP_BUTTONS);
   \   0000001E   0x7820             LDRB     R0,[R4, #+0]
   \   00000020   0x21FE             MOVS     R1,#+254
   \   00000022   0x4001             ANDS     R1,R1,R0
   \   00000024   0x7021             STRB     R1,[R4, #+0]
     74              bspButtonsHandler();
   \   00000026   0x.... 0x....      BL       bspButtonsHandler
     75            }
     76          
     77            if (bspTaskFlags & BSP_TEMPERATURE)
   \                     ??BSP_TaskHandler_2: (+1)
   \   0000002A   0x7820             LDRB     R0,[R4, #+0]
   \   0000002C   0x0780             LSLS     R0,R0,#+30
   \   0000002E   0xD505             BPL      ??BSP_TaskHandler_3
     78            {
     79              bspTaskFlags &= (~BSP_TEMPERATURE);
   \   00000030   0x7820             LDRB     R0,[R4, #+0]
   \   00000032   0x21FD             MOVS     R1,#+253
   \   00000034   0x4001             ANDS     R1,R1,R0
   \   00000036   0x7021             STRB     R1,[R4, #+0]
     80              bspTemperatureSensorHandler();
   \   00000038   0x.... 0x....      BL       bspTemperatureSensorHandler
     81            }
     82          
     83            if (bspTaskFlags & BSP_LIGHT)
   \                     ??BSP_TaskHandler_3: (+1)
   \   0000003C   0x7820             LDRB     R0,[R4, #+0]
   \   0000003E   0x0740             LSLS     R0,R0,#+29
   \   00000040   0xD505             BPL      ??BSP_TaskHandler_4
     84            {
     85              bspTaskFlags &= (~BSP_LIGHT);
   \   00000042   0x7820             LDRB     R0,[R4, #+0]
   \   00000044   0x21FB             MOVS     R1,#+251
   \   00000046   0x4001             ANDS     R1,R1,R0
   \   00000048   0x7021             STRB     R1,[R4, #+0]
     86              bspLightSensorHandler();
   \   0000004A   0x.... 0x....      BL       bspLightSensorHandler
     87            }
     88          
     89            if (bspTaskFlags & BSP_BATTERY)
   \                     ??BSP_TaskHandler_4: (+1)
   \   0000004E   0x7820             LDRB     R0,[R4, #+0]
   \   00000050   0x0700             LSLS     R0,R0,#+28
   \   00000052   0xD505             BPL      ??BSP_TaskHandler_5
     90            {
     91              bspTaskFlags &= (~BSP_BATTERY);
   \   00000054   0x7820             LDRB     R0,[R4, #+0]
   \   00000056   0x21F7             MOVS     R1,#+247
   \   00000058   0x4001             ANDS     R1,R1,R0
   \   0000005A   0x7021             STRB     R1,[R4, #+0]
     92              bspEmptyBatteryHandler();
   \   0000005C   0x.... 0x....      BL       bspEmptyBatteryHandler
     93            }
     94          #ifdef BOARD_QTOUCH_XPRO  
     95            if (bspTaskFlags & BSP_TOUCH_BUTTON)
   \                     ??BSP_TaskHandler_5: (+1)
   \   00000060   0x7820             LDRB     R0,[R4, #+0]
   \   00000062   0x0680             LSLS     R0,R0,#+26
   \   00000064   0xD505             BPL      ??BSP_TaskHandler_6
     96            {
     97              bspTaskFlags &= (~BSP_TOUCH_BUTTON);
   \   00000066   0x7820             LDRB     R0,[R4, #+0]
   \   00000068   0x21DF             MOVS     R1,#+223
   \   0000006A   0x4001             ANDS     R1,R1,R0
   \   0000006C   0x7021             STRB     R1,[R4, #+0]
     98              bspTouchHandler();
                     ^
Warning[Pe223]: function "bspTouchHandler" declared implicitly
   \   0000006E   0x.... 0x....      BL       bspTouchHandler
     99            }
    100          #endif
    101            if (bspTaskFlags)
   \                     ??BSP_TaskHandler_6: (+1)
   \   00000072   0x7820             LDRB     R0,[R4, #+0]
   \   00000074   0x2800             CMP      R0,#+0
   \   00000076   0xD00B             BEQ      ??BSP_TaskHandler_7
    102            {
    103              SYS_PostTask(BSP_TASK_ID);
   \   00000078   0x4668             MOV      R0,SP
   \   0000007A   0x.... 0x....      BL       halStartAtomic
   \   0000007E   0x4806             LDR      R0,??BSP_TaskHandler_0+0x4
   \   00000080   0x8801             LDRH     R1,[R0, #+0]
   \   00000082   0x2280             MOVS     R2,#+128
   \   00000084   0x0052             LSLS     R2,R2,#+1        ;; #+256
   \   00000086   0x430A             ORRS     R2,R2,R1
   \   00000088   0x8002             STRH     R2,[R0, #+0]
   \   0000008A   0x4668             MOV      R0,SP
   \   0000008C   0x.... 0x....      BL       halEndAtomic
    104            }
    105          }
   \                     ??BSP_TaskHandler_7: (+1)
   \   00000090   0xBD13             POP      {R0,R1,R4,PC}    ;; return
   \   00000092   0xBF00             Nop      
   \                     ??BSP_TaskHandler_0:
   \   00000094   0x........         DC32     bspTaskFlags
   \   00000098   0x........         DC32     SYS_taskFlag
    106          
    107          // eof bspTaskManager.c

   Maximum stack usage in bytes:

   .cstack Function
   ------- --------
      16   BSP_TaskHandler
        16   -> bspButtonsHandler
        16   -> bspEmptyBatteryHandler
        16   -> bspJoystickHandler
        16   -> bspLightSensorHandler
        16   -> bspTemperatureSensorHandler
        16   -> bspTouchHandler
        16   -> halEndAtomic
        16   -> halStartAtomic


   Section sizes:

   Bytes  Function/Label
   -----  --------------
     156  BSP_TaskHandler
       1  bspTaskFlags

 
   1 byte  in section .bss
 156 bytes in section .text
 
 156 bytes of CODE memory
   1 byte  of DATA memory

Errors: none
Warnings: 1
