###############################################################################
#
# IAR ANSI C/C++ Compiler V7.30.4.8167/W32 for ARM        31/Mar/2015  18:40:00
# Copyright 1999-2014 IAR Systems AB.
#
#    Cpu mode     =  thumb
#    Endian       =  little
#    Source file  =  
#        D:\support_project\Qtouch_samr21_validation\BitCloud_SAMR21_3_2_0\BitCloud_SAMR21_3_2_0\BitCloud\Components\BSP\SAMR21\src\bspUid.c
#    Command line =  
#        D:\support_project\Qtouch_samr21_validation\BitCloud_SAMR21_3_2_0\BitCloud_SAMR21_3_2_0\BitCloud\Components\BSP\SAMR21\src\bspUid.c
#        -D BOARD_SAMR21 -D BOARD_QTOUCH_XPRO -D AT86RF233 -D ATSAMR21G18A -D
#        HAL_8MHz -D STACK_TYPE_ALL -D STDLINK_SECURITY_MODE -lC
#        D:\support_project\Qtouch_samr21_validation\BitCloud_SAMR21_3_2_0\BitCloud_SAMR21_3_2_0\Applications\HADevice\iar_projects\All_StdlinkSec_SamR21_Atsamr21g18a_Rf233_8Mhz/List\
#        --diag_suppress Pa050,Pe188 -o
#        D:\support_project\Qtouch_samr21_validation\BitCloud_SAMR21_3_2_0\BitCloud_SAMR21_3_2_0\Applications\HADevice\iar_projects\All_StdlinkSec_SamR21_Atsamr21g18a_Rf233_8Mhz/Obj\
#        --debug --endian=little --cpu=Cortex-M0+ -e --fpu=None --dlib_config
#        "C:\Program Files\IAR Systems\Embedded Workbench
#        7.30\arm\INC\c\DLib_Config_Full.h" --preinclude
#        MakerulesBc_All_StdlinkSec_Atsamr21g18a_Rf233_Iar.h -I
#        D:\support_project\Qtouch_samr21_validation\BitCloud_SAMR21_3_2_0\BitCloud_SAMR21_3_2_0\Applications\HADevice\iar_projects/..\
#        -I
#        D:\support_project\Qtouch_samr21_validation\BitCloud_SAMR21_3_2_0\BitCloud_SAMR21_3_2_0\Applications\HADevice\iar_projects/../dimmableLight/include\
#        -I
#        D:\support_project\Qtouch_samr21_validation\BitCloud_SAMR21_3_2_0\BitCloud_SAMR21_3_2_0\Applications\HADevice\iar_projects/../dimmerSwitch/include\
#        -I
#        D:\support_project\Qtouch_samr21_validation\BitCloud_SAMR21_3_2_0\BitCloud_SAMR21_3_2_0\Applications\HADevice\iar_projects/../multiSensor/include\
#        -I
#        D:\support_project\Qtouch_samr21_validation\BitCloud_SAMR21_3_2_0\BitCloud_SAMR21_3_2_0\Applications\HADevice\iar_projects/../thermostat/include\
#        -I
#        D:\support_project\Qtouch_samr21_validation\BitCloud_SAMR21_3_2_0\BitCloud_SAMR21_3_2_0\Applications\HADevice\iar_projects/../ias_ace/include\
#        -I
#        D:\support_project\Qtouch_samr21_validation\BitCloud_SAMR21_3_2_0\BitCloud_SAMR21_3_2_0\Applications\HADevice\iar_projects/../combinedInterface/include\
#        -I
#        D:\support_project\Qtouch_samr21_validation\BitCloud_SAMR21_3_2_0\BitCloud_SAMR21_3_2_0\Applications\HADevice\iar_projects/../common/include\
#        -I
#        D:\support_project\Qtouch_samr21_validation\BitCloud_SAMR21_3_2_0\BitCloud_SAMR21_3_2_0\Applications\HADevice\iar_projects/../common/clusters/include\
#        -I
#        D:\support_project\Qtouch_samr21_validation\BitCloud_SAMR21_3_2_0\BitCloud_SAMR21_3_2_0\Applications\HADevice\iar_projects/../../../BitCloud/Components/BSP/SAMR21/include\
#        -I
#        D:\support_project\Qtouch_samr21_validation\BitCloud_SAMR21_3_2_0\BitCloud_SAMR21_3_2_0\Applications\HADevice\iar_projects/../../../BitCloud/Components/SystemEnvironment/include\
#        -I
#        D:\support_project\Qtouch_samr21_validation\BitCloud_SAMR21_3_2_0\BitCloud_SAMR21_3_2_0\Applications\HADevice\iar_projects/../../../BitCloud/lib\
#        -I
#        D:\support_project\Qtouch_samr21_validation\BitCloud_SAMR21_3_2_0\BitCloud_SAMR21_3_2_0\Applications\HADevice\iar_projects/../../../BitCloud/Components/HAL/include\
#        -I
#        D:\support_project\Qtouch_samr21_validation\BitCloud_SAMR21_3_2_0\BitCloud_SAMR21_3_2_0\Applications\HADevice\iar_projects/../../../BitCloud/Components/BSP\
#        -I
#        D:\support_project\Qtouch_samr21_validation\BitCloud_SAMR21_3_2_0\BitCloud_SAMR21_3_2_0\Applications\HADevice\iar_projects/../../../BitCloud/Components/BSP/include\
#        -I
#        D:\support_project\Qtouch_samr21_validation\BitCloud_SAMR21_3_2_0\BitCloud_SAMR21_3_2_0\Applications\HADevice\iar_projects/../../../BitCloud/Components/BSP/QTouch_XPRO/include\
#        -I
#        D:\support_project\Qtouch_samr21_validation\BitCloud_SAMR21_3_2_0\BitCloud_SAMR21_3_2_0\Applications\HADevice\iar_projects/../../../BitCloud/Components/NWK/include\
#        -I
#        D:\support_project\Qtouch_samr21_validation\BitCloud_SAMR21_3_2_0\BitCloud_SAMR21_3_2_0\Applications\HADevice\iar_projects/../../../BitCloud/Components/NWK/include/private\
#        -I
#        D:\support_project\Qtouch_samr21_validation\BitCloud_SAMR21_3_2_0\BitCloud_SAMR21_3_2_0\Applications\HADevice\iar_projects/../../../BitCloud/Components/ZDO/include\
#        -I
#        D:\support_project\Qtouch_samr21_validation\BitCloud_SAMR21_3_2_0\BitCloud_SAMR21_3_2_0\Applications\HADevice\iar_projects/../../../BitCloud/Components/ZDO/include/private\
#        -I
#        D:\support_project\Qtouch_samr21_validation\BitCloud_SAMR21_3_2_0\BitCloud_SAMR21_3_2_0\Applications\HADevice\iar_projects/../../../BitCloud/Components/APS/include\
#        -I
#        D:\support_project\Qtouch_samr21_validation\BitCloud_SAMR21_3_2_0\BitCloud_SAMR21_3_2_0\Applications\HADevice\iar_projects/../../../BitCloud/Components/APS/include/private\
#        -I
#        D:\support_project\Qtouch_samr21_validation\BitCloud_SAMR21_3_2_0\BitCloud_SAMR21_3_2_0\Applications\HADevice\iar_projects/../../../BitCloud/Components/SystemEnvironment/include\
#        -I
#        D:\support_project\Qtouch_samr21_validation\BitCloud_SAMR21_3_2_0\BitCloud_SAMR21_3_2_0\Applications\HADevice\iar_projects/../../../BitCloud/Components/ConfigServer/include\
#        -I
#        D:\support_project\Qtouch_samr21_validation\BitCloud_SAMR21_3_2_0\BitCloud_SAMR21_3_2_0\Applications\HADevice\iar_projects/../../../BitCloud/Components/ConfigServer/include/private\
#        -I
#        D:\support_project\Qtouch_samr21_validation\BitCloud_SAMR21_3_2_0\BitCloud_SAMR21_3_2_0\Applications\HADevice\iar_projects/../../../BitCloud/Components/PersistDataServer/include\
#        -I
#        D:\support_project\Qtouch_samr21_validation\BitCloud_SAMR21_3_2_0\BitCloud_SAMR21_3_2_0\Applications\HADevice\iar_projects/../../../BitCloud/Components/PersistDataServer/std/include\
#        -I
#        D:\support_project\Qtouch_samr21_validation\BitCloud_SAMR21_3_2_0\BitCloud_SAMR21_3_2_0\Applications\HADevice\iar_projects/../../../BitCloud/Components/PersistDataServer/wl/include\
#        -I
#        D:\support_project\Qtouch_samr21_validation\BitCloud_SAMR21_3_2_0\BitCloud_SAMR21_3_2_0\Applications\HADevice\iar_projects/../../../BitCloud/Components/ZLLPlatform/Infrastructure/N_Types/include\
#        -I
#        D:\support_project\Qtouch_samr21_validation\BitCloud_SAMR21_3_2_0\BitCloud_SAMR21_3_2_0\Applications\HADevice\iar_projects/../../../BitCloud/Components/ZLLPlatform/Infrastructure/N_Util/include\
#        -I
#        D:\support_project\Qtouch_samr21_validation\BitCloud_SAMR21_3_2_0\BitCloud_SAMR21_3_2_0\Applications\HADevice\iar_projects/../../../BitCloud/Components/ZLLPlatform/Infrastructure/N_Timer/include\
#        -I
#        D:\support_project\Qtouch_samr21_validation\BitCloud_SAMR21_3_2_0\BitCloud_SAMR21_3_2_0\Applications\HADevice\iar_projects/../../../BitCloud/Components/ZLLPlatform/Infrastructure/N_Task/include\
#        -I
#        D:\support_project\Qtouch_samr21_validation\BitCloud_SAMR21_3_2_0\BitCloud_SAMR21_3_2_0\Applications\HADevice\iar_projects/../../../BitCloud/Components/ZLLPlatform/Infrastructure/N_ErrH/include\
#        -I
#        D:\support_project\Qtouch_samr21_validation\BitCloud_SAMR21_3_2_0\BitCloud_SAMR21_3_2_0\Applications\HADevice\iar_projects/../../../BitCloud/Components/ZLLPlatform/Infrastructure/N_Log/include\
#        -I
#        D:\support_project\Qtouch_samr21_validation\BitCloud_SAMR21_3_2_0\BitCloud_SAMR21_3_2_0\Applications\HADevice\iar_projects/../../../BitCloud/Components/ZLLPlatform/Infrastructure/N_Memory/include\
#        -I
#        D:\support_project\Qtouch_samr21_validation\BitCloud_SAMR21_3_2_0\BitCloud_SAMR21_3_2_0\Applications\HADevice\iar_projects/../../../BitCloud/Components/ZLLPlatform/Infrastructure/N_Init/include\
#        -I
#        D:\support_project\Qtouch_samr21_validation\BitCloud_SAMR21_3_2_0\BitCloud_SAMR21_3_2_0\Applications\HADevice\iar_projects/../../../BitCloud/Components/ZLLPlatform/ZLL/S_Nv/include\
#        -I
#        D:\support_project\Qtouch_samr21_validation\BitCloud_SAMR21_3_2_0\BitCloud_SAMR21_3_2_0\Applications\HADevice\iar_projects/../../../BitCloud/Components/ZLLPlatform/ZLL/S_XNv/include\
#        -I
#        D:\support_project\Qtouch_samr21_validation\BitCloud_SAMR21_3_2_0\BitCloud_SAMR21_3_2_0\Applications\HADevice\iar_projects/../../../BitCloud/Components/ZLLPlatform/ZLL/D_Nv/include\
#        -I
#        D:\support_project\Qtouch_samr21_validation\BitCloud_SAMR21_3_2_0\BitCloud_SAMR21_3_2_0\Applications\HADevice\iar_projects/../../../BitCloud/Components/ZLLPlatform/ZLL/D_XNv/include\
#        -I
#        D:\support_project\Qtouch_samr21_validation\BitCloud_SAMR21_3_2_0\BitCloud_SAMR21_3_2_0\Applications\HADevice\iar_projects/../../../BitCloud/Components/ZLLPlatform/ZLL/D_XNv/src\
#        -I
#        D:\support_project\Qtouch_samr21_validation\BitCloud_SAMR21_3_2_0\BitCloud_SAMR21_3_2_0\Applications\HADevice\iar_projects/../../../BitCloud/Components/ZLLPlatform/ZLL/S_XNv/src\
#        -I
#        D:\support_project\Qtouch_samr21_validation\BitCloud_SAMR21_3_2_0\BitCloud_SAMR21_3_2_0\Applications\HADevice\iar_projects/../../../BitCloud/Components/Security/TrustCentre/include\
#        -I
#        D:\support_project\Qtouch_samr21_validation\BitCloud_SAMR21_3_2_0\BitCloud_SAMR21_3_2_0\Applications\HADevice\iar_projects/../../../BitCloud/Components/Security/ServiceProvider/include\
#        -I
#        D:\support_project\Qtouch_samr21_validation\BitCloud_SAMR21_3_2_0\BitCloud_SAMR21_3_2_0\Applications\HADevice\iar_projects/../../../BitCloud/Components/HAL/drivers/include\
#        -I
#        D:\support_project\Qtouch_samr21_validation\BitCloud_SAMR21_3_2_0\BitCloud_SAMR21_3_2_0\Applications\HADevice\iar_projects/../../../BitCloud/Components/HAL/drivers/VCP/include\
#        -I
#        D:\support_project\Qtouch_samr21_validation\BitCloud_SAMR21_3_2_0\BitCloud_SAMR21_3_2_0\Applications\HADevice\iar_projects/../../../BitCloud/Components/HAL/cortexm0+/atsamr21/common/include\
#        -I
#        D:\support_project\Qtouch_samr21_validation\BitCloud_SAMR21_3_2_0\BitCloud_SAMR21_3_2_0\Applications\HADevice\iar_projects/../../../BitCloud/Components/ZCL/include/private\
#        -I
#        D:\support_project\Qtouch_samr21_validation\BitCloud_SAMR21_3_2_0\BitCloud_SAMR21_3_2_0\Applications\HADevice\iar_projects/../../../BitCloud/Components/ZCL/include\
#        -I
#        D:\support_project\Qtouch_samr21_validation\BitCloud_SAMR21_3_2_0\BitCloud_SAMR21_3_2_0\Applications\HADevice\iar_projects/../../../BitCloud/Components/MAC_PHY/include\
#        -I
#        D:\support_project\Qtouch_samr21_validation\BitCloud_SAMR21_3_2_0\BitCloud_SAMR21_3_2_0\Applications\HADevice\iar_projects/../../../BitCloud/Components/MAC_PHY/MAC_ENV/include\
#        -I
#        D:\support_project\Qtouch_samr21_validation\BitCloud_SAMR21_3_2_0\BitCloud_SAMR21_3_2_0\Applications\HADevice\iar_projects/../../../BitCloud/Components/MAC_PHY/MAC_HWI/include\
#        -I
#        D:\support_project\Qtouch_samr21_validation\BitCloud_SAMR21_3_2_0\BitCloud_SAMR21_3_2_0\Applications\HADevice\iar_projects/../../../BitCloud/Components/MAC_PHY/MAC_HWD_PHY/include\
#        -I
#        D:\support_project\Qtouch_samr21_validation\BitCloud_SAMR21_3_2_0\BitCloud_SAMR21_3_2_0\Applications\HADevice\iar_projects/../../../BitCloud/Components/MAC_PHY/MAC_HWD_PHY/RF231_RF212/PHY/include\
#        -I
#        D:\support_project\Qtouch_samr21_validation\BitCloud_SAMR21_3_2_0\BitCloud_SAMR21_3_2_0\Applications\HADevice\iar_projects/../../../BitCloud/Components/MAC_PHY/MAC_HWD_PHY/RF231_RF212/MAC_HWD/include\
#        -Ohz --use_c++_inline
#    List file    =  
#        D:\support_project\Qtouch_samr21_validation\BitCloud_SAMR21_3_2_0\BitCloud_SAMR21_3_2_0\Applications\HADevice\iar_projects\All_StdlinkSec_SamR21_Atsamr21g18a_Rf233_8Mhz/List\bspUid.lst
#    Object file  =  
#        D:\support_project\Qtouch_samr21_validation\BitCloud_SAMR21_3_2_0\BitCloud_SAMR21_3_2_0\Applications\HADevice\iar_projects\All_StdlinkSec_SamR21_Atsamr21g18a_Rf233_8Mhz/Obj\bspUid.o
#
###############################################################################

D:\support_project\Qtouch_samr21_validation\BitCloud_SAMR21_3_2_0\BitCloud_SAMR21_3_2_0\BitCloud\Components\BSP\SAMR21\src\bspUid.c
      1          /**************************************************************************//**
      2            \file   bspUid.c
      3          
      4            \brief  Implementation of UID interface.
      5          
      6            \author
      7                Atmel Corporation: http://www.atmel.com \n
      8                Support email: avr@atmel.com
      9          
     10              Copyright (c) 2008-2015, Atmel Corporation. All rights reserved.
     11              Licensed under Atmel's Limited License Agreement (BitCloudTM).
     12          
     13            \internal
     14              History:
     15                07/04/14 karthik.p_u - Created
     16                14/05/14 karthik.p_u - Modified
     17           ******************************************************************************/
     18          /******************************************************************************
     19           *   WARNING: CHANGING THIS FILE MAY AFFECT CORE FUNCTIONALITY OF THE STACK.  *
     20           *   EXPERT USERS SHOULD PROCEED WITH CAUTION.                                *
     21           ******************************************************************************/
     22          
     23          #if BSP_SUPPORT != BOARD_FAKE
     24          
     25          #include <systypes.h>
     26          
     27          #if BSP_SUPPORT == BOARD_SAMR21_XPRO
     28          /******************************************************************************
     29                             Includes section
     30          ******************************************************************************/
     31          #include <gpio.h>
     32          #include <bspI2c.h>
     33          /******************************************************************************
     34                             Define(s) section
     35          ******************************************************************************/
     36          #define SLAVE_ADDRESS             0x28
     37          #define SLAVE_TOKEN_DATA_LENGTH   0x02
     38          #define IEEE_ADDRESS_LENGTH       0x08
     39          /******************************************************************************
     40                             Types section
     41          ******************************************************************************/
     42          
     43          /******************************************************************************
     44                             Global variables section
     45          ******************************************************************************/
     46          /* slave address and kit token */

   \                                 In section .data, align 4
     47          static uint8_t writeBuffer[SLAVE_TOKEN_DATA_LENGTH] = {0x51, 0xD2};
     48          static HAL_I2cDescriptor_t appI2cDescriptor;
   \                     appI2cDescriptor:
   \   00000000   0x00 0x00          DC8 0, 0, 0, 0, 0, 0, 0, 0, 0, 0, 0, 0, 0, 0, 0, 0
   \              0x00 0x00    
   \              0x00 0x00    
   \              0x00 0x00    
   \              0x00 0x00    
   \              0x00 0x00    
   \              0x00 0x00    
   \              0x00 0x00    
   \   00000010   0x00 0x00          DC8 0, 0, 0, 0, 0, 0, 0, 0, 0, 0, 0, 0
   \              0x00 0x00    
   \              0x00 0x00    
   \              0x00 0x00    
   \              0x00 0x00    
   \              0x00 0x00    
   \   0000001C   0x51 0xD2          DC8 81, 210
     49          
     50          /*******************************************************************************
     51                                       Prototypes section
     52          *******************************************************************************/
     53          static void userCallback(bool result);
     54          #endif // if BSP_SUPPORT == BOARD_SAMR21_XPRO
     55          
     56          /******************************************************************************
     57                             Implementations section
     58          ******************************************************************************/
     59          /*******************************************************************************
     60                                       Implementation section
     61          *******************************************************************************/
     62          /******************************************************************************
     63           Reads the MAC address from the EDBG through i2c 
     64           Parameters:
     65             id - UID buffer pointer.
     66           Returns:
     67             0 - if unique ID has been found without error;
     68            -1 - if there are some erros during UID discovery.
     69          ******************************************************************************/

   \                                 In section .text, align 2, keep-with-next
     70          int BSP_ReadUid(uint64_t *id)
     71          {
   \                     BSP_ReadUid: (+1)
   \   00000000   0xB538             PUSH     {R3-R5,LR}
   \   00000002   0x0004             MOVS     R4,R0
     72          #if BSP_SUPPORT == BOARD_SAMR21_XPRO
     73            int8_t status;
     74          
     75            appI2cDescriptor.tty             = TWI_CHANNEL_0;
   \   00000004   0x....             LDR      R5,??DataTable0
   \   00000006   0x....             LDR      R0,??DataTable0_1
   \   00000008   0x6068             STR      R0,[R5, #+4]
     76            appI2cDescriptor.clockRate       = I2C_CLOCK_RATE_100;  
   \   0000000A   0x2123             MOVS     R1,#+35
   \   0000000C   0x7229             STRB     R1,[R5, #+8]
     77            appI2cDescriptor.lengthAddr      = 1;
   \   0000000E   0x2101             MOVS     R1,#+1
   \   00000010   0x8229             STRH     R1,[R5, #+16]
     78            appI2cDescriptor.f               = userCallback;
   \   00000012   0x....             LDR      R1,??DataTable0_2
   \   00000014   0x61A9             STR      R1,[R5, #+24]
     79          
     80            appI2cDescriptor.internalAddr = SLAVE_ADDRESS;
   \   00000016   0x2128             MOVS     R1,#+40
   \   00000018   0x6169             STR      R1,[R5, #+20]
     81            appI2cDescriptor.data = writeBuffer;
   \   0000001A   0x0029             MOVS     R1,R5
   \   0000001C   0x311C             ADDS     R1,R1,#+28
   \   0000001E   0x60E9             STR      R1,[R5, #+12]
     82            appI2cDescriptor.length = SLAVE_TOKEN_DATA_LENGTH;
   \   00000020   0x2102             MOVS     R1,#+2
   \   00000022   0x8169             STRH     R1,[R5, #+10]
     83            
     84            BSP_BoardSpecificI2cPinInit(appI2cDescriptor.tty);
   \   00000024   0x.... 0x....      BL       BSP_BoardSpecificI2cPinInit
     85          
     86            if (!(status = HAL_OpenI2cPacket(&appI2cDescriptor)))
   \   00000028   0x0028             MOVS     R0,R5
   \   0000002A   0x.... 0x....      BL       HAL_OpenI2cPacket
   \   0000002E   0xB240             SXTB     R0,R0
   \   00000030   0x2800             CMP      R0,#+0
   \   00000032   0xD112             BNE      ??BSP_ReadUid_0
     87            {
     88              if (!(status = HAL_WriteI2cPacket(&appI2cDescriptor)))
   \   00000034   0x0028             MOVS     R0,R5
   \   00000036   0x.... 0x....      BL       HAL_WriteI2cPacket
   \   0000003A   0xB240             SXTB     R0,R0
   \   0000003C   0x2800             CMP      R0,#+0
   \   0000003E   0xD10C             BNE      ??BSP_ReadUid_0
     89              {
     90                appI2cDescriptor.data = (uint8_t*)id;
   \   00000040   0x60EC             STR      R4,[R5, #+12]
     91                appI2cDescriptor.length = IEEE_ADDRESS_LENGTH;
   \   00000042   0x2008             MOVS     R0,#+8
   \   00000044   0x8168             STRH     R0,[R5, #+10]
     92            
     93                if (!(status = HAL_ReadI2cPacket(&appI2cDescriptor)))
   \   00000046   0x0028             MOVS     R0,R5
   \   00000048   0x.... 0x....      BL       HAL_ReadI2cPacket
   \   0000004C   0xB240             SXTB     R0,R0
   \   0000004E   0x2800             CMP      R0,#+0
   \   00000050   0xD103             BNE      ??BSP_ReadUid_0
     94                {
     95                  HAL_CloseI2cPacket(&appI2cDescriptor);
   \   00000052   0x0028             MOVS     R0,R5
   \   00000054   0x.... 0x....      BL       HAL_CloseI2cPacket
     96                  return status;
   \   00000058   0x2000             MOVS     R0,#+0
     97                }
     98              }
     99            }
    100            return status;
   \                     ??BSP_ReadUid_0: (+1)
   \   0000005A   0xBD32             POP      {R1,R4,R5,PC}    ;; return
    101          #elif (BSP_SUPPORT == BOARD_SAMR21_CUSTOM) || (BSP_SUPPORT == BOARD_SAMR21_ZLLEK)
    102            (void)id;
    103            return 0;
    104          #endif
    105          }
    106            
    107          #if BSP_SUPPORT == BOARD_SAMR21_XPRO
    108          /**************************************************************************//**
    109          \brief User Call back
    110          ****************************************************************************/

   \                                 In section .text, align 2, keep-with-next
    111          static void userCallback(bool result)
    112          {
    113            /* user specific implementation can be added */
    114            (void)result;
    115          }
   \                     userCallback: (+1)
   \   00000000   0x4770             BX       LR               ;; return

   \                                 In section .text, align 4, keep-with-next
   \                     ??DataTable0:
   \   00000000   0x........         DC32     appI2cDescriptor

   \                                 In section .text, align 4, keep-with-next
   \                     ??DataTable0_1:
   \   00000000   0x........         DC32     twiChannel

   \                                 In section .text, align 4, keep-with-next
   \                     ??DataTable0_2:
   \   00000000   0x........         DC32     userCallback
    116          #endif // if BSP_SUPPORT == BOARD_SAMR21_XPRO
    117          
    118          #endif // if BSP_SUPPORT != BOARD_FAKE
    119          // eof bspUid.c

   Maximum stack usage in bytes:

   .cstack Function
   ------- --------
      16   BSP_ReadUid
        16   -> BSP_BoardSpecificI2cPinInit
        16   -> HAL_CloseI2cPacket
        16   -> HAL_OpenI2cPacket
        16   -> HAL_ReadI2cPacket
        16   -> HAL_WriteI2cPacket
       0   userCallback


   Section sizes:

   Bytes  Function/Label
   -----  --------------
       4  ??DataTable0
       4  ??DataTable0_1
       4  ??DataTable0_2
      92  BSP_ReadUid
      30  appI2cDescriptor
          writeBuffer
       2  userCallback

 
  30 bytes in section .data
 106 bytes in section .text
 
 106 bytes of CODE memory
  30 bytes of DATA memory

Errors: none
Warnings: none
