###############################################################################
#
# IAR ANSI C/C++ Compiler V7.30.4.8167/W32 for ARM        31/Mar/2015  18:40:01
# Copyright 1999-2014 IAR Systems AB.
#
#    Cpu mode     =  thumb
#    Endian       =  little
#    Source file  =  
#        D:\support_project\Qtouch_samr21_validation\BitCloud_SAMR21_3_2_0\BitCloud_SAMR21_3_2_0\BitCloud\Components\BSP\SAMR21\src\bspUsart.c
#    Command line =  
#        D:\support_project\Qtouch_samr21_validation\BitCloud_SAMR21_3_2_0\BitCloud_SAMR21_3_2_0\BitCloud\Components\BSP\SAMR21\src\bspUsart.c
#        -D BOARD_SAMR21 -D BOARD_QTOUCH_XPRO -D AT86RF233 -D ATSAMR21G18A -D
#        HAL_8MHz -D STACK_TYPE_ALL -D STDLINK_SECURITY_MODE -lC
#        D:\support_project\Qtouch_samr21_validation\BitCloud_SAMR21_3_2_0\BitCloud_SAMR21_3_2_0\Applications\HADevice\iar_projects\All_StdlinkSec_SamR21_Atsamr21g18a_Rf233_8Mhz/List\
#        --diag_suppress Pa050,Pe188 -o
#        D:\support_project\Qtouch_samr21_validation\BitCloud_SAMR21_3_2_0\BitCloud_SAMR21_3_2_0\Applications\HADevice\iar_projects\All_StdlinkSec_SamR21_Atsamr21g18a_Rf233_8Mhz/Obj\
#        --debug --endian=little --cpu=Cortex-M0+ -e --fpu=None --dlib_config
#        "C:\Program Files\IAR Systems\Embedded Workbench
#        7.30\arm\INC\c\DLib_Config_Full.h" --preinclude
#        MakerulesBc_All_StdlinkSec_Atsamr21g18a_Rf233_Iar.h -I
#        D:\support_project\Qtouch_samr21_validation\BitCloud_SAMR21_3_2_0\BitCloud_SAMR21_3_2_0\Applications\HADevice\iar_projects/..\
#        -I
#        D:\support_project\Qtouch_samr21_validation\BitCloud_SAMR21_3_2_0\BitCloud_SAMR21_3_2_0\Applications\HADevice\iar_projects/../dimmableLight/include\
#        -I
#        D:\support_project\Qtouch_samr21_validation\BitCloud_SAMR21_3_2_0\BitCloud_SAMR21_3_2_0\Applications\HADevice\iar_projects/../dimmerSwitch/include\
#        -I
#        D:\support_project\Qtouch_samr21_validation\BitCloud_SAMR21_3_2_0\BitCloud_SAMR21_3_2_0\Applications\HADevice\iar_projects/../multiSensor/include\
#        -I
#        D:\support_project\Qtouch_samr21_validation\BitCloud_SAMR21_3_2_0\BitCloud_SAMR21_3_2_0\Applications\HADevice\iar_projects/../thermostat/include\
#        -I
#        D:\support_project\Qtouch_samr21_validation\BitCloud_SAMR21_3_2_0\BitCloud_SAMR21_3_2_0\Applications\HADevice\iar_projects/../ias_ace/include\
#        -I
#        D:\support_project\Qtouch_samr21_validation\BitCloud_SAMR21_3_2_0\BitCloud_SAMR21_3_2_0\Applications\HADevice\iar_projects/../combinedInterface/include\
#        -I
#        D:\support_project\Qtouch_samr21_validation\BitCloud_SAMR21_3_2_0\BitCloud_SAMR21_3_2_0\Applications\HADevice\iar_projects/../common/include\
#        -I
#        D:\support_project\Qtouch_samr21_validation\BitCloud_SAMR21_3_2_0\BitCloud_SAMR21_3_2_0\Applications\HADevice\iar_projects/../common/clusters/include\
#        -I
#        D:\support_project\Qtouch_samr21_validation\BitCloud_SAMR21_3_2_0\BitCloud_SAMR21_3_2_0\Applications\HADevice\iar_projects/../../../BitCloud/Components/BSP/SAMR21/include\
#        -I
#        D:\support_project\Qtouch_samr21_validation\BitCloud_SAMR21_3_2_0\BitCloud_SAMR21_3_2_0\Applications\HADevice\iar_projects/../../../BitCloud/Components/SystemEnvironment/include\
#        -I
#        D:\support_project\Qtouch_samr21_validation\BitCloud_SAMR21_3_2_0\BitCloud_SAMR21_3_2_0\Applications\HADevice\iar_projects/../../../BitCloud/lib\
#        -I
#        D:\support_project\Qtouch_samr21_validation\BitCloud_SAMR21_3_2_0\BitCloud_SAMR21_3_2_0\Applications\HADevice\iar_projects/../../../BitCloud/Components/HAL/include\
#        -I
#        D:\support_project\Qtouch_samr21_validation\BitCloud_SAMR21_3_2_0\BitCloud_SAMR21_3_2_0\Applications\HADevice\iar_projects/../../../BitCloud/Components/BSP\
#        -I
#        D:\support_project\Qtouch_samr21_validation\BitCloud_SAMR21_3_2_0\BitCloud_SAMR21_3_2_0\Applications\HADevice\iar_projects/../../../BitCloud/Components/BSP/include\
#        -I
#        D:\support_project\Qtouch_samr21_validation\BitCloud_SAMR21_3_2_0\BitCloud_SAMR21_3_2_0\Applications\HADevice\iar_projects/../../../BitCloud/Components/BSP/QTouch_XPRO/include\
#        -I
#        D:\support_project\Qtouch_samr21_validation\BitCloud_SAMR21_3_2_0\BitCloud_SAMR21_3_2_0\Applications\HADevice\iar_projects/../../../BitCloud/Components/NWK/include\
#        -I
#        D:\support_project\Qtouch_samr21_validation\BitCloud_SAMR21_3_2_0\BitCloud_SAMR21_3_2_0\Applications\HADevice\iar_projects/../../../BitCloud/Components/NWK/include/private\
#        -I
#        D:\support_project\Qtouch_samr21_validation\BitCloud_SAMR21_3_2_0\BitCloud_SAMR21_3_2_0\Applications\HADevice\iar_projects/../../../BitCloud/Components/ZDO/include\
#        -I
#        D:\support_project\Qtouch_samr21_validation\BitCloud_SAMR21_3_2_0\BitCloud_SAMR21_3_2_0\Applications\HADevice\iar_projects/../../../BitCloud/Components/ZDO/include/private\
#        -I
#        D:\support_project\Qtouch_samr21_validation\BitCloud_SAMR21_3_2_0\BitCloud_SAMR21_3_2_0\Applications\HADevice\iar_projects/../../../BitCloud/Components/APS/include\
#        -I
#        D:\support_project\Qtouch_samr21_validation\BitCloud_SAMR21_3_2_0\BitCloud_SAMR21_3_2_0\Applications\HADevice\iar_projects/../../../BitCloud/Components/APS/include/private\
#        -I
#        D:\support_project\Qtouch_samr21_validation\BitCloud_SAMR21_3_2_0\BitCloud_SAMR21_3_2_0\Applications\HADevice\iar_projects/../../../BitCloud/Components/SystemEnvironment/include\
#        -I
#        D:\support_project\Qtouch_samr21_validation\BitCloud_SAMR21_3_2_0\BitCloud_SAMR21_3_2_0\Applications\HADevice\iar_projects/../../../BitCloud/Components/ConfigServer/include\
#        -I
#        D:\support_project\Qtouch_samr21_validation\BitCloud_SAMR21_3_2_0\BitCloud_SAMR21_3_2_0\Applications\HADevice\iar_projects/../../../BitCloud/Components/ConfigServer/include/private\
#        -I
#        D:\support_project\Qtouch_samr21_validation\BitCloud_SAMR21_3_2_0\BitCloud_SAMR21_3_2_0\Applications\HADevice\iar_projects/../../../BitCloud/Components/PersistDataServer/include\
#        -I
#        D:\support_project\Qtouch_samr21_validation\BitCloud_SAMR21_3_2_0\BitCloud_SAMR21_3_2_0\Applications\HADevice\iar_projects/../../../BitCloud/Components/PersistDataServer/std/include\
#        -I
#        D:\support_project\Qtouch_samr21_validation\BitCloud_SAMR21_3_2_0\BitCloud_SAMR21_3_2_0\Applications\HADevice\iar_projects/../../../BitCloud/Components/PersistDataServer/wl/include\
#        -I
#        D:\support_project\Qtouch_samr21_validation\BitCloud_SAMR21_3_2_0\BitCloud_SAMR21_3_2_0\Applications\HADevice\iar_projects/../../../BitCloud/Components/ZLLPlatform/Infrastructure/N_Types/include\
#        -I
#        D:\support_project\Qtouch_samr21_validation\BitCloud_SAMR21_3_2_0\BitCloud_SAMR21_3_2_0\Applications\HADevice\iar_projects/../../../BitCloud/Components/ZLLPlatform/Infrastructure/N_Util/include\
#        -I
#        D:\support_project\Qtouch_samr21_validation\BitCloud_SAMR21_3_2_0\BitCloud_SAMR21_3_2_0\Applications\HADevice\iar_projects/../../../BitCloud/Components/ZLLPlatform/Infrastructure/N_Timer/include\
#        -I
#        D:\support_project\Qtouch_samr21_validation\BitCloud_SAMR21_3_2_0\BitCloud_SAMR21_3_2_0\Applications\HADevice\iar_projects/../../../BitCloud/Components/ZLLPlatform/Infrastructure/N_Task/include\
#        -I
#        D:\support_project\Qtouch_samr21_validation\BitCloud_SAMR21_3_2_0\BitCloud_SAMR21_3_2_0\Applications\HADevice\iar_projects/../../../BitCloud/Components/ZLLPlatform/Infrastructure/N_ErrH/include\
#        -I
#        D:\support_project\Qtouch_samr21_validation\BitCloud_SAMR21_3_2_0\BitCloud_SAMR21_3_2_0\Applications\HADevice\iar_projects/../../../BitCloud/Components/ZLLPlatform/Infrastructure/N_Log/include\
#        -I
#        D:\support_project\Qtouch_samr21_validation\BitCloud_SAMR21_3_2_0\BitCloud_SAMR21_3_2_0\Applications\HADevice\iar_projects/../../../BitCloud/Components/ZLLPlatform/Infrastructure/N_Memory/include\
#        -I
#        D:\support_project\Qtouch_samr21_validation\BitCloud_SAMR21_3_2_0\BitCloud_SAMR21_3_2_0\Applications\HADevice\iar_projects/../../../BitCloud/Components/ZLLPlatform/Infrastructure/N_Init/include\
#        -I
#        D:\support_project\Qtouch_samr21_validation\BitCloud_SAMR21_3_2_0\BitCloud_SAMR21_3_2_0\Applications\HADevice\iar_projects/../../../BitCloud/Components/ZLLPlatform/ZLL/S_Nv/include\
#        -I
#        D:\support_project\Qtouch_samr21_validation\BitCloud_SAMR21_3_2_0\BitCloud_SAMR21_3_2_0\Applications\HADevice\iar_projects/../../../BitCloud/Components/ZLLPlatform/ZLL/S_XNv/include\
#        -I
#        D:\support_project\Qtouch_samr21_validation\BitCloud_SAMR21_3_2_0\BitCloud_SAMR21_3_2_0\Applications\HADevice\iar_projects/../../../BitCloud/Components/ZLLPlatform/ZLL/D_Nv/include\
#        -I
#        D:\support_project\Qtouch_samr21_validation\BitCloud_SAMR21_3_2_0\BitCloud_SAMR21_3_2_0\Applications\HADevice\iar_projects/../../../BitCloud/Components/ZLLPlatform/ZLL/D_XNv/include\
#        -I
#        D:\support_project\Qtouch_samr21_validation\BitCloud_SAMR21_3_2_0\BitCloud_SAMR21_3_2_0\Applications\HADevice\iar_projects/../../../BitCloud/Components/ZLLPlatform/ZLL/D_XNv/src\
#        -I
#        D:\support_project\Qtouch_samr21_validation\BitCloud_SAMR21_3_2_0\BitCloud_SAMR21_3_2_0\Applications\HADevice\iar_projects/../../../BitCloud/Components/ZLLPlatform/ZLL/S_XNv/src\
#        -I
#        D:\support_project\Qtouch_samr21_validation\BitCloud_SAMR21_3_2_0\BitCloud_SAMR21_3_2_0\Applications\HADevice\iar_projects/../../../BitCloud/Components/Security/TrustCentre/include\
#        -I
#        D:\support_project\Qtouch_samr21_validation\BitCloud_SAMR21_3_2_0\BitCloud_SAMR21_3_2_0\Applications\HADevice\iar_projects/../../../BitCloud/Components/Security/ServiceProvider/include\
#        -I
#        D:\support_project\Qtouch_samr21_validation\BitCloud_SAMR21_3_2_0\BitCloud_SAMR21_3_2_0\Applications\HADevice\iar_projects/../../../BitCloud/Components/HAL/drivers/include\
#        -I
#        D:\support_project\Qtouch_samr21_validation\BitCloud_SAMR21_3_2_0\BitCloud_SAMR21_3_2_0\Applications\HADevice\iar_projects/../../../BitCloud/Components/HAL/drivers/VCP/include\
#        -I
#        D:\support_project\Qtouch_samr21_validation\BitCloud_SAMR21_3_2_0\BitCloud_SAMR21_3_2_0\Applications\HADevice\iar_projects/../../../BitCloud/Components/HAL/cortexm0+/atsamr21/common/include\
#        -I
#        D:\support_project\Qtouch_samr21_validation\BitCloud_SAMR21_3_2_0\BitCloud_SAMR21_3_2_0\Applications\HADevice\iar_projects/../../../BitCloud/Components/ZCL/include/private\
#        -I
#        D:\support_project\Qtouch_samr21_validation\BitCloud_SAMR21_3_2_0\BitCloud_SAMR21_3_2_0\Applications\HADevice\iar_projects/../../../BitCloud/Components/ZCL/include\
#        -I
#        D:\support_project\Qtouch_samr21_validation\BitCloud_SAMR21_3_2_0\BitCloud_SAMR21_3_2_0\Applications\HADevice\iar_projects/../../../BitCloud/Components/MAC_PHY/include\
#        -I
#        D:\support_project\Qtouch_samr21_validation\BitCloud_SAMR21_3_2_0\BitCloud_SAMR21_3_2_0\Applications\HADevice\iar_projects/../../../BitCloud/Components/MAC_PHY/MAC_ENV/include\
#        -I
#        D:\support_project\Qtouch_samr21_validation\BitCloud_SAMR21_3_2_0\BitCloud_SAMR21_3_2_0\Applications\HADevice\iar_projects/../../../BitCloud/Components/MAC_PHY/MAC_HWI/include\
#        -I
#        D:\support_project\Qtouch_samr21_validation\BitCloud_SAMR21_3_2_0\BitCloud_SAMR21_3_2_0\Applications\HADevice\iar_projects/../../../BitCloud/Components/MAC_PHY/MAC_HWD_PHY/include\
#        -I
#        D:\support_project\Qtouch_samr21_validation\BitCloud_SAMR21_3_2_0\BitCloud_SAMR21_3_2_0\Applications\HADevice\iar_projects/../../../BitCloud/Components/MAC_PHY/MAC_HWD_PHY/RF231_RF212/PHY/include\
#        -I
#        D:\support_project\Qtouch_samr21_validation\BitCloud_SAMR21_3_2_0\BitCloud_SAMR21_3_2_0\Applications\HADevice\iar_projects/../../../BitCloud/Components/MAC_PHY/MAC_HWD_PHY/RF231_RF212/MAC_HWD/include\
#        -Ohz --use_c++_inline
#    List file    =  
#        D:\support_project\Qtouch_samr21_validation\BitCloud_SAMR21_3_2_0\BitCloud_SAMR21_3_2_0\Applications\HADevice\iar_projects\All_StdlinkSec_SamR21_Atsamr21g18a_Rf233_8Mhz/List\bspUsart.lst
#    Object file  =  
#        D:\support_project\Qtouch_samr21_validation\BitCloud_SAMR21_3_2_0\BitCloud_SAMR21_3_2_0\Applications\HADevice\iar_projects\All_StdlinkSec_SamR21_Atsamr21g18a_Rf233_8Mhz/Obj\bspUsart.o
#
###############################################################################

D:\support_project\Qtouch_samr21_validation\BitCloud_SAMR21_3_2_0\BitCloud_SAMR21_3_2_0\BitCloud\Components\BSP\SAMR21\src\bspUsart.c
      1          /**************************************************************************//**
      2            \file   bspUart.c
      3          
      4            \brief  Implementation of board specific usart pin configuration
      5          
      6            \author
      7                Atmel Corporation: http://www.atmel.com \n
      8                Support email: avr@atmel.com
      9          
     10              Copyright (c) 2008-2015, Atmel Corporation. All rights reserved.
     11              Licensed under Atmel's Limited License Agreement (BitCloudTM).
     12          
     13            \internal
     14              History:
     15                01/04/14 Agasthian - Created
     16           ******************************************************************************/
     17          /******************************************************************************
     18           *   WARNING: CHANGING THIS FILE MAY AFFECT CORE FUNCTIONALITY OF THE STACK.  *
     19           *   EXPERT USERS SHOULD PROCEED WITH CAUTION.                                *
     20           ******************************************************************************/
     21          #if BSP_SUPPORT != BOARD_FAKE
     22          /******************************************************************************
     23                             Includes section
     24          ******************************************************************************/
     25          #include <usart.h>
     26          
     27          /******************************************************************************
     28                             Implementations section
     29          ******************************************************************************/
     30          /**************************************************************************//**
     31          \brief Configure the usart pin based on the board
     32          ******************************************************************************/

   \                                 In section .text, align 4, keep-with-next
     33          void BSP_BoardSpecificUsartPinInit(UsartChannel_t tty)
     34          {
   \                     BSP_BoardSpecificUsartPinInit: (+1)
   \   00000000   0xB530             PUSH     {R4,R5,LR}
     35            // configure uart
     36            if (tty == USART_CHANNEL_0)
   \   00000002   0x2101             MOVS     R1,#+1
   \   00000004   0x2303             MOVS     R3,#+3
   \   00000006   0x2200             MOVS     R2,#+0
   \   00000008   0x4C15             LDR      R4,??BSP_BoardSpecificUsartPinInit_0  ;; 0x42000800
   \   0000000A   0x4D16             LDR      R5,??BSP_BoardSpecificUsartPinInit_0+0x4
   \   0000000C   0x42A8             CMP      R0,R5
   \   0000000E   0xD10B             BNE      ??BSP_BoardSpecificUsartPinInit_1
     37            {
     38          #if (BSP_SUPPORT == BOARD_SAMR21_XPRO) || (BSP_SUPPORT == BOARD_SAMR21_ZLLEK)
     39              tty->sercom = &(SERCOM0->USART);
   \   00000010   0x6004             STR      R4,[R0, #+0]
     40              tty->usartPinConfig[USART_TX_SIG].pinNum = 4;
   \   00000012   0x2404             MOVS     R4,#+4
   \   00000014   0x7144             STRB     R4,[R0, #+5]
     41              tty->usartPinConfig[USART_TX_SIG].portNum = PORT_A;
   \   00000016   0x7102             STRB     R2,[R0, #+4]
     42              tty->usartPinConfig[USART_TX_SIG].functionConfig = 3;
   \   00000018   0x7183             STRB     R3,[R0, #+6]
     43              tty->usartPinConfig[USART_RX_SIG].pinNum = 5;
   \   0000001A   0x2405             MOVS     R4,#+5
   \   0000001C   0x7204             STRB     R4,[R0, #+8]
     44              tty->usartPinConfig[USART_RX_SIG].portNum = PORT_A;
   \   0000001E   0x71C2             STRB     R2,[R0, #+7]
     45              tty->usartPinConfig[USART_RX_SIG].functionConfig = 3;
   \   00000020   0x7243             STRB     R3,[R0, #+9]
     46              tty->rxPadConfig = 1;
   \   00000022   0x7581             STRB     R1,[R0, #+22]
     47              tty->txPadConfig = 0;
   \   00000024   0x75C2             STRB     R2,[R0, #+23]
   \   00000026   0xE00D             B        ??BSP_BoardSpecificUsartPinInit_2
     48          #elif (BSP_SUPPORT == BOARD_SAMR21_CUSTOM)
     49              tty->sercom = &(SERCOM1->USART);
     50              tty->usartPinConfig[USART_TX_SIG].pinNum = 17;
     51              tty->usartPinConfig[USART_TX_SIG].portNum = PORT_A;
     52              tty->usartPinConfig[USART_TX_SIG].functionConfig = 2;
     53              tty->usartPinConfig[USART_RX_SIG].pinNum = 16;
     54              tty->usartPinConfig[USART_RX_SIG].portNum = PORT_A;
     55              tty->usartPinConfig[USART_RX_SIG].functionConfig = 2;
     56              tty->rxPadConfig = 1;
     57              tty->txPadConfig = 0;
     58          #endif
     59            }
     60            else if (tty == USART_CHANNEL_1)
   \                     ??BSP_BoardSpecificUsartPinInit_1: (+1)
   \   00000028   0x3518             ADDS     R5,R5,#+24
   \   0000002A   0x42A8             CMP      R0,R5
   \   0000002C   0xD10A             BNE      ??BSP_BoardSpecificUsartPinInit_2
     61            {
     62          #if BSP_SUPPORT == BOARD_SAMR21_ZLLEK
     63              tty->sercom = &(SERCOM3->USART);
     64              tty->usartPinConfig[USART_TX_SIG].pinNum = 27;
     65              tty->usartPinConfig[USART_TX_SIG].portNum = PORT_A;
     66              tty->usartPinConfig[USART_TX_SIG].functionConfig = 5;
     67              
     68              tty->usartPinConfig[USART_RX_SIG].pinNum = 28;
     69              tty->usartPinConfig[USART_RX_SIG].portNum = PORT_A;
     70              tty->usartPinConfig[USART_RX_SIG].functionConfig = 5;
     71              
     72              tty->usartPinConfig[USART_RTS_SIG].pinNum = 24;
     73              tty->usartPinConfig[USART_RTS_SIG].portNum = PORT_A;
     74              tty->usartPinConfig[USART_RTS_SIG].functionConfig = 2;
     75              
     76              tty->usartPinConfig[USART_CTS_SIG].pinNum = 25;
     77              tty->usartPinConfig[USART_CTS_SIG].portNum = PORT_A;
     78              tty->usartPinConfig[USART_CTS_SIG].functionConfig = 2;
     79          
     80              tty->rxPadConfig = 1;
     81              tty->txPadConfig = 2;
     82          #elif BSP_SUPPORT == BOARD_SAMR21_XPRO
     83              tty->sercom = &(SERCOM0->USART);
   \   0000002E   0x6004             STR      R4,[R0, #+0]
     84              tty->usartPinConfig[USART_TX_SIG].pinNum = 6;
   \   00000030   0x2406             MOVS     R4,#+6
   \   00000032   0x7144             STRB     R4,[R0, #+5]
     85              tty->usartPinConfig[USART_TX_SIG].portNum = PORT_A;
   \   00000034   0x7102             STRB     R2,[R0, #+4]
     86              tty->usartPinConfig[USART_TX_SIG].functionConfig = 3;
   \   00000036   0x7183             STRB     R3,[R0, #+6]
     87              tty->usartPinConfig[USART_RX_SIG].pinNum = 7;
   \   00000038   0x2407             MOVS     R4,#+7
   \   0000003A   0x7204             STRB     R4,[R0, #+8]
     88              tty->usartPinConfig[USART_RX_SIG].portNum = PORT_A;
   \   0000003C   0x71C2             STRB     R2,[R0, #+7]
     89              tty->usartPinConfig[USART_RX_SIG].functionConfig = 3;
   \   0000003E   0x7243             STRB     R3,[R0, #+9]
     90              tty->rxPadConfig = 3;
   \   00000040   0x7583             STRB     R3,[R0, #+22]
     91              tty->txPadConfig = 1;    
   \   00000042   0x75C1             STRB     R1,[R0, #+23]
     92          #endif
     93            }
     94          #ifdef BOARD_QTOUCH_XPRO
     95              tty->sercom = &(SERCOM1->USART);
   \                     ??BSP_BoardSpecificUsartPinInit_2: (+1)
   \   00000044   0x4B08             LDR      R3,??BSP_BoardSpecificUsartPinInit_0+0x8  ;; 0x42000c00
   \   00000046   0x6003             STR      R3,[R0, #+0]
     96              tty->usartPinConfig[USART_TX_SIG].pinNum = 17;
   \   00000048   0x2311             MOVS     R3,#+17
   \   0000004A   0x7143             STRB     R3,[R0, #+5]
     97              tty->usartPinConfig[USART_TX_SIG].portNum = PORT_A;
   \   0000004C   0x7102             STRB     R2,[R0, #+4]
     98              tty->usartPinConfig[USART_TX_SIG].functionConfig = 2;
   \   0000004E   0x2302             MOVS     R3,#+2
   \   00000050   0x7183             STRB     R3,[R0, #+6]
     99              tty->usartPinConfig[USART_RX_SIG].pinNum = 16;
   \   00000052   0x2410             MOVS     R4,#+16
   \   00000054   0x7204             STRB     R4,[R0, #+8]
    100              tty->usartPinConfig[USART_RX_SIG].portNum = PORT_A;
   \   00000056   0x71C2             STRB     R2,[R0, #+7]
    101              tty->usartPinConfig[USART_RX_SIG].functionConfig = 2;
   \   00000058   0x7243             STRB     R3,[R0, #+9]
    102              tty->rxPadConfig = 1;
   \   0000005A   0x7581             STRB     R1,[R0, #+22]
    103              tty->txPadConfig = 0;
   \   0000005C   0x75C2             STRB     R2,[R0, #+23]
    104          #endif   
    105          }
   \   0000005E   0xBD30             POP      {R4,R5,PC}       ;; return
   \                     ??BSP_BoardSpecificUsartPinInit_0:
   \   00000060   0x42000800         DC32     0x42000800
   \   00000064   0x........         DC32     usartChannel
   \   00000068   0x42000C00         DC32     0x42000c00
    106          #endif // if BSP_SUPPORT != BOARD_FAKE
    107          // eof bspUsart.c

   Maximum stack usage in bytes:

   .cstack Function
   ------- --------
      12   BSP_BoardSpecificUsartPinInit


   Section sizes:

   Bytes  Function/Label
   -----  --------------
     108  BSP_BoardSpecificUsartPinInit

 
 108 bytes in section .text
 
 108 bytes of CODE memory

Errors: none
Warnings: none
