###############################################################################
#
# IAR ANSI C/C++ Compiler V7.30.4.8167/W32 for ARM        31/Mar/2015  18:40:01
# Copyright 1999-2014 IAR Systems AB.
#
#    Cpu mode     =  thumb
#    Endian       =  little
#    Source file  =  
#        D:\support_project\Qtouch_samr21_validation\BitCloud_SAMR21_3_2_0\BitCloud_SAMR21_3_2_0\BitCloud\Components\BSP\SAMR21\src\bspVoltageSensor.c
#    Command line =  
#        D:\support_project\Qtouch_samr21_validation\BitCloud_SAMR21_3_2_0\BitCloud_SAMR21_3_2_0\BitCloud\Components\BSP\SAMR21\src\bspVoltageSensor.c
#        -D BOARD_SAMR21 -D BOARD_QTOUCH_XPRO -D AT86RF233 -D ATSAMR21G18A -D
#        HAL_8MHz -D STACK_TYPE_ALL -D STDLINK_SECURITY_MODE -lC
#        D:\support_project\Qtouch_samr21_validation\BitCloud_SAMR21_3_2_0\BitCloud_SAMR21_3_2_0\Applications\HADevice\iar_projects\All_StdlinkSec_SamR21_Atsamr21g18a_Rf233_8Mhz/List\
#        --diag_suppress Pa050,Pe188 -o
#        D:\support_project\Qtouch_samr21_validation\BitCloud_SAMR21_3_2_0\BitCloud_SAMR21_3_2_0\Applications\HADevice\iar_projects\All_StdlinkSec_SamR21_Atsamr21g18a_Rf233_8Mhz/Obj\
#        --debug --endian=little --cpu=Cortex-M0+ -e --fpu=None --dlib_config
#        "C:\Program Files\IAR Systems\Embedded Workbench
#        7.30\arm\INC\c\DLib_Config_Full.h" --preinclude
#        MakerulesBc_All_StdlinkSec_Atsamr21g18a_Rf233_Iar.h -I
#        D:\support_project\Qtouch_samr21_validation\BitCloud_SAMR21_3_2_0\BitCloud_SAMR21_3_2_0\Applications\HADevice\iar_projects/..\
#        -I
#        D:\support_project\Qtouch_samr21_validation\BitCloud_SAMR21_3_2_0\BitCloud_SAMR21_3_2_0\Applications\HADevice\iar_projects/../dimmableLight/include\
#        -I
#        D:\support_project\Qtouch_samr21_validation\BitCloud_SAMR21_3_2_0\BitCloud_SAMR21_3_2_0\Applications\HADevice\iar_projects/../dimmerSwitch/include\
#        -I
#        D:\support_project\Qtouch_samr21_validation\BitCloud_SAMR21_3_2_0\BitCloud_SAMR21_3_2_0\Applications\HADevice\iar_projects/../multiSensor/include\
#        -I
#        D:\support_project\Qtouch_samr21_validation\BitCloud_SAMR21_3_2_0\BitCloud_SAMR21_3_2_0\Applications\HADevice\iar_projects/../thermostat/include\
#        -I
#        D:\support_project\Qtouch_samr21_validation\BitCloud_SAMR21_3_2_0\BitCloud_SAMR21_3_2_0\Applications\HADevice\iar_projects/../ias_ace/include\
#        -I
#        D:\support_project\Qtouch_samr21_validation\BitCloud_SAMR21_3_2_0\BitCloud_SAMR21_3_2_0\Applications\HADevice\iar_projects/../combinedInterface/include\
#        -I
#        D:\support_project\Qtouch_samr21_validation\BitCloud_SAMR21_3_2_0\BitCloud_SAMR21_3_2_0\Applications\HADevice\iar_projects/../common/include\
#        -I
#        D:\support_project\Qtouch_samr21_validation\BitCloud_SAMR21_3_2_0\BitCloud_SAMR21_3_2_0\Applications\HADevice\iar_projects/../common/clusters/include\
#        -I
#        D:\support_project\Qtouch_samr21_validation\BitCloud_SAMR21_3_2_0\BitCloud_SAMR21_3_2_0\Applications\HADevice\iar_projects/../../../BitCloud/Components/BSP/SAMR21/include\
#        -I
#        D:\support_project\Qtouch_samr21_validation\BitCloud_SAMR21_3_2_0\BitCloud_SAMR21_3_2_0\Applications\HADevice\iar_projects/../../../BitCloud/Components/SystemEnvironment/include\
#        -I
#        D:\support_project\Qtouch_samr21_validation\BitCloud_SAMR21_3_2_0\BitCloud_SAMR21_3_2_0\Applications\HADevice\iar_projects/../../../BitCloud/lib\
#        -I
#        D:\support_project\Qtouch_samr21_validation\BitCloud_SAMR21_3_2_0\BitCloud_SAMR21_3_2_0\Applications\HADevice\iar_projects/../../../BitCloud/Components/HAL/include\
#        -I
#        D:\support_project\Qtouch_samr21_validation\BitCloud_SAMR21_3_2_0\BitCloud_SAMR21_3_2_0\Applications\HADevice\iar_projects/../../../BitCloud/Components/BSP\
#        -I
#        D:\support_project\Qtouch_samr21_validation\BitCloud_SAMR21_3_2_0\BitCloud_SAMR21_3_2_0\Applications\HADevice\iar_projects/../../../BitCloud/Components/BSP/include\
#        -I
#        D:\support_project\Qtouch_samr21_validation\BitCloud_SAMR21_3_2_0\BitCloud_SAMR21_3_2_0\Applications\HADevice\iar_projects/../../../BitCloud/Components/BSP/QTouch_XPRO/include\
#        -I
#        D:\support_project\Qtouch_samr21_validation\BitCloud_SAMR21_3_2_0\BitCloud_SAMR21_3_2_0\Applications\HADevice\iar_projects/../../../BitCloud/Components/NWK/include\
#        -I
#        D:\support_project\Qtouch_samr21_validation\BitCloud_SAMR21_3_2_0\BitCloud_SAMR21_3_2_0\Applications\HADevice\iar_projects/../../../BitCloud/Components/NWK/include/private\
#        -I
#        D:\support_project\Qtouch_samr21_validation\BitCloud_SAMR21_3_2_0\BitCloud_SAMR21_3_2_0\Applications\HADevice\iar_projects/../../../BitCloud/Components/ZDO/include\
#        -I
#        D:\support_project\Qtouch_samr21_validation\BitCloud_SAMR21_3_2_0\BitCloud_SAMR21_3_2_0\Applications\HADevice\iar_projects/../../../BitCloud/Components/ZDO/include/private\
#        -I
#        D:\support_project\Qtouch_samr21_validation\BitCloud_SAMR21_3_2_0\BitCloud_SAMR21_3_2_0\Applications\HADevice\iar_projects/../../../BitCloud/Components/APS/include\
#        -I
#        D:\support_project\Qtouch_samr21_validation\BitCloud_SAMR21_3_2_0\BitCloud_SAMR21_3_2_0\Applications\HADevice\iar_projects/../../../BitCloud/Components/APS/include/private\
#        -I
#        D:\support_project\Qtouch_samr21_validation\BitCloud_SAMR21_3_2_0\BitCloud_SAMR21_3_2_0\Applications\HADevice\iar_projects/../../../BitCloud/Components/SystemEnvironment/include\
#        -I
#        D:\support_project\Qtouch_samr21_validation\BitCloud_SAMR21_3_2_0\BitCloud_SAMR21_3_2_0\Applications\HADevice\iar_projects/../../../BitCloud/Components/ConfigServer/include\
#        -I
#        D:\support_project\Qtouch_samr21_validation\BitCloud_SAMR21_3_2_0\BitCloud_SAMR21_3_2_0\Applications\HADevice\iar_projects/../../../BitCloud/Components/ConfigServer/include/private\
#        -I
#        D:\support_project\Qtouch_samr21_validation\BitCloud_SAMR21_3_2_0\BitCloud_SAMR21_3_2_0\Applications\HADevice\iar_projects/../../../BitCloud/Components/PersistDataServer/include\
#        -I
#        D:\support_project\Qtouch_samr21_validation\BitCloud_SAMR21_3_2_0\BitCloud_SAMR21_3_2_0\Applications\HADevice\iar_projects/../../../BitCloud/Components/PersistDataServer/std/include\
#        -I
#        D:\support_project\Qtouch_samr21_validation\BitCloud_SAMR21_3_2_0\BitCloud_SAMR21_3_2_0\Applications\HADevice\iar_projects/../../../BitCloud/Components/PersistDataServer/wl/include\
#        -I
#        D:\support_project\Qtouch_samr21_validation\BitCloud_SAMR21_3_2_0\BitCloud_SAMR21_3_2_0\Applications\HADevice\iar_projects/../../../BitCloud/Components/ZLLPlatform/Infrastructure/N_Types/include\
#        -I
#        D:\support_project\Qtouch_samr21_validation\BitCloud_SAMR21_3_2_0\BitCloud_SAMR21_3_2_0\Applications\HADevice\iar_projects/../../../BitCloud/Components/ZLLPlatform/Infrastructure/N_Util/include\
#        -I
#        D:\support_project\Qtouch_samr21_validation\BitCloud_SAMR21_3_2_0\BitCloud_SAMR21_3_2_0\Applications\HADevice\iar_projects/../../../BitCloud/Components/ZLLPlatform/Infrastructure/N_Timer/include\
#        -I
#        D:\support_project\Qtouch_samr21_validation\BitCloud_SAMR21_3_2_0\BitCloud_SAMR21_3_2_0\Applications\HADevice\iar_projects/../../../BitCloud/Components/ZLLPlatform/Infrastructure/N_Task/include\
#        -I
#        D:\support_project\Qtouch_samr21_validation\BitCloud_SAMR21_3_2_0\BitCloud_SAMR21_3_2_0\Applications\HADevice\iar_projects/../../../BitCloud/Components/ZLLPlatform/Infrastructure/N_ErrH/include\
#        -I
#        D:\support_project\Qtouch_samr21_validation\BitCloud_SAMR21_3_2_0\BitCloud_SAMR21_3_2_0\Applications\HADevice\iar_projects/../../../BitCloud/Components/ZLLPlatform/Infrastructure/N_Log/include\
#        -I
#        D:\support_project\Qtouch_samr21_validation\BitCloud_SAMR21_3_2_0\BitCloud_SAMR21_3_2_0\Applications\HADevice\iar_projects/../../../BitCloud/Components/ZLLPlatform/Infrastructure/N_Memory/include\
#        -I
#        D:\support_project\Qtouch_samr21_validation\BitCloud_SAMR21_3_2_0\BitCloud_SAMR21_3_2_0\Applications\HADevice\iar_projects/../../../BitCloud/Components/ZLLPlatform/Infrastructure/N_Init/include\
#        -I
#        D:\support_project\Qtouch_samr21_validation\BitCloud_SAMR21_3_2_0\BitCloud_SAMR21_3_2_0\Applications\HADevice\iar_projects/../../../BitCloud/Components/ZLLPlatform/ZLL/S_Nv/include\
#        -I
#        D:\support_project\Qtouch_samr21_validation\BitCloud_SAMR21_3_2_0\BitCloud_SAMR21_3_2_0\Applications\HADevice\iar_projects/../../../BitCloud/Components/ZLLPlatform/ZLL/S_XNv/include\
#        -I
#        D:\support_project\Qtouch_samr21_validation\BitCloud_SAMR21_3_2_0\BitCloud_SAMR21_3_2_0\Applications\HADevice\iar_projects/../../../BitCloud/Components/ZLLPlatform/ZLL/D_Nv/include\
#        -I
#        D:\support_project\Qtouch_samr21_validation\BitCloud_SAMR21_3_2_0\BitCloud_SAMR21_3_2_0\Applications\HADevice\iar_projects/../../../BitCloud/Components/ZLLPlatform/ZLL/D_XNv/include\
#        -I
#        D:\support_project\Qtouch_samr21_validation\BitCloud_SAMR21_3_2_0\BitCloud_SAMR21_3_2_0\Applications\HADevice\iar_projects/../../../BitCloud/Components/ZLLPlatform/ZLL/D_XNv/src\
#        -I
#        D:\support_project\Qtouch_samr21_validation\BitCloud_SAMR21_3_2_0\BitCloud_SAMR21_3_2_0\Applications\HADevice\iar_projects/../../../BitCloud/Components/ZLLPlatform/ZLL/S_XNv/src\
#        -I
#        D:\support_project\Qtouch_samr21_validation\BitCloud_SAMR21_3_2_0\BitCloud_SAMR21_3_2_0\Applications\HADevice\iar_projects/../../../BitCloud/Components/Security/TrustCentre/include\
#        -I
#        D:\support_project\Qtouch_samr21_validation\BitCloud_SAMR21_3_2_0\BitCloud_SAMR21_3_2_0\Applications\HADevice\iar_projects/../../../BitCloud/Components/Security/ServiceProvider/include\
#        -I
#        D:\support_project\Qtouch_samr21_validation\BitCloud_SAMR21_3_2_0\BitCloud_SAMR21_3_2_0\Applications\HADevice\iar_projects/../../../BitCloud/Components/HAL/drivers/include\
#        -I
#        D:\support_project\Qtouch_samr21_validation\BitCloud_SAMR21_3_2_0\BitCloud_SAMR21_3_2_0\Applications\HADevice\iar_projects/../../../BitCloud/Components/HAL/drivers/VCP/include\
#        -I
#        D:\support_project\Qtouch_samr21_validation\BitCloud_SAMR21_3_2_0\BitCloud_SAMR21_3_2_0\Applications\HADevice\iar_projects/../../../BitCloud/Components/HAL/cortexm0+/atsamr21/common/include\
#        -I
#        D:\support_project\Qtouch_samr21_validation\BitCloud_SAMR21_3_2_0\BitCloud_SAMR21_3_2_0\Applications\HADevice\iar_projects/../../../BitCloud/Components/ZCL/include/private\
#        -I
#        D:\support_project\Qtouch_samr21_validation\BitCloud_SAMR21_3_2_0\BitCloud_SAMR21_3_2_0\Applications\HADevice\iar_projects/../../../BitCloud/Components/ZCL/include\
#        -I
#        D:\support_project\Qtouch_samr21_validation\BitCloud_SAMR21_3_2_0\BitCloud_SAMR21_3_2_0\Applications\HADevice\iar_projects/../../../BitCloud/Components/MAC_PHY/include\
#        -I
#        D:\support_project\Qtouch_samr21_validation\BitCloud_SAMR21_3_2_0\BitCloud_SAMR21_3_2_0\Applications\HADevice\iar_projects/../../../BitCloud/Components/MAC_PHY/MAC_ENV/include\
#        -I
#        D:\support_project\Qtouch_samr21_validation\BitCloud_SAMR21_3_2_0\BitCloud_SAMR21_3_2_0\Applications\HADevice\iar_projects/../../../BitCloud/Components/MAC_PHY/MAC_HWI/include\
#        -I
#        D:\support_project\Qtouch_samr21_validation\BitCloud_SAMR21_3_2_0\BitCloud_SAMR21_3_2_0\Applications\HADevice\iar_projects/../../../BitCloud/Components/MAC_PHY/MAC_HWD_PHY/include\
#        -I
#        D:\support_project\Qtouch_samr21_validation\BitCloud_SAMR21_3_2_0\BitCloud_SAMR21_3_2_0\Applications\HADevice\iar_projects/../../../BitCloud/Components/MAC_PHY/MAC_HWD_PHY/RF231_RF212/PHY/include\
#        -I
#        D:\support_project\Qtouch_samr21_validation\BitCloud_SAMR21_3_2_0\BitCloud_SAMR21_3_2_0\Applications\HADevice\iar_projects/../../../BitCloud/Components/MAC_PHY/MAC_HWD_PHY/RF231_RF212/MAC_HWD/include\
#        -Ohz --use_c++_inline
#    List file    =  
#        D:\support_project\Qtouch_samr21_validation\BitCloud_SAMR21_3_2_0\BitCloud_SAMR21_3_2_0\Applications\HADevice\iar_projects\All_StdlinkSec_SamR21_Atsamr21g18a_Rf233_8Mhz/List\bspVoltageSensor.lst
#    Object file  =  
#        D:\support_project\Qtouch_samr21_validation\BitCloud_SAMR21_3_2_0\BitCloud_SAMR21_3_2_0\Applications\HADevice\iar_projects\All_StdlinkSec_SamR21_Atsamr21g18a_Rf233_8Mhz/Obj\bspVoltageSensor.o
#
###############################################################################

D:\support_project\Qtouch_samr21_validation\BitCloud_SAMR21_3_2_0\BitCloud_SAMR21_3_2_0\BitCloud\Components\BSP\SAMR21\src\bspVoltageSensor.c
      1          /**************************************************************************//**
      2            \file   bspVoltageSensor.c
      3          
      4            \brief  Implementation of Voltage sensor interface.
      5          
      6            \author
      7                Atmel Corporation: http://www.atmel.com \n
      8                Support email: avr@atmel.com
      9          
     10              Copyright (c) 2008-2015, Atmel Corporation. All rights reserved.
     11              Licensed under Atmel's Limited License Agreement (BitCloudTM).
     12          
     13            \internal
     14              History:
     15                18/11/14 Prashanth - Created
     16           ******************************************************************************/
     17          #if BSP_SUPPORT != BOARD_FAKE
     18          /******************************************************************************
     19                             includes section
     20          ******************************************************************************/
     21          #include <systypes.h>
     22          #include <stdlib.h>
     23          #include <bspVoltageSensor.h>
     24          
     25          /**************************************************************************//**
     26            \brief Reads Voltage in millivolts
     27            \param value - pointer to the value to be written.
     28            \return none
     29          ******************************************************************************/

   \                                 In section .text, align 2, keep-with-next
     30          void BSP_ReadVoltageSensor(uint16_t *value)
     31          {
   \                     BSP_ReadVoltageSensor: (+1)
   \   00000000   0xB510             PUSH     {R4,LR}
   \   00000002   0x0004             MOVS     R4,R0
     32            /* Read measured Voltage sensor */
     33            *value = (uint16_t)rand();
   \   00000004   0x.... 0x....      BL       rand
   \   00000008   0x8020             STRH     R0,[R4, #+0]
     34          }
   \   0000000A   0xBD10             POP      {R4,PC}          ;; return
     35          
     36          /**************************************************************************//**
     37            \brief Reads Battery percentage in percentage
     38            \param value - pointer to the value to be written.
     39            \return none
     40          ******************************************************************************/

   \                                 In section .text, align 2, keep-with-next
     41          void BSP_ReadBatPercentageRemaining(uint8_t *value)
     42          {
   \                     BSP_ReadBatPercentageRemaining: (+1)
   \   00000000   0xB510             PUSH     {R4,LR}
   \   00000002   0x0004             MOVS     R4,R0
     43            /* Read Battery percentage */
     44            *value = (uint8_t)rand();
   \   00000004   0x.... 0x....      BL       rand
   \   00000008   0x7020             STRB     R0,[R4, #+0]
     45          }
   \   0000000A   0xBD10             POP      {R4,PC}          ;; return
     46          
     47          /**************************************************************************//**
     48            \brief Initializes Voltage sensor
     49            \param none
     50            \return none
     51          ******************************************************************************/

   \                                 In section .text, align 2, keep-with-next
     52          void BSP_OpenVoltageSensor(void)
     53          {
     54            /* To do Voltage sensor initialization and measurement */
     55          }
   \                     BSP_OpenVoltageSensor: (+1)
   \   00000000   0x4770             BX       LR               ;; return
     56          /**************************************************************************//**
     57            \brief stops measuring the voltage
     58            \param none
     59            \return none
     60          ******************************************************************************/

   \                                 In section .text, align 2, keep-with-next
     61          void BSP_CloseVoltageSensor(void)
     62          {
     63            /* To do stop measuring */
     64          }
   \                     BSP_CloseVoltageSensor: (+1)
   \   00000000   0x4770             BX       LR               ;; return
     65          #endif // BSP_SUPPORT != BOARD_FAKE
     66          
     67          // eof bspVoltageSensor.h

   Maximum stack usage in bytes:

   .cstack Function
   ------- --------
       0   BSP_CloseVoltageSensor
       0   BSP_OpenVoltageSensor
       8   BSP_ReadBatPercentageRemaining
         8   -> rand
       8   BSP_ReadVoltageSensor
         8   -> rand


   Section sizes:

   Bytes  Function/Label
   -----  --------------
       2  BSP_CloseVoltageSensor
       2  BSP_OpenVoltageSensor
      12  BSP_ReadBatPercentageRemaining
      12  BSP_ReadVoltageSensor

 
 28 bytes in section .text
 
 28 bytes of CODE memory

Errors: none
Warnings: none
