###############################################################################
#
# IAR ANSI C/C++ Compiler V7.30.4.8167/W32 for ARM        31/Mar/2015  18:40:04
# Copyright 1999-2014 IAR Systems AB.
#
#    Cpu mode     =  thumb
#    Endian       =  little
#    Source file  =  
#        D:\support_project\Qtouch_samr21_validation\BitCloud_SAMR21_3_2_0\BitCloud_SAMR21_3_2_0\Applications\HADevice\combinedInterface\src\ciClusters.c
#    Command line =  
#        D:\support_project\Qtouch_samr21_validation\BitCloud_SAMR21_3_2_0\BitCloud_SAMR21_3_2_0\Applications\HADevice\combinedInterface\src\ciClusters.c
#        -D BOARD_SAMR21 -D BOARD_QTOUCH_XPRO -D AT86RF233 -D ATSAMR21G18A -D
#        HAL_8MHz -D STACK_TYPE_ALL -D STDLINK_SECURITY_MODE -lC
#        D:\support_project\Qtouch_samr21_validation\BitCloud_SAMR21_3_2_0\BitCloud_SAMR21_3_2_0\Applications\HADevice\iar_projects\All_StdlinkSec_SamR21_Atsamr21g18a_Rf233_8Mhz/List\
#        --diag_suppress Pa050,Pe188 -o
#        D:\support_project\Qtouch_samr21_validation\BitCloud_SAMR21_3_2_0\BitCloud_SAMR21_3_2_0\Applications\HADevice\iar_projects\All_StdlinkSec_SamR21_Atsamr21g18a_Rf233_8Mhz/Obj\
#        --debug --endian=little --cpu=Cortex-M0+ -e --fpu=None --dlib_config
#        "C:\Program Files\IAR Systems\Embedded Workbench
#        7.30\arm\INC\c\DLib_Config_Full.h" --preinclude
#        MakerulesBc_All_StdlinkSec_Atsamr21g18a_Rf233_Iar.h -I
#        D:\support_project\Qtouch_samr21_validation\BitCloud_SAMR21_3_2_0\BitCloud_SAMR21_3_2_0\Applications\HADevice\iar_projects/..\
#        -I
#        D:\support_project\Qtouch_samr21_validation\BitCloud_SAMR21_3_2_0\BitCloud_SAMR21_3_2_0\Applications\HADevice\iar_projects/../dimmableLight/include\
#        -I
#        D:\support_project\Qtouch_samr21_validation\BitCloud_SAMR21_3_2_0\BitCloud_SAMR21_3_2_0\Applications\HADevice\iar_projects/../dimmerSwitch/include\
#        -I
#        D:\support_project\Qtouch_samr21_validation\BitCloud_SAMR21_3_2_0\BitCloud_SAMR21_3_2_0\Applications\HADevice\iar_projects/../multiSensor/include\
#        -I
#        D:\support_project\Qtouch_samr21_validation\BitCloud_SAMR21_3_2_0\BitCloud_SAMR21_3_2_0\Applications\HADevice\iar_projects/../thermostat/include\
#        -I
#        D:\support_project\Qtouch_samr21_validation\BitCloud_SAMR21_3_2_0\BitCloud_SAMR21_3_2_0\Applications\HADevice\iar_projects/../ias_ace/include\
#        -I
#        D:\support_project\Qtouch_samr21_validation\BitCloud_SAMR21_3_2_0\BitCloud_SAMR21_3_2_0\Applications\HADevice\iar_projects/../combinedInterface/include\
#        -I
#        D:\support_project\Qtouch_samr21_validation\BitCloud_SAMR21_3_2_0\BitCloud_SAMR21_3_2_0\Applications\HADevice\iar_projects/../common/include\
#        -I
#        D:\support_project\Qtouch_samr21_validation\BitCloud_SAMR21_3_2_0\BitCloud_SAMR21_3_2_0\Applications\HADevice\iar_projects/../common/clusters/include\
#        -I
#        D:\support_project\Qtouch_samr21_validation\BitCloud_SAMR21_3_2_0\BitCloud_SAMR21_3_2_0\Applications\HADevice\iar_projects/../../../BitCloud/Components/BSP/SAMR21/include\
#        -I
#        D:\support_project\Qtouch_samr21_validation\BitCloud_SAMR21_3_2_0\BitCloud_SAMR21_3_2_0\Applications\HADevice\iar_projects/../../../BitCloud/Components/SystemEnvironment/include\
#        -I
#        D:\support_project\Qtouch_samr21_validation\BitCloud_SAMR21_3_2_0\BitCloud_SAMR21_3_2_0\Applications\HADevice\iar_projects/../../../BitCloud/lib\
#        -I
#        D:\support_project\Qtouch_samr21_validation\BitCloud_SAMR21_3_2_0\BitCloud_SAMR21_3_2_0\Applications\HADevice\iar_projects/../../../BitCloud/Components/HAL/include\
#        -I
#        D:\support_project\Qtouch_samr21_validation\BitCloud_SAMR21_3_2_0\BitCloud_SAMR21_3_2_0\Applications\HADevice\iar_projects/../../../BitCloud/Components/BSP\
#        -I
#        D:\support_project\Qtouch_samr21_validation\BitCloud_SAMR21_3_2_0\BitCloud_SAMR21_3_2_0\Applications\HADevice\iar_projects/../../../BitCloud/Components/BSP/include\
#        -I
#        D:\support_project\Qtouch_samr21_validation\BitCloud_SAMR21_3_2_0\BitCloud_SAMR21_3_2_0\Applications\HADevice\iar_projects/../../../BitCloud/Components/BSP/QTouch_XPRO/include\
#        -I
#        D:\support_project\Qtouch_samr21_validation\BitCloud_SAMR21_3_2_0\BitCloud_SAMR21_3_2_0\Applications\HADevice\iar_projects/../../../BitCloud/Components/NWK/include\
#        -I
#        D:\support_project\Qtouch_samr21_validation\BitCloud_SAMR21_3_2_0\BitCloud_SAMR21_3_2_0\Applications\HADevice\iar_projects/../../../BitCloud/Components/NWK/include/private\
#        -I
#        D:\support_project\Qtouch_samr21_validation\BitCloud_SAMR21_3_2_0\BitCloud_SAMR21_3_2_0\Applications\HADevice\iar_projects/../../../BitCloud/Components/ZDO/include\
#        -I
#        D:\support_project\Qtouch_samr21_validation\BitCloud_SAMR21_3_2_0\BitCloud_SAMR21_3_2_0\Applications\HADevice\iar_projects/../../../BitCloud/Components/ZDO/include/private\
#        -I
#        D:\support_project\Qtouch_samr21_validation\BitCloud_SAMR21_3_2_0\BitCloud_SAMR21_3_2_0\Applications\HADevice\iar_projects/../../../BitCloud/Components/APS/include\
#        -I
#        D:\support_project\Qtouch_samr21_validation\BitCloud_SAMR21_3_2_0\BitCloud_SAMR21_3_2_0\Applications\HADevice\iar_projects/../../../BitCloud/Components/APS/include/private\
#        -I
#        D:\support_project\Qtouch_samr21_validation\BitCloud_SAMR21_3_2_0\BitCloud_SAMR21_3_2_0\Applications\HADevice\iar_projects/../../../BitCloud/Components/SystemEnvironment/include\
#        -I
#        D:\support_project\Qtouch_samr21_validation\BitCloud_SAMR21_3_2_0\BitCloud_SAMR21_3_2_0\Applications\HADevice\iar_projects/../../../BitCloud/Components/ConfigServer/include\
#        -I
#        D:\support_project\Qtouch_samr21_validation\BitCloud_SAMR21_3_2_0\BitCloud_SAMR21_3_2_0\Applications\HADevice\iar_projects/../../../BitCloud/Components/ConfigServer/include/private\
#        -I
#        D:\support_project\Qtouch_samr21_validation\BitCloud_SAMR21_3_2_0\BitCloud_SAMR21_3_2_0\Applications\HADevice\iar_projects/../../../BitCloud/Components/PersistDataServer/include\
#        -I
#        D:\support_project\Qtouch_samr21_validation\BitCloud_SAMR21_3_2_0\BitCloud_SAMR21_3_2_0\Applications\HADevice\iar_projects/../../../BitCloud/Components/PersistDataServer/std/include\
#        -I
#        D:\support_project\Qtouch_samr21_validation\BitCloud_SAMR21_3_2_0\BitCloud_SAMR21_3_2_0\Applications\HADevice\iar_projects/../../../BitCloud/Components/PersistDataServer/wl/include\
#        -I
#        D:\support_project\Qtouch_samr21_validation\BitCloud_SAMR21_3_2_0\BitCloud_SAMR21_3_2_0\Applications\HADevice\iar_projects/../../../BitCloud/Components/ZLLPlatform/Infrastructure/N_Types/include\
#        -I
#        D:\support_project\Qtouch_samr21_validation\BitCloud_SAMR21_3_2_0\BitCloud_SAMR21_3_2_0\Applications\HADevice\iar_projects/../../../BitCloud/Components/ZLLPlatform/Infrastructure/N_Util/include\
#        -I
#        D:\support_project\Qtouch_samr21_validation\BitCloud_SAMR21_3_2_0\BitCloud_SAMR21_3_2_0\Applications\HADevice\iar_projects/../../../BitCloud/Components/ZLLPlatform/Infrastructure/N_Timer/include\
#        -I
#        D:\support_project\Qtouch_samr21_validation\BitCloud_SAMR21_3_2_0\BitCloud_SAMR21_3_2_0\Applications\HADevice\iar_projects/../../../BitCloud/Components/ZLLPlatform/Infrastructure/N_Task/include\
#        -I
#        D:\support_project\Qtouch_samr21_validation\BitCloud_SAMR21_3_2_0\BitCloud_SAMR21_3_2_0\Applications\HADevice\iar_projects/../../../BitCloud/Components/ZLLPlatform/Infrastructure/N_ErrH/include\
#        -I
#        D:\support_project\Qtouch_samr21_validation\BitCloud_SAMR21_3_2_0\BitCloud_SAMR21_3_2_0\Applications\HADevice\iar_projects/../../../BitCloud/Components/ZLLPlatform/Infrastructure/N_Log/include\
#        -I
#        D:\support_project\Qtouch_samr21_validation\BitCloud_SAMR21_3_2_0\BitCloud_SAMR21_3_2_0\Applications\HADevice\iar_projects/../../../BitCloud/Components/ZLLPlatform/Infrastructure/N_Memory/include\
#        -I
#        D:\support_project\Qtouch_samr21_validation\BitCloud_SAMR21_3_2_0\BitCloud_SAMR21_3_2_0\Applications\HADevice\iar_projects/../../../BitCloud/Components/ZLLPlatform/Infrastructure/N_Init/include\
#        -I
#        D:\support_project\Qtouch_samr21_validation\BitCloud_SAMR21_3_2_0\BitCloud_SAMR21_3_2_0\Applications\HADevice\iar_projects/../../../BitCloud/Components/ZLLPlatform/ZLL/S_Nv/include\
#        -I
#        D:\support_project\Qtouch_samr21_validation\BitCloud_SAMR21_3_2_0\BitCloud_SAMR21_3_2_0\Applications\HADevice\iar_projects/../../../BitCloud/Components/ZLLPlatform/ZLL/S_XNv/include\
#        -I
#        D:\support_project\Qtouch_samr21_validation\BitCloud_SAMR21_3_2_0\BitCloud_SAMR21_3_2_0\Applications\HADevice\iar_projects/../../../BitCloud/Components/ZLLPlatform/ZLL/D_Nv/include\
#        -I
#        D:\support_project\Qtouch_samr21_validation\BitCloud_SAMR21_3_2_0\BitCloud_SAMR21_3_2_0\Applications\HADevice\iar_projects/../../../BitCloud/Components/ZLLPlatform/ZLL/D_XNv/include\
#        -I
#        D:\support_project\Qtouch_samr21_validation\BitCloud_SAMR21_3_2_0\BitCloud_SAMR21_3_2_0\Applications\HADevice\iar_projects/../../../BitCloud/Components/ZLLPlatform/ZLL/D_XNv/src\
#        -I
#        D:\support_project\Qtouch_samr21_validation\BitCloud_SAMR21_3_2_0\BitCloud_SAMR21_3_2_0\Applications\HADevice\iar_projects/../../../BitCloud/Components/ZLLPlatform/ZLL/S_XNv/src\
#        -I
#        D:\support_project\Qtouch_samr21_validation\BitCloud_SAMR21_3_2_0\BitCloud_SAMR21_3_2_0\Applications\HADevice\iar_projects/../../../BitCloud/Components/Security/TrustCentre/include\
#        -I
#        D:\support_project\Qtouch_samr21_validation\BitCloud_SAMR21_3_2_0\BitCloud_SAMR21_3_2_0\Applications\HADevice\iar_projects/../../../BitCloud/Components/Security/ServiceProvider/include\
#        -I
#        D:\support_project\Qtouch_samr21_validation\BitCloud_SAMR21_3_2_0\BitCloud_SAMR21_3_2_0\Applications\HADevice\iar_projects/../../../BitCloud/Components/HAL/drivers/include\
#        -I
#        D:\support_project\Qtouch_samr21_validation\BitCloud_SAMR21_3_2_0\BitCloud_SAMR21_3_2_0\Applications\HADevice\iar_projects/../../../BitCloud/Components/HAL/drivers/VCP/include\
#        -I
#        D:\support_project\Qtouch_samr21_validation\BitCloud_SAMR21_3_2_0\BitCloud_SAMR21_3_2_0\Applications\HADevice\iar_projects/../../../BitCloud/Components/HAL/cortexm0+/atsamr21/common/include\
#        -I
#        D:\support_project\Qtouch_samr21_validation\BitCloud_SAMR21_3_2_0\BitCloud_SAMR21_3_2_0\Applications\HADevice\iar_projects/../../../BitCloud/Components/ZCL/include/private\
#        -I
#        D:\support_project\Qtouch_samr21_validation\BitCloud_SAMR21_3_2_0\BitCloud_SAMR21_3_2_0\Applications\HADevice\iar_projects/../../../BitCloud/Components/ZCL/include\
#        -I
#        D:\support_project\Qtouch_samr21_validation\BitCloud_SAMR21_3_2_0\BitCloud_SAMR21_3_2_0\Applications\HADevice\iar_projects/../../../BitCloud/Components/MAC_PHY/include\
#        -I
#        D:\support_project\Qtouch_samr21_validation\BitCloud_SAMR21_3_2_0\BitCloud_SAMR21_3_2_0\Applications\HADevice\iar_projects/../../../BitCloud/Components/MAC_PHY/MAC_ENV/include\
#        -I
#        D:\support_project\Qtouch_samr21_validation\BitCloud_SAMR21_3_2_0\BitCloud_SAMR21_3_2_0\Applications\HADevice\iar_projects/../../../BitCloud/Components/MAC_PHY/MAC_HWI/include\
#        -I
#        D:\support_project\Qtouch_samr21_validation\BitCloud_SAMR21_3_2_0\BitCloud_SAMR21_3_2_0\Applications\HADevice\iar_projects/../../../BitCloud/Components/MAC_PHY/MAC_HWD_PHY/include\
#        -I
#        D:\support_project\Qtouch_samr21_validation\BitCloud_SAMR21_3_2_0\BitCloud_SAMR21_3_2_0\Applications\HADevice\iar_projects/../../../BitCloud/Components/MAC_PHY/MAC_HWD_PHY/RF231_RF212/PHY/include\
#        -I
#        D:\support_project\Qtouch_samr21_validation\BitCloud_SAMR21_3_2_0\BitCloud_SAMR21_3_2_0\Applications\HADevice\iar_projects/../../../BitCloud/Components/MAC_PHY/MAC_HWD_PHY/RF231_RF212/MAC_HWD/include\
#        -Ohz --use_c++_inline
#    List file    =  
#        D:\support_project\Qtouch_samr21_validation\BitCloud_SAMR21_3_2_0\BitCloud_SAMR21_3_2_0\Applications\HADevice\iar_projects\All_StdlinkSec_SamR21_Atsamr21g18a_Rf233_8Mhz/List\ciClusters.lst
#    Object file  =  
#        D:\support_project\Qtouch_samr21_validation\BitCloud_SAMR21_3_2_0\BitCloud_SAMR21_3_2_0\Applications\HADevice\iar_projects\All_StdlinkSec_SamR21_Atsamr21g18a_Rf233_8Mhz/Obj\ciClusters.o
#
###############################################################################

D:\support_project\Qtouch_samr21_validation\BitCloud_SAMR21_3_2_0\BitCloud_SAMR21_3_2_0\Applications\HADevice\combinedInterface\src\ciClusters.c
      1          /**************************************************************************//**
      2            \file ciClusters.c
      3          
      4            \brief
      5              Combined Interface clusters implementation.
      6          
      7            \author
      8              Atmel Corporation: http://www.atmel.com \n
      9              Support email: avr@atmel.com
     10          
     11            Copyright (c) 2008-2013, Atmel Corporation. All rights reserved.
     12            Licensed under Atmel's Limited License Agreement (BitCloudTM).
     13          
     14            \internal
     15              History:
     16              03.09.13 N. Fomin - Created.
     17          ******************************************************************************/
     18          
     19          #ifdef APP_DEVICE_TYPE_COMBINED_INTERFACE
     20          /******************************************************************************
     21                              Includes section
     22          ******************************************************************************/
     23          #include <haClusters.h>
     24          #include <ciClusters.h>
     25          #include <basicCluster.h>
     26          #include <identifyCluster.h>
     27          #include <ciBasicCluster.h>
     28          #include <ciIdentifyCluster.h>
     29          #include <ciOnOffCluster.h>
     30          #include <ciLevelControlCluster.h>
     31          #include <ciGroupsCluster.h>
     32          #include <ciScenesCluster.h>
     33          #include <ciOccupancySensingCluster.h>
     34          #include <ciTemperatureMeasurementCluster.h>
     35          #include <ciHumidityMeasurementCluster.h>
     36          #include <ciIlluminanceMeasurementCluster.h>
     37          #include <ciThermostatCluster.h>
     38          #include <ciThermostatUiConfCluster.h>
     39          #include <ciDiagnosticsCluster.h>
     40          #include <ciFanControlCluster.h>
     41          #include <ciPowerConfigurationCluster.h>
     42          #include <ciTimeCluster.h>
     43          #include <ciAlarmsCluster.h>
     44          #include <ciIasZoneCluster.h>
     45          #include <ciIasACECluster.h>
     46          
     47          
     48          /******************************************************************************
     49                              Global variables
     50          ******************************************************************************/
     51          ZCL_Cluster_t ciServerClusters[CI_SERVER_CLUSTERS_COUNT] =
     52          {
     53            ZCL_DEFINE_BASIC_CLUSTER_SERVER(&ciBasicClusterServerAttributes, &ciBasicClusterServerCommands),
     54            DEFINE_IDENTIFY_CLUSTER(ZCL_SERVER_CLUSTER_TYPE, &ciIdentifyClusterServerAttributes, &ciIdentifyCommands),
     55            DEFINE_TIME_CLUSTER(ZCL_SERVER_CLUSTER_TYPE, &ciTimeClusterServerAttributes, NULL),
     56            DEFINE_IAS_ACE_CLUSTER(ZCL_SERVER_CLUSTER_TYPE, NULL, &ciIASACEClusterCommands),
     57          };
     58          
     59          void (*ciServerClusterInitFunctions[CI_SERVER_CLUSTER_INIT_COUNT])() =
     60          {
     61            basicClusterInit,
     62            identifyClusterInit,
     63            timeClusterInit,
     64            iasACEClusterInit
     65          };
     66          
     67          ZCL_Cluster_t ciClientClusters[CI_CLIENT_CLUSTERS_COUNT] =
     68          {
     69            ZCL_DEFINE_BASIC_CLUSTER_CLIENT(),
     70            DEFINE_IDENTIFY_CLUSTER(ZCL_CLIENT_CLUSTER_TYPE, NULL, &ciIdentifyCommands),
     71            DEFINE_ONOFF_CLUSTER(ZCL_CLIENT_CLUSTER_TYPE, NULL, &ciOnOffCommands),
     72            DEFINE_LEVEL_CONTROL_CLUSTER(ZCL_CLIENT_CLUSTER_TYPE, NULL, &ciLevelControlCommands),
     73            DEFINE_GROUPS_CLUSTER(ZCL_CLIENT_CLUSTER_TYPE, NULL, &ciGroupsCommands),
     74            DEFINE_SCENES_CLUSTER(ZCL_CLIENT_CLUSTER_TYPE, NULL, &ciScenesCommands),
     75            DEFINE_OCCUPANCY_SENSING_CLUSTER(ZCL_CLIENT_CLUSTER_TYPE, NULL, NULL),
     76            DEFINE_TEMPERATURE_MEASUREMENT_CLUSTER(ZCL_CLIENT_CLUSTER_TYPE, NULL),
     77            DEFINE_HUMIDITY_MEASUREMENT_CLUSTER(ZCL_CLIENT_CLUSTER_TYPE, NULL),
     78            DEFINE_ILLUMINANCE_MEASUREMENT_CLUSTER(ZCL_CLIENT_CLUSTER_TYPE, NULL),
     79            DEFINE_THERMOSTAT_CLUSTER(ZCL_CLIENT_CLUSTER_TYPE, NULL, NULL),
     80            DEFINE_THERMOSTAT_UI_CONF_CLUSTER(ZCL_CLIENT_CLUSTER_TYPE, NULL, NULL),
     81            DEFINE_DIAGNOSTICS_CLUSTER(ZCL_CLIENT_CLUSTER_TYPE, NULL, NULL),
     82            DEFINE_ALARMS_CLUSTER(ZCL_CLIENT_CLUSTER_TYPE, NULL, &ciAlarmsCommands),
     83            DEFINE_POWER_CONFIGURATION_CLUSTER(ZCL_CLIENT_CLUSTER_TYPE, NULL, NULL),
     84            DEFINE_FAN_CONTROL_CLUSTER(ZCL_CLIENT_CLUSTER_TYPE, NULL, NULL),
     85            DEFINE_IAS_ZONE_CLUSTER(ZCL_CLIENT_CLUSTER_TYPE, NULL, &ciIASZoneClusterServerCommands),
     86          };
     87          
     88          ClusterId_t   ciServerClusterIds[CI_SERVER_CLUSTERS_COUNT] =
     89          {
     90            BASIC_CLUSTER_ID,
     91            IDENTIFY_CLUSTER_ID,
     92            TIME_CLUSTER_ID,
     93            IAS_ACE_CLUSTER_ID,
     94          #ifdef OTAU_SERVER
     95            OTAU_CLUSTER_ID, // Always should be on last position in list of clusters ID.
     96          #endif // OTAU_SERVER
     97          };
     98          ClusterId_t   ciClientClusterIds[CI_CLIENT_CLUSTERS_COUNT] =
     99          {
    100            BASIC_CLUSTER_ID,
    101            IDENTIFY_CLUSTER_ID,
    102            ONOFF_CLUSTER_ID,
    103            LEVEL_CONTROL_CLUSTER_ID,
    104            GROUPS_CLUSTER_ID,
    105            SCENES_CLUSTER_ID,
    106            OCCUPANCY_SENSING_CLUSTER_ID,
    107            TEMPERATURE_MEASUREMENT_CLUSTER_ID,
    108            HUMIDITY_MEASUREMENT_CLUSTER_ID,
    109            ILLUMINANCE_MEASUREMENT_CLUSTER_ID,
    110            THERMOSTAT_CLUSTER_ID,
    111            THERMOSTAT_UI_CONF_CLUSTER_ID,
    112            DIAGNOSTICS_CLUSTER_ID,
    113            ALARMS_CLUSTER_ID,
    114            POWER_CONFIGURATION_CLUSTER_ID,
    115            FAN_CONTROL_CLUSTER_ID,
    116            IAS_ZONE_CLUSTER_ID,
    117          };
    118          
    119          #endif // APP_DEVICE_TYPE_COMBINED_INTERFACE
    120          
    121          // eof ciClusters.c


 

 


Errors: none
Warnings: none
