###############################################################################
#
# IAR ANSI C/C++ Compiler V7.30.4.8167/W32 for ARM        31/Mar/2015  18:40:31
# Copyright 1999-2014 IAR Systems AB.
#
#    Cpu mode     =  thumb
#    Endian       =  little
#    Source file  =  
#        D:\support_project\Qtouch_samr21_validation\BitCloud_SAMR21_3_2_0\BitCloud_SAMR21_3_2_0\BitCloud\Components\BSP\SAMR21\src\hs2xy.c
#    Command line =  
#        D:\support_project\Qtouch_samr21_validation\BitCloud_SAMR21_3_2_0\BitCloud_SAMR21_3_2_0\BitCloud\Components\BSP\SAMR21\src\hs2xy.c
#        -D BOARD_SAMR21 -D BOARD_QTOUCH_XPRO -D AT86RF233 -D ATSAMR21G18A -D
#        HAL_8MHz -D STACK_TYPE_ALL -D STDLINK_SECURITY_MODE -lC
#        D:\support_project\Qtouch_samr21_validation\BitCloud_SAMR21_3_2_0\BitCloud_SAMR21_3_2_0\Applications\HADevice\iar_projects\All_StdlinkSec_SamR21_Atsamr21g18a_Rf233_8Mhz/List\
#        --diag_suppress Pa050,Pe188 -o
#        D:\support_project\Qtouch_samr21_validation\BitCloud_SAMR21_3_2_0\BitCloud_SAMR21_3_2_0\Applications\HADevice\iar_projects\All_StdlinkSec_SamR21_Atsamr21g18a_Rf233_8Mhz/Obj\
#        --debug --endian=little --cpu=Cortex-M0+ -e --fpu=None --dlib_config
#        "C:\Program Files\IAR Systems\Embedded Workbench
#        7.30\arm\INC\c\DLib_Config_Full.h" --preinclude
#        MakerulesBc_All_StdlinkSec_Atsamr21g18a_Rf233_Iar.h -I
#        D:\support_project\Qtouch_samr21_validation\BitCloud_SAMR21_3_2_0\BitCloud_SAMR21_3_2_0\Applications\HADevice\iar_projects/..\
#        -I
#        D:\support_project\Qtouch_samr21_validation\BitCloud_SAMR21_3_2_0\BitCloud_SAMR21_3_2_0\Applications\HADevice\iar_projects/../dimmableLight/include\
#        -I
#        D:\support_project\Qtouch_samr21_validation\BitCloud_SAMR21_3_2_0\BitCloud_SAMR21_3_2_0\Applications\HADevice\iar_projects/../dimmerSwitch/include\
#        -I
#        D:\support_project\Qtouch_samr21_validation\BitCloud_SAMR21_3_2_0\BitCloud_SAMR21_3_2_0\Applications\HADevice\iar_projects/../multiSensor/include\
#        -I
#        D:\support_project\Qtouch_samr21_validation\BitCloud_SAMR21_3_2_0\BitCloud_SAMR21_3_2_0\Applications\HADevice\iar_projects/../thermostat/include\
#        -I
#        D:\support_project\Qtouch_samr21_validation\BitCloud_SAMR21_3_2_0\BitCloud_SAMR21_3_2_0\Applications\HADevice\iar_projects/../ias_ace/include\
#        -I
#        D:\support_project\Qtouch_samr21_validation\BitCloud_SAMR21_3_2_0\BitCloud_SAMR21_3_2_0\Applications\HADevice\iar_projects/../combinedInterface/include\
#        -I
#        D:\support_project\Qtouch_samr21_validation\BitCloud_SAMR21_3_2_0\BitCloud_SAMR21_3_2_0\Applications\HADevice\iar_projects/../common/include\
#        -I
#        D:\support_project\Qtouch_samr21_validation\BitCloud_SAMR21_3_2_0\BitCloud_SAMR21_3_2_0\Applications\HADevice\iar_projects/../common/clusters/include\
#        -I
#        D:\support_project\Qtouch_samr21_validation\BitCloud_SAMR21_3_2_0\BitCloud_SAMR21_3_2_0\Applications\HADevice\iar_projects/../../../BitCloud/Components/BSP/SAMR21/include\
#        -I
#        D:\support_project\Qtouch_samr21_validation\BitCloud_SAMR21_3_2_0\BitCloud_SAMR21_3_2_0\Applications\HADevice\iar_projects/../../../BitCloud/Components/SystemEnvironment/include\
#        -I
#        D:\support_project\Qtouch_samr21_validation\BitCloud_SAMR21_3_2_0\BitCloud_SAMR21_3_2_0\Applications\HADevice\iar_projects/../../../BitCloud/lib\
#        -I
#        D:\support_project\Qtouch_samr21_validation\BitCloud_SAMR21_3_2_0\BitCloud_SAMR21_3_2_0\Applications\HADevice\iar_projects/../../../BitCloud/Components/HAL/include\
#        -I
#        D:\support_project\Qtouch_samr21_validation\BitCloud_SAMR21_3_2_0\BitCloud_SAMR21_3_2_0\Applications\HADevice\iar_projects/../../../BitCloud/Components/BSP\
#        -I
#        D:\support_project\Qtouch_samr21_validation\BitCloud_SAMR21_3_2_0\BitCloud_SAMR21_3_2_0\Applications\HADevice\iar_projects/../../../BitCloud/Components/BSP/include\
#        -I
#        D:\support_project\Qtouch_samr21_validation\BitCloud_SAMR21_3_2_0\BitCloud_SAMR21_3_2_0\Applications\HADevice\iar_projects/../../../BitCloud/Components/BSP/QTouch_XPRO/include\
#        -I
#        D:\support_project\Qtouch_samr21_validation\BitCloud_SAMR21_3_2_0\BitCloud_SAMR21_3_2_0\Applications\HADevice\iar_projects/../../../BitCloud/Components/NWK/include\
#        -I
#        D:\support_project\Qtouch_samr21_validation\BitCloud_SAMR21_3_2_0\BitCloud_SAMR21_3_2_0\Applications\HADevice\iar_projects/../../../BitCloud/Components/NWK/include/private\
#        -I
#        D:\support_project\Qtouch_samr21_validation\BitCloud_SAMR21_3_2_0\BitCloud_SAMR21_3_2_0\Applications\HADevice\iar_projects/../../../BitCloud/Components/ZDO/include\
#        -I
#        D:\support_project\Qtouch_samr21_validation\BitCloud_SAMR21_3_2_0\BitCloud_SAMR21_3_2_0\Applications\HADevice\iar_projects/../../../BitCloud/Components/ZDO/include/private\
#        -I
#        D:\support_project\Qtouch_samr21_validation\BitCloud_SAMR21_3_2_0\BitCloud_SAMR21_3_2_0\Applications\HADevice\iar_projects/../../../BitCloud/Components/APS/include\
#        -I
#        D:\support_project\Qtouch_samr21_validation\BitCloud_SAMR21_3_2_0\BitCloud_SAMR21_3_2_0\Applications\HADevice\iar_projects/../../../BitCloud/Components/APS/include/private\
#        -I
#        D:\support_project\Qtouch_samr21_validation\BitCloud_SAMR21_3_2_0\BitCloud_SAMR21_3_2_0\Applications\HADevice\iar_projects/../../../BitCloud/Components/SystemEnvironment/include\
#        -I
#        D:\support_project\Qtouch_samr21_validation\BitCloud_SAMR21_3_2_0\BitCloud_SAMR21_3_2_0\Applications\HADevice\iar_projects/../../../BitCloud/Components/ConfigServer/include\
#        -I
#        D:\support_project\Qtouch_samr21_validation\BitCloud_SAMR21_3_2_0\BitCloud_SAMR21_3_2_0\Applications\HADevice\iar_projects/../../../BitCloud/Components/ConfigServer/include/private\
#        -I
#        D:\support_project\Qtouch_samr21_validation\BitCloud_SAMR21_3_2_0\BitCloud_SAMR21_3_2_0\Applications\HADevice\iar_projects/../../../BitCloud/Components/PersistDataServer/include\
#        -I
#        D:\support_project\Qtouch_samr21_validation\BitCloud_SAMR21_3_2_0\BitCloud_SAMR21_3_2_0\Applications\HADevice\iar_projects/../../../BitCloud/Components/PersistDataServer/std/include\
#        -I
#        D:\support_project\Qtouch_samr21_validation\BitCloud_SAMR21_3_2_0\BitCloud_SAMR21_3_2_0\Applications\HADevice\iar_projects/../../../BitCloud/Components/PersistDataServer/wl/include\
#        -I
#        D:\support_project\Qtouch_samr21_validation\BitCloud_SAMR21_3_2_0\BitCloud_SAMR21_3_2_0\Applications\HADevice\iar_projects/../../../BitCloud/Components/ZLLPlatform/Infrastructure/N_Types/include\
#        -I
#        D:\support_project\Qtouch_samr21_validation\BitCloud_SAMR21_3_2_0\BitCloud_SAMR21_3_2_0\Applications\HADevice\iar_projects/../../../BitCloud/Components/ZLLPlatform/Infrastructure/N_Util/include\
#        -I
#        D:\support_project\Qtouch_samr21_validation\BitCloud_SAMR21_3_2_0\BitCloud_SAMR21_3_2_0\Applications\HADevice\iar_projects/../../../BitCloud/Components/ZLLPlatform/Infrastructure/N_Timer/include\
#        -I
#        D:\support_project\Qtouch_samr21_validation\BitCloud_SAMR21_3_2_0\BitCloud_SAMR21_3_2_0\Applications\HADevice\iar_projects/../../../BitCloud/Components/ZLLPlatform/Infrastructure/N_Task/include\
#        -I
#        D:\support_project\Qtouch_samr21_validation\BitCloud_SAMR21_3_2_0\BitCloud_SAMR21_3_2_0\Applications\HADevice\iar_projects/../../../BitCloud/Components/ZLLPlatform/Infrastructure/N_ErrH/include\
#        -I
#        D:\support_project\Qtouch_samr21_validation\BitCloud_SAMR21_3_2_0\BitCloud_SAMR21_3_2_0\Applications\HADevice\iar_projects/../../../BitCloud/Components/ZLLPlatform/Infrastructure/N_Log/include\
#        -I
#        D:\support_project\Qtouch_samr21_validation\BitCloud_SAMR21_3_2_0\BitCloud_SAMR21_3_2_0\Applications\HADevice\iar_projects/../../../BitCloud/Components/ZLLPlatform/Infrastructure/N_Memory/include\
#        -I
#        D:\support_project\Qtouch_samr21_validation\BitCloud_SAMR21_3_2_0\BitCloud_SAMR21_3_2_0\Applications\HADevice\iar_projects/../../../BitCloud/Components/ZLLPlatform/Infrastructure/N_Init/include\
#        -I
#        D:\support_project\Qtouch_samr21_validation\BitCloud_SAMR21_3_2_0\BitCloud_SAMR21_3_2_0\Applications\HADevice\iar_projects/../../../BitCloud/Components/ZLLPlatform/ZLL/S_Nv/include\
#        -I
#        D:\support_project\Qtouch_samr21_validation\BitCloud_SAMR21_3_2_0\BitCloud_SAMR21_3_2_0\Applications\HADevice\iar_projects/../../../BitCloud/Components/ZLLPlatform/ZLL/S_XNv/include\
#        -I
#        D:\support_project\Qtouch_samr21_validation\BitCloud_SAMR21_3_2_0\BitCloud_SAMR21_3_2_0\Applications\HADevice\iar_projects/../../../BitCloud/Components/ZLLPlatform/ZLL/D_Nv/include\
#        -I
#        D:\support_project\Qtouch_samr21_validation\BitCloud_SAMR21_3_2_0\BitCloud_SAMR21_3_2_0\Applications\HADevice\iar_projects/../../../BitCloud/Components/ZLLPlatform/ZLL/D_XNv/include\
#        -I
#        D:\support_project\Qtouch_samr21_validation\BitCloud_SAMR21_3_2_0\BitCloud_SAMR21_3_2_0\Applications\HADevice\iar_projects/../../../BitCloud/Components/ZLLPlatform/ZLL/D_XNv/src\
#        -I
#        D:\support_project\Qtouch_samr21_validation\BitCloud_SAMR21_3_2_0\BitCloud_SAMR21_3_2_0\Applications\HADevice\iar_projects/../../../BitCloud/Components/ZLLPlatform/ZLL/S_XNv/src\
#        -I
#        D:\support_project\Qtouch_samr21_validation\BitCloud_SAMR21_3_2_0\BitCloud_SAMR21_3_2_0\Applications\HADevice\iar_projects/../../../BitCloud/Components/Security/TrustCentre/include\
#        -I
#        D:\support_project\Qtouch_samr21_validation\BitCloud_SAMR21_3_2_0\BitCloud_SAMR21_3_2_0\Applications\HADevice\iar_projects/../../../BitCloud/Components/Security/ServiceProvider/include\
#        -I
#        D:\support_project\Qtouch_samr21_validation\BitCloud_SAMR21_3_2_0\BitCloud_SAMR21_3_2_0\Applications\HADevice\iar_projects/../../../BitCloud/Components/HAL/drivers/include\
#        -I
#        D:\support_project\Qtouch_samr21_validation\BitCloud_SAMR21_3_2_0\BitCloud_SAMR21_3_2_0\Applications\HADevice\iar_projects/../../../BitCloud/Components/HAL/drivers/VCP/include\
#        -I
#        D:\support_project\Qtouch_samr21_validation\BitCloud_SAMR21_3_2_0\BitCloud_SAMR21_3_2_0\Applications\HADevice\iar_projects/../../../BitCloud/Components/HAL/cortexm0+/atsamr21/common/include\
#        -I
#        D:\support_project\Qtouch_samr21_validation\BitCloud_SAMR21_3_2_0\BitCloud_SAMR21_3_2_0\Applications\HADevice\iar_projects/../../../BitCloud/Components/ZCL/include/private\
#        -I
#        D:\support_project\Qtouch_samr21_validation\BitCloud_SAMR21_3_2_0\BitCloud_SAMR21_3_2_0\Applications\HADevice\iar_projects/../../../BitCloud/Components/ZCL/include\
#        -I
#        D:\support_project\Qtouch_samr21_validation\BitCloud_SAMR21_3_2_0\BitCloud_SAMR21_3_2_0\Applications\HADevice\iar_projects/../../../BitCloud/Components/MAC_PHY/include\
#        -I
#        D:\support_project\Qtouch_samr21_validation\BitCloud_SAMR21_3_2_0\BitCloud_SAMR21_3_2_0\Applications\HADevice\iar_projects/../../../BitCloud/Components/MAC_PHY/MAC_ENV/include\
#        -I
#        D:\support_project\Qtouch_samr21_validation\BitCloud_SAMR21_3_2_0\BitCloud_SAMR21_3_2_0\Applications\HADevice\iar_projects/../../../BitCloud/Components/MAC_PHY/MAC_HWI/include\
#        -I
#        D:\support_project\Qtouch_samr21_validation\BitCloud_SAMR21_3_2_0\BitCloud_SAMR21_3_2_0\Applications\HADevice\iar_projects/../../../BitCloud/Components/MAC_PHY/MAC_HWD_PHY/include\
#        -I
#        D:\support_project\Qtouch_samr21_validation\BitCloud_SAMR21_3_2_0\BitCloud_SAMR21_3_2_0\Applications\HADevice\iar_projects/../../../BitCloud/Components/MAC_PHY/MAC_HWD_PHY/RF231_RF212/PHY/include\
#        -I
#        D:\support_project\Qtouch_samr21_validation\BitCloud_SAMR21_3_2_0\BitCloud_SAMR21_3_2_0\Applications\HADevice\iar_projects/../../../BitCloud/Components/MAC_PHY/MAC_HWD_PHY/RF231_RF212/MAC_HWD/include\
#        -Ohz --use_c++_inline
#    List file    =  
#        D:\support_project\Qtouch_samr21_validation\BitCloud_SAMR21_3_2_0\BitCloud_SAMR21_3_2_0\Applications\HADevice\iar_projects\All_StdlinkSec_SamR21_Atsamr21g18a_Rf233_8Mhz/List\hs2xy.lst
#    Object file  =  
#        D:\support_project\Qtouch_samr21_validation\BitCloud_SAMR21_3_2_0\BitCloud_SAMR21_3_2_0\Applications\HADevice\iar_projects\All_StdlinkSec_SamR21_Atsamr21g18a_Rf233_8Mhz/Obj\hs2xy.o
#
###############################################################################

D:\support_project\Qtouch_samr21_validation\BitCloud_SAMR21_3_2_0\BitCloud_SAMR21_3_2_0\BitCloud\Components\BSP\SAMR21\src\hs2xy.c
      1          /**************************************************************************//**
      2            \file hs2xy.c
      3          
      4            \brief
      5              Implementation of Hue/Saturation to X/Y converter.
      6          
      7            \author
      8              Atmel Corporation: http://www.atmel.com \n
      9              Support email: avr@atmel.com
     10          
     11            Copyright (c) 2008-2015, Atmel Corporation. All rights reserved.
     12            Licensed under Atmel's Limited License Agreement (BitCloudTM).
     13          
     14            \internal
     15              History:
     16          ******************************************************************************/
     17          #if defined(APP_USE_PWM)
     18          
     19          /******************************************************************************
     20                             Define(s) section
     21          ******************************************************************************/
     22          #define WHITE_POINT_X 0x6555
     23          #define WHITE_POINT_Y 0x7000
     24          
     25          /******************************************************************************
     26                              Local variables
     27          ******************************************************************************/
     28          // Tables from ZLL Test Specification
     29          const unsigned int hueToX[] = {
     30          0xbfff,0xbdf6,0xbbee,0xb9e5,0xb7dd,0xb5d4,0xb3cc,0xb1c4,
     31          0xafbb,0xadb3,0xabaa,0xa9a2,0xa799,0xa591,0xa389,0xa180,
     32          0x9f78,0x9d6f,0x9b67,0x995e,0x9756,0x954e,0x9345,0x913d,
     33          0x8f34,0x8d2c,0x8b24,0x891b,0x8713,0x850a,0x8302,0x80f9,
     34          0x7ef1,0x7ce9,0x7ae0,0x78d8,0x76cf,0x74c7,0x72be,0x70b6,
     35          0x6eae,0x6ca5,0x6a9d,0x6894,0x668c,0x6483,0x627b,0x6073,
     36          0x5e6a,0x5c62,0x5a59,0x5851,0x5649,0x5440,0x5238,0x502f,
     37          0x4e27,0x4c1e,0x4a16,0x480e,0x4605,0x43fd,0x41f4,0x3fec,
     38          0x3de3,0x3bdb,0x39d3,0x37ca,0x35c2,0x33b9,0x31b1,0x2fa8,
     39          0x2da0,0x2b98,0x298f,0x2787,0x257e,0x2376,0x216e,0x1f65,
     40          0x1d5d,0x1b54,0x194c,0x1743,0x1333,0x135d,0x1387,0x13b2,
     41          0x13dc,0x1406,0x1431,0x145b,0x1486,0x14b0,0x14da,0x1505,
     42          0x152f,0x155a,0x1584,0x15ae,0x15d9,0x1603,0x162e,0x1658,
     43          0x1682,0x16ad,0x16d7,0x1702,0x172c,0x1756,0x1781,0x17ab,
     44          0x17d6,0x1800,0x182a,0x1855,0x187f,0x18aa,0x18d4,0x18fe,
     45          0x1929,0x1953,0x197e,0x19a8,0x19d2,0x19fd,0x1a27,0x1a52,
     46          0x1a7c,0x1aa6,0x1ad1,0x1afb,0x1b26,0x1b50,0x1b7a,0x1ba5,
     47          0x1bcf,0x1bfa,0x1c24,0x1c4e,0x1c79,0x1ca3,0x1cce,0x1cf8,
     48          0x1d22,0x1d4d,0x1d77,0x1da2,0x1dcc,0x1df6,0x1e21,0x1e4b,
     49          0x1e76,0x1ea0,0x1eca,0x1ef5,0x1f1f,0x1f4a,0x1f74,0x1f9e,
     50          0x1fc9,0x1ff3,0x201e,0x2048,0x2072,0x209d,0x20c7,0x20f2,
     51          0x2147,0x2325,0x2503,0x26e1,0x28bf,0x2a9d,0x2c7b,0x2e59,
     52          0x3037,0x3215,0x33f3,0x35d1,0x37af,0x398d,0x3b6b,0x3d49,
     53          0x3f27,0x4105,0x42e3,0x44c1,0x469f,0x487d,0x4a5b,0x4c39,
     54          0x4e17,0x4ff5,0x51d3,0x53b1,0x558f,0x576d,0x594b,0x5b29,
     55          0x5d07,0x5ee5,0x60c3,0x62a1,0x647f,0x665d,0x683b,0x6a19,
     56          0x6bf7,0x6dd5,0x6fb3,0x7192,0x7370,0x754e,0x772c,0x790a,
     57          0x7ae8,0x7cc6,0x7ea4,0x8082,0x8260,0x843e,0x861c,0x87fa,
     58          0x89d8,0x8bb6,0x8d94,0x8f72,0x9150,0x932e,0x950c,0x96ea,
     59          0x98c8,0x9aa6,0x9c84,0x9e62,0xa040,0xa21e,0xa3fc,0xa5da,
     60          0xa7b8,0xa996,0xab74,0xad52,0xaf30,0xb10e,0xb2ec,0xb4ca,
     61          0xb6a8,0xb886,0xba64,0xbc42,0xbe20,0xbec9,0xbf72,0xbfff
     62          };
     63          
     64          const unsigned int hueToY[] = {
     65          0x3fff,0x41a7,0x434f,0x44f7,0x469f,0x4847,0x49ef,0x4b97,
     66          0x4d3f,0x4ee7,0x508f,0x5237,0x53df,0x5587,0x572f,0x58d7,
     67          0x5a7f,0x5c27,0x5dd0,0x5f78,0x6120,0x62c8,0x6470,0x6618,
     68          0x67c0,0x6968,0x6b10,0x6cb8,0x6e60,0x7008,0x71b0,0x7358,
     69          0x7500,0x76a8,0x7850,0x79f9,0x7ba1,0x7d49,0x7ef1,0x8099,
     70          0x8241,0x83e9,0x8591,0x8739,0x88e1,0x8a89,0x8c31,0x8dd9,
     71          0x8f81,0x9129,0x92d1,0x9479,0x9622,0x97ca,0x9972,0x9b1a,
     72          0x9cc2,0x9e6a,0xa012,0xa1ba,0xa362,0xa50a,0xa6b2,0xa85a,
     73          0xaa02,0xabaa,0xad52,0xaefa,0xb0a2,0xb24b,0xb3f3,0xb59b,
     74          0xb743,0xb8eb,0xba93,0xbc3b,0xbde3,0xbf8b,0xc133,0xc2db,
     75          0xc483,0xc62b,0xc7d3,0xc97b,0xcccc,0xca7a,0xc828,0xc5d6,
     76          0xc385,0xc133,0xbee1,0xbc90,0xba3e,0xb7ec,0xb59b,0xb349,
     77          0xb0f7,0xaea6,0xac54,0xaa02,0xa7b1,0xa55f,0xa30d,0xa0bc,
     78          0x9e6a,0x9c18,0x99c7,0x9775,0x9523,0x92d2,0x9080,0x8e2e,
     79          0x8bdd,0x898b,0x8739,0x84e8,0x8296,0x8044,0x7df3,0x7ba1,
     80          0x794f,0x76fe,0x74ac,0x725a,0x7009,0x6db7,0x6b65,0x6914,
     81          0x66c2,0x6470,0x621f,0x5fcd,0x5d7b,0x5b2a,0x58d8,0x5686,
     82          0x5435,0x51e3,0x4f91,0x4d40,0x4aee,0x489c,0x464b,0x43f9,
     83          0x41a7,0x3f56,0x3d04,0x3ab2,0x3861,0x360f,0x33bd,0x316c,
     84          0x2f1a,0x2cc8,0x2a77,0x2825,0x25d3,0x2382,0x2130,0x1ede,
     85          0x1c8d,0x1a3b,0x17e9,0x1597,0x1346,0x10f4,0x0ea2,0x0c51,
     86          0x07ae,0x0857,0x0901,0x09aa,0x0a54,0x0afe,0x0ba7,0x0c51,
     87          0x0cfa,0x0da4,0x0e4e,0x0ef7,0x0fa1,0x104a,0x10f4,0x119e,
     88          0x1247,0x12f1,0x139b,0x1444,0x14ee,0x1597,0x1641,0x16eb,
     89          0x1794,0x183e,0x18e7,0x1991,0x1a3b,0x1ae4,0x1b8e,0x1c37,
     90          0x1ce1,0x1d8b,0x1e34,0x1ede,0x1f88,0x2031,0x20db,0x2184,
     91          0x222e,0x22d8,0x2381,0x242b,0x24d4,0x257e,0x2628,0x26d1,
     92          0x277b,0x2824,0x28ce,0x2978,0x2a21,0x2acb,0x2b75,0x2c1e,
     93          0x2cc8,0x2d71,0x2e1b,0x2ec5,0x2f6e,0x3018,0x30c1,0x316b,
     94          0x3215,0x32be,0x3368,0x3411,0x34bb,0x3565,0x360e,0x36b8,
     95          0x3762,0x380b,0x38b5,0x395e,0x3a08,0x3ab2,0x3b5b,0x3c05,
     96          0x3cae,0x3d58,0x3e02,0x3eab,0x3f55,0x3ffe,0x3ffd,0x3fff
     97          };
     98          
     99          /******************************************************************************
    100                             Implementations section
    101          ******************************************************************************/
    102          /**************************************************************************//**
    103          \brief Converts Hue/Saturation values of the color to corresponding X/Y values
    104          
    105          \param[in]
    106              hue - Hue value of the color
    107          \param[in]
    108              sat - Saturation value of the color
    109          
    110          \param[out]
    111              calcX - Pointer to the calculated X value of the color
    112          \param[out]
    113              calcY - Pointer to the calculated Y value of the color
    114          ******************************************************************************/
    115          void HS2XY(int hue, int sat, unsigned int *calcX, unsigned int *calcY)
    116          {
    117            float xDelta, yDelta;
    118            float localX, localY;
    119            int localSat;
    120          
    121            localSat = 255 - sat;
    122          
    123            localX = hueToX[hue];
    124            localY = hueToY[hue];
    125          
    126            xDelta = localX - (float)WHITE_POINT_X;
    127            yDelta = localY - (float)WHITE_POINT_Y;
    128          
    129            xDelta = xDelta * (float) localSat/0xFF;
    130            yDelta = yDelta * (float) localSat/0xFF;
    131          
    132            *calcX = (unsigned int) (localX - xDelta);
    133            *calcY = (unsigned int) (localY - yDelta);
    134          }
    135          
    136          #endif // defined(APP_USE_PWM)


 

 


Errors: none
Warnings: none
