###############################################################################
#
# IAR ANSI C/C++ Compiler V7.30.4.8167/W32 for ARM        31/Mar/2015  18:40:50
# Copyright 1999-2014 IAR Systems AB.
#
#    Cpu mode     =  thumb
#    Endian       =  little
#    Source file  =  
#        D:\support_project\Qtouch_samr21_validation\BitCloud_SAMR21_3_2_0\BitCloud_SAMR21_3_2_0\BitCloud\Components\SystemEnvironment\src\sysInit.c
#    Command line =  
#        D:\support_project\Qtouch_samr21_validation\BitCloud_SAMR21_3_2_0\BitCloud_SAMR21_3_2_0\BitCloud\Components\SystemEnvironment\src\sysInit.c
#        -D BOARD_SAMR21 -D BOARD_QTOUCH_XPRO -D AT86RF233 -D ATSAMR21G18A -D
#        HAL_8MHz -D STACK_TYPE_ALL -D STDLINK_SECURITY_MODE -lC
#        D:\support_project\Qtouch_samr21_validation\BitCloud_SAMR21_3_2_0\BitCloud_SAMR21_3_2_0\Applications\HADevice\iar_projects\All_StdlinkSec_SamR21_Atsamr21g18a_Rf233_8Mhz/List\
#        --diag_suppress Pa050,Pe188 -o
#        D:\support_project\Qtouch_samr21_validation\BitCloud_SAMR21_3_2_0\BitCloud_SAMR21_3_2_0\Applications\HADevice\iar_projects\All_StdlinkSec_SamR21_Atsamr21g18a_Rf233_8Mhz/Obj\
#        --debug --endian=little --cpu=Cortex-M0+ -e --fpu=None --dlib_config
#        "C:\Program Files\IAR Systems\Embedded Workbench
#        7.30\arm\INC\c\DLib_Config_Full.h" --preinclude
#        MakerulesBc_All_StdlinkSec_Atsamr21g18a_Rf233_Iar.h -I
#        D:\support_project\Qtouch_samr21_validation\BitCloud_SAMR21_3_2_0\BitCloud_SAMR21_3_2_0\Applications\HADevice\iar_projects/..\
#        -I
#        D:\support_project\Qtouch_samr21_validation\BitCloud_SAMR21_3_2_0\BitCloud_SAMR21_3_2_0\Applications\HADevice\iar_projects/../dimmableLight/include\
#        -I
#        D:\support_project\Qtouch_samr21_validation\BitCloud_SAMR21_3_2_0\BitCloud_SAMR21_3_2_0\Applications\HADevice\iar_projects/../dimmerSwitch/include\
#        -I
#        D:\support_project\Qtouch_samr21_validation\BitCloud_SAMR21_3_2_0\BitCloud_SAMR21_3_2_0\Applications\HADevice\iar_projects/../multiSensor/include\
#        -I
#        D:\support_project\Qtouch_samr21_validation\BitCloud_SAMR21_3_2_0\BitCloud_SAMR21_3_2_0\Applications\HADevice\iar_projects/../thermostat/include\
#        -I
#        D:\support_project\Qtouch_samr21_validation\BitCloud_SAMR21_3_2_0\BitCloud_SAMR21_3_2_0\Applications\HADevice\iar_projects/../ias_ace/include\
#        -I
#        D:\support_project\Qtouch_samr21_validation\BitCloud_SAMR21_3_2_0\BitCloud_SAMR21_3_2_0\Applications\HADevice\iar_projects/../combinedInterface/include\
#        -I
#        D:\support_project\Qtouch_samr21_validation\BitCloud_SAMR21_3_2_0\BitCloud_SAMR21_3_2_0\Applications\HADevice\iar_projects/../common/include\
#        -I
#        D:\support_project\Qtouch_samr21_validation\BitCloud_SAMR21_3_2_0\BitCloud_SAMR21_3_2_0\Applications\HADevice\iar_projects/../common/clusters/include\
#        -I
#        D:\support_project\Qtouch_samr21_validation\BitCloud_SAMR21_3_2_0\BitCloud_SAMR21_3_2_0\Applications\HADevice\iar_projects/../../../BitCloud/Components/BSP/SAMR21/include\
#        -I
#        D:\support_project\Qtouch_samr21_validation\BitCloud_SAMR21_3_2_0\BitCloud_SAMR21_3_2_0\Applications\HADevice\iar_projects/../../../BitCloud/Components/SystemEnvironment/include\
#        -I
#        D:\support_project\Qtouch_samr21_validation\BitCloud_SAMR21_3_2_0\BitCloud_SAMR21_3_2_0\Applications\HADevice\iar_projects/../../../BitCloud/lib\
#        -I
#        D:\support_project\Qtouch_samr21_validation\BitCloud_SAMR21_3_2_0\BitCloud_SAMR21_3_2_0\Applications\HADevice\iar_projects/../../../BitCloud/Components/HAL/include\
#        -I
#        D:\support_project\Qtouch_samr21_validation\BitCloud_SAMR21_3_2_0\BitCloud_SAMR21_3_2_0\Applications\HADevice\iar_projects/../../../BitCloud/Components/BSP\
#        -I
#        D:\support_project\Qtouch_samr21_validation\BitCloud_SAMR21_3_2_0\BitCloud_SAMR21_3_2_0\Applications\HADevice\iar_projects/../../../BitCloud/Components/BSP/include\
#        -I
#        D:\support_project\Qtouch_samr21_validation\BitCloud_SAMR21_3_2_0\BitCloud_SAMR21_3_2_0\Applications\HADevice\iar_projects/../../../BitCloud/Components/BSP/QTouch_XPRO/include\
#        -I
#        D:\support_project\Qtouch_samr21_validation\BitCloud_SAMR21_3_2_0\BitCloud_SAMR21_3_2_0\Applications\HADevice\iar_projects/../../../BitCloud/Components/NWK/include\
#        -I
#        D:\support_project\Qtouch_samr21_validation\BitCloud_SAMR21_3_2_0\BitCloud_SAMR21_3_2_0\Applications\HADevice\iar_projects/../../../BitCloud/Components/NWK/include/private\
#        -I
#        D:\support_project\Qtouch_samr21_validation\BitCloud_SAMR21_3_2_0\BitCloud_SAMR21_3_2_0\Applications\HADevice\iar_projects/../../../BitCloud/Components/ZDO/include\
#        -I
#        D:\support_project\Qtouch_samr21_validation\BitCloud_SAMR21_3_2_0\BitCloud_SAMR21_3_2_0\Applications\HADevice\iar_projects/../../../BitCloud/Components/ZDO/include/private\
#        -I
#        D:\support_project\Qtouch_samr21_validation\BitCloud_SAMR21_3_2_0\BitCloud_SAMR21_3_2_0\Applications\HADevice\iar_projects/../../../BitCloud/Components/APS/include\
#        -I
#        D:\support_project\Qtouch_samr21_validation\BitCloud_SAMR21_3_2_0\BitCloud_SAMR21_3_2_0\Applications\HADevice\iar_projects/../../../BitCloud/Components/APS/include/private\
#        -I
#        D:\support_project\Qtouch_samr21_validation\BitCloud_SAMR21_3_2_0\BitCloud_SAMR21_3_2_0\Applications\HADevice\iar_projects/../../../BitCloud/Components/SystemEnvironment/include\
#        -I
#        D:\support_project\Qtouch_samr21_validation\BitCloud_SAMR21_3_2_0\BitCloud_SAMR21_3_2_0\Applications\HADevice\iar_projects/../../../BitCloud/Components/ConfigServer/include\
#        -I
#        D:\support_project\Qtouch_samr21_validation\BitCloud_SAMR21_3_2_0\BitCloud_SAMR21_3_2_0\Applications\HADevice\iar_projects/../../../BitCloud/Components/ConfigServer/include/private\
#        -I
#        D:\support_project\Qtouch_samr21_validation\BitCloud_SAMR21_3_2_0\BitCloud_SAMR21_3_2_0\Applications\HADevice\iar_projects/../../../BitCloud/Components/PersistDataServer/include\
#        -I
#        D:\support_project\Qtouch_samr21_validation\BitCloud_SAMR21_3_2_0\BitCloud_SAMR21_3_2_0\Applications\HADevice\iar_projects/../../../BitCloud/Components/PersistDataServer/std/include\
#        -I
#        D:\support_project\Qtouch_samr21_validation\BitCloud_SAMR21_3_2_0\BitCloud_SAMR21_3_2_0\Applications\HADevice\iar_projects/../../../BitCloud/Components/PersistDataServer/wl/include\
#        -I
#        D:\support_project\Qtouch_samr21_validation\BitCloud_SAMR21_3_2_0\BitCloud_SAMR21_3_2_0\Applications\HADevice\iar_projects/../../../BitCloud/Components/ZLLPlatform/Infrastructure/N_Types/include\
#        -I
#        D:\support_project\Qtouch_samr21_validation\BitCloud_SAMR21_3_2_0\BitCloud_SAMR21_3_2_0\Applications\HADevice\iar_projects/../../../BitCloud/Components/ZLLPlatform/Infrastructure/N_Util/include\
#        -I
#        D:\support_project\Qtouch_samr21_validation\BitCloud_SAMR21_3_2_0\BitCloud_SAMR21_3_2_0\Applications\HADevice\iar_projects/../../../BitCloud/Components/ZLLPlatform/Infrastructure/N_Timer/include\
#        -I
#        D:\support_project\Qtouch_samr21_validation\BitCloud_SAMR21_3_2_0\BitCloud_SAMR21_3_2_0\Applications\HADevice\iar_projects/../../../BitCloud/Components/ZLLPlatform/Infrastructure/N_Task/include\
#        -I
#        D:\support_project\Qtouch_samr21_validation\BitCloud_SAMR21_3_2_0\BitCloud_SAMR21_3_2_0\Applications\HADevice\iar_projects/../../../BitCloud/Components/ZLLPlatform/Infrastructure/N_ErrH/include\
#        -I
#        D:\support_project\Qtouch_samr21_validation\BitCloud_SAMR21_3_2_0\BitCloud_SAMR21_3_2_0\Applications\HADevice\iar_projects/../../../BitCloud/Components/ZLLPlatform/Infrastructure/N_Log/include\
#        -I
#        D:\support_project\Qtouch_samr21_validation\BitCloud_SAMR21_3_2_0\BitCloud_SAMR21_3_2_0\Applications\HADevice\iar_projects/../../../BitCloud/Components/ZLLPlatform/Infrastructure/N_Memory/include\
#        -I
#        D:\support_project\Qtouch_samr21_validation\BitCloud_SAMR21_3_2_0\BitCloud_SAMR21_3_2_0\Applications\HADevice\iar_projects/../../../BitCloud/Components/ZLLPlatform/Infrastructure/N_Init/include\
#        -I
#        D:\support_project\Qtouch_samr21_validation\BitCloud_SAMR21_3_2_0\BitCloud_SAMR21_3_2_0\Applications\HADevice\iar_projects/../../../BitCloud/Components/ZLLPlatform/ZLL/S_Nv/include\
#        -I
#        D:\support_project\Qtouch_samr21_validation\BitCloud_SAMR21_3_2_0\BitCloud_SAMR21_3_2_0\Applications\HADevice\iar_projects/../../../BitCloud/Components/ZLLPlatform/ZLL/S_XNv/include\
#        -I
#        D:\support_project\Qtouch_samr21_validation\BitCloud_SAMR21_3_2_0\BitCloud_SAMR21_3_2_0\Applications\HADevice\iar_projects/../../../BitCloud/Components/ZLLPlatform/ZLL/D_Nv/include\
#        -I
#        D:\support_project\Qtouch_samr21_validation\BitCloud_SAMR21_3_2_0\BitCloud_SAMR21_3_2_0\Applications\HADevice\iar_projects/../../../BitCloud/Components/ZLLPlatform/ZLL/D_XNv/include\
#        -I
#        D:\support_project\Qtouch_samr21_validation\BitCloud_SAMR21_3_2_0\BitCloud_SAMR21_3_2_0\Applications\HADevice\iar_projects/../../../BitCloud/Components/ZLLPlatform/ZLL/D_XNv/src\
#        -I
#        D:\support_project\Qtouch_samr21_validation\BitCloud_SAMR21_3_2_0\BitCloud_SAMR21_3_2_0\Applications\HADevice\iar_projects/../../../BitCloud/Components/ZLLPlatform/ZLL/S_XNv/src\
#        -I
#        D:\support_project\Qtouch_samr21_validation\BitCloud_SAMR21_3_2_0\BitCloud_SAMR21_3_2_0\Applications\HADevice\iar_projects/../../../BitCloud/Components/Security/TrustCentre/include\
#        -I
#        D:\support_project\Qtouch_samr21_validation\BitCloud_SAMR21_3_2_0\BitCloud_SAMR21_3_2_0\Applications\HADevice\iar_projects/../../../BitCloud/Components/Security/ServiceProvider/include\
#        -I
#        D:\support_project\Qtouch_samr21_validation\BitCloud_SAMR21_3_2_0\BitCloud_SAMR21_3_2_0\Applications\HADevice\iar_projects/../../../BitCloud/Components/HAL/drivers/include\
#        -I
#        D:\support_project\Qtouch_samr21_validation\BitCloud_SAMR21_3_2_0\BitCloud_SAMR21_3_2_0\Applications\HADevice\iar_projects/../../../BitCloud/Components/HAL/drivers/VCP/include\
#        -I
#        D:\support_project\Qtouch_samr21_validation\BitCloud_SAMR21_3_2_0\BitCloud_SAMR21_3_2_0\Applications\HADevice\iar_projects/../../../BitCloud/Components/HAL/cortexm0+/atsamr21/common/include\
#        -I
#        D:\support_project\Qtouch_samr21_validation\BitCloud_SAMR21_3_2_0\BitCloud_SAMR21_3_2_0\Applications\HADevice\iar_projects/../../../BitCloud/Components/ZCL/include/private\
#        -I
#        D:\support_project\Qtouch_samr21_validation\BitCloud_SAMR21_3_2_0\BitCloud_SAMR21_3_2_0\Applications\HADevice\iar_projects/../../../BitCloud/Components/ZCL/include\
#        -I
#        D:\support_project\Qtouch_samr21_validation\BitCloud_SAMR21_3_2_0\BitCloud_SAMR21_3_2_0\Applications\HADevice\iar_projects/../../../BitCloud/Components/MAC_PHY/include\
#        -I
#        D:\support_project\Qtouch_samr21_validation\BitCloud_SAMR21_3_2_0\BitCloud_SAMR21_3_2_0\Applications\HADevice\iar_projects/../../../BitCloud/Components/MAC_PHY/MAC_ENV/include\
#        -I
#        D:\support_project\Qtouch_samr21_validation\BitCloud_SAMR21_3_2_0\BitCloud_SAMR21_3_2_0\Applications\HADevice\iar_projects/../../../BitCloud/Components/MAC_PHY/MAC_HWI/include\
#        -I
#        D:\support_project\Qtouch_samr21_validation\BitCloud_SAMR21_3_2_0\BitCloud_SAMR21_3_2_0\Applications\HADevice\iar_projects/../../../BitCloud/Components/MAC_PHY/MAC_HWD_PHY/include\
#        -I
#        D:\support_project\Qtouch_samr21_validation\BitCloud_SAMR21_3_2_0\BitCloud_SAMR21_3_2_0\Applications\HADevice\iar_projects/../../../BitCloud/Components/MAC_PHY/MAC_HWD_PHY/RF231_RF212/PHY/include\
#        -I
#        D:\support_project\Qtouch_samr21_validation\BitCloud_SAMR21_3_2_0\BitCloud_SAMR21_3_2_0\Applications\HADevice\iar_projects/../../../BitCloud/Components/MAC_PHY/MAC_HWD_PHY/RF231_RF212/MAC_HWD/include\
#        -Ohz --use_c++_inline
#    List file    =  
#        D:\support_project\Qtouch_samr21_validation\BitCloud_SAMR21_3_2_0\BitCloud_SAMR21_3_2_0\Applications\HADevice\iar_projects\All_StdlinkSec_SamR21_Atsamr21g18a_Rf233_8Mhz/List\sysInit.lst
#    Object file  =  
#        D:\support_project\Qtouch_samr21_validation\BitCloud_SAMR21_3_2_0\BitCloud_SAMR21_3_2_0\Applications\HADevice\iar_projects\All_StdlinkSec_SamR21_Atsamr21g18a_Rf233_8Mhz/Obj\sysInit.o
#
###############################################################################

D:\support_project\Qtouch_samr21_validation\BitCloud_SAMR21_3_2_0\BitCloud_SAMR21_3_2_0\BitCloud\Components\SystemEnvironment\src\sysInit.c
      1          /**************************************************************************//**
      2          \file  sysInit.c
      3          
      4          \brief Stack initialization implementation
      5          
      6          \author
      7              Atmel Corporation: http://www.atmel.com \n
      8              Support email: avr@atmel.com
      9          
     10            Copyright (c) 2008-2015, Atmel Corporation. All rights reserved.
     11            Licensed under Atmel's Limited License Agreement (BitCloudTM).
     12          
     13          \internal
     14            History:
     15              16/10/12 N. Fomin - Created
     16          *******************************************************************************/
     17          /******************************************************************************
     18                             Includes section
     19          ******************************************************************************/
     20          #include <sysInit.h>
     21          #if ZCL_SUPPORT == 1
     22            #include <zcl.h>
     23          #endif // ZCL_SUPPORT == 1
     24          #if defined(ZAPPSI_NP) || defined(ZAPPSI_HOST)
     25            #include <zsiInit.h>
     26            #include <zsiMem.h>
     27          #endif // ZAPPSI_NP || ZAPPSI_HOST
     28          /******************************************************************************
     29                             Implementation section
     30          ******************************************************************************/
     31          /**************************************************************************//**
     32          \brief Wrapper to initializes ZSI layer.
     33          ******************************************************************************/

   \                                 In section .text, align 2, keep-with-next
     34          void SYS_InitZsiLayer(void)
     35          {
   \                     SYS_InitZsiLayer: (+1)
   \   00000000   0xB580             PUSH     {R7,LR}
     36          #if defined(ZAPPSI_NP) || defined(ZAPPSI_HOST)
     37            ZSI_Init();
     38          #endif // ZAPPSI_NP || ZAPPSI_HOST
     39            sysStartUpdatingRandSeed();
   \   00000002   0x.... 0x....      BL       sysStartUpdatingRandSeed
     40          }
   \   00000006   0xBD01             POP      {R0,PC}          ;; return
     41          
     42          /**************************************************************************//**
     43          \brief Wrapper to initialize ZCL layer.
     44          ******************************************************************************/

   \                                 In section .text, align 2, keep-with-next
     45          void SYS_InitZclLayer(void)
     46          {
   \                     SYS_InitZclLayer: (+1)
   \   00000000   0xB580             PUSH     {R7,LR}
     47          #if ZCL_SUPPORT == 1
     48            ZCL_ResetReq();
   \   00000002   0x.... 0x....      BL       ZCL_ResetReq
     49          #endif
     50          }
   \   00000006   0xBD01             POP      {R0,PC}          ;; return
     51          
     52          /**************************************************************************//**
     53          \brief Wrapper to initialize zsiMem to execute ZsiInit layer.
     54          ******************************************************************************/

   \                                 In section .text, align 2, keep-with-next
     55          void SYS_InitZsiMem(void)
     56          {
     57          #if defined(ZAPPSI_HOST)
     58            zsiMem.taskManager.pendingTasks = (1U << ZSI_INIT_TASK_ID);
     59          #endif /* ZAPPSI_HOST */
     60          }
   \                     SYS_InitZsiMem: (+1)
   \   00000000   0x4770             BX       LR               ;; return
     61          
     62          #if defined (__GNUC__) && (defined(AT91SAM7X256) || defined(AT91SAM3S4C) || defined(ATSAMR21G18A) || defined(ATSAMR21E18A))
     63          
     64          #include <sys/types.h>
     65          #include <sys/stat.h>
     66          
     67          extern uint8_t __end;
     68          
     69          extern inline caddr_t _sbrk(int incr);
     70          
     71          extern inline caddr_t _sbrk(int incr)
     72          {
     73            static unsigned char *heap = NULL;
     74            unsigned char *prev_heap;
     75          
     76            if (heap == NULL) 
     77            {
     78              heap = (unsigned char *)&__end;
     79            }
     80            prev_heap = heap;
     81            heap += incr;
     82          
     83            return (caddr_t) prev_heap;
     84          }
     85          #endif /*(__GNUC__) && (defined(AT91SAM7X256) || defined(AT91SAM3S4C) || defined(ATSAMR21G18A) || defined(ATSAMR21E18A))*/
     86          /* (defined(AT91SAM7X256) || defined(AT91SAM3S4C) || defined(ATSAMR21G18A) || defined(ATSAMR21E18A)) */
     87          
     88          //eof sysInit.c
     89          

   Maximum stack usage in bytes:

   .cstack Function
   ------- --------
       8   SYS_InitZclLayer
         8   -> ZCL_ResetReq
       8   SYS_InitZsiLayer
         8   -> sysStartUpdatingRandSeed
       0   SYS_InitZsiMem


   Section sizes:

   Bytes  Function/Label
   -----  --------------
       8  SYS_InitZclLayer
       8  SYS_InitZsiLayer
       2  SYS_InitZsiMem

 
 18 bytes in section .text
 
 18 bytes of CODE memory

Errors: none
Warnings: none
