###############################################################################
#
# IAR ANSI C/C++ Compiler V7.30.4.8167/W32 for ARM        31/Mar/2015  18:40:57
# Copyright 1999-2014 IAR Systems AB.
#
#    Cpu mode     =  thumb
#    Endian       =  little
#    Source file  =  
#        D:\support_project\Qtouch_samr21_validation\BitCloud_SAMR21_3_2_0\BitCloud_SAMR21_3_2_0\Applications\HADevice\thermostat\src\thClusters.c
#    Command line =  
#        D:\support_project\Qtouch_samr21_validation\BitCloud_SAMR21_3_2_0\BitCloud_SAMR21_3_2_0\Applications\HADevice\thermostat\src\thClusters.c
#        -D BOARD_SAMR21 -D BOARD_QTOUCH_XPRO -D AT86RF233 -D ATSAMR21G18A -D
#        HAL_8MHz -D STACK_TYPE_ALL -D STDLINK_SECURITY_MODE -lC
#        D:\support_project\Qtouch_samr21_validation\BitCloud_SAMR21_3_2_0\BitCloud_SAMR21_3_2_0\Applications\HADevice\iar_projects\All_StdlinkSec_SamR21_Atsamr21g18a_Rf233_8Mhz/List\
#        --diag_suppress Pa050,Pe188 -o
#        D:\support_project\Qtouch_samr21_validation\BitCloud_SAMR21_3_2_0\BitCloud_SAMR21_3_2_0\Applications\HADevice\iar_projects\All_StdlinkSec_SamR21_Atsamr21g18a_Rf233_8Mhz/Obj\
#        --debug --endian=little --cpu=Cortex-M0+ -e --fpu=None --dlib_config
#        "C:\Program Files\IAR Systems\Embedded Workbench
#        7.30\arm\INC\c\DLib_Config_Full.h" --preinclude
#        MakerulesBc_All_StdlinkSec_Atsamr21g18a_Rf233_Iar.h -I
#        D:\support_project\Qtouch_samr21_validation\BitCloud_SAMR21_3_2_0\BitCloud_SAMR21_3_2_0\Applications\HADevice\iar_projects/..\
#        -I
#        D:\support_project\Qtouch_samr21_validation\BitCloud_SAMR21_3_2_0\BitCloud_SAMR21_3_2_0\Applications\HADevice\iar_projects/../dimmableLight/include\
#        -I
#        D:\support_project\Qtouch_samr21_validation\BitCloud_SAMR21_3_2_0\BitCloud_SAMR21_3_2_0\Applications\HADevice\iar_projects/../dimmerSwitch/include\
#        -I
#        D:\support_project\Qtouch_samr21_validation\BitCloud_SAMR21_3_2_0\BitCloud_SAMR21_3_2_0\Applications\HADevice\iar_projects/../multiSensor/include\
#        -I
#        D:\support_project\Qtouch_samr21_validation\BitCloud_SAMR21_3_2_0\BitCloud_SAMR21_3_2_0\Applications\HADevice\iar_projects/../thermostat/include\
#        -I
#        D:\support_project\Qtouch_samr21_validation\BitCloud_SAMR21_3_2_0\BitCloud_SAMR21_3_2_0\Applications\HADevice\iar_projects/../ias_ace/include\
#        -I
#        D:\support_project\Qtouch_samr21_validation\BitCloud_SAMR21_3_2_0\BitCloud_SAMR21_3_2_0\Applications\HADevice\iar_projects/../combinedInterface/include\
#        -I
#        D:\support_project\Qtouch_samr21_validation\BitCloud_SAMR21_3_2_0\BitCloud_SAMR21_3_2_0\Applications\HADevice\iar_projects/../common/include\
#        -I
#        D:\support_project\Qtouch_samr21_validation\BitCloud_SAMR21_3_2_0\BitCloud_SAMR21_3_2_0\Applications\HADevice\iar_projects/../common/clusters/include\
#        -I
#        D:\support_project\Qtouch_samr21_validation\BitCloud_SAMR21_3_2_0\BitCloud_SAMR21_3_2_0\Applications\HADevice\iar_projects/../../../BitCloud/Components/BSP/SAMR21/include\
#        -I
#        D:\support_project\Qtouch_samr21_validation\BitCloud_SAMR21_3_2_0\BitCloud_SAMR21_3_2_0\Applications\HADevice\iar_projects/../../../BitCloud/Components/SystemEnvironment/include\
#        -I
#        D:\support_project\Qtouch_samr21_validation\BitCloud_SAMR21_3_2_0\BitCloud_SAMR21_3_2_0\Applications\HADevice\iar_projects/../../../BitCloud/lib\
#        -I
#        D:\support_project\Qtouch_samr21_validation\BitCloud_SAMR21_3_2_0\BitCloud_SAMR21_3_2_0\Applications\HADevice\iar_projects/../../../BitCloud/Components/HAL/include\
#        -I
#        D:\support_project\Qtouch_samr21_validation\BitCloud_SAMR21_3_2_0\BitCloud_SAMR21_3_2_0\Applications\HADevice\iar_projects/../../../BitCloud/Components/BSP\
#        -I
#        D:\support_project\Qtouch_samr21_validation\BitCloud_SAMR21_3_2_0\BitCloud_SAMR21_3_2_0\Applications\HADevice\iar_projects/../../../BitCloud/Components/BSP/include\
#        -I
#        D:\support_project\Qtouch_samr21_validation\BitCloud_SAMR21_3_2_0\BitCloud_SAMR21_3_2_0\Applications\HADevice\iar_projects/../../../BitCloud/Components/BSP/QTouch_XPRO/include\
#        -I
#        D:\support_project\Qtouch_samr21_validation\BitCloud_SAMR21_3_2_0\BitCloud_SAMR21_3_2_0\Applications\HADevice\iar_projects/../../../BitCloud/Components/NWK/include\
#        -I
#        D:\support_project\Qtouch_samr21_validation\BitCloud_SAMR21_3_2_0\BitCloud_SAMR21_3_2_0\Applications\HADevice\iar_projects/../../../BitCloud/Components/NWK/include/private\
#        -I
#        D:\support_project\Qtouch_samr21_validation\BitCloud_SAMR21_3_2_0\BitCloud_SAMR21_3_2_0\Applications\HADevice\iar_projects/../../../BitCloud/Components/ZDO/include\
#        -I
#        D:\support_project\Qtouch_samr21_validation\BitCloud_SAMR21_3_2_0\BitCloud_SAMR21_3_2_0\Applications\HADevice\iar_projects/../../../BitCloud/Components/ZDO/include/private\
#        -I
#        D:\support_project\Qtouch_samr21_validation\BitCloud_SAMR21_3_2_0\BitCloud_SAMR21_3_2_0\Applications\HADevice\iar_projects/../../../BitCloud/Components/APS/include\
#        -I
#        D:\support_project\Qtouch_samr21_validation\BitCloud_SAMR21_3_2_0\BitCloud_SAMR21_3_2_0\Applications\HADevice\iar_projects/../../../BitCloud/Components/APS/include/private\
#        -I
#        D:\support_project\Qtouch_samr21_validation\BitCloud_SAMR21_3_2_0\BitCloud_SAMR21_3_2_0\Applications\HADevice\iar_projects/../../../BitCloud/Components/SystemEnvironment/include\
#        -I
#        D:\support_project\Qtouch_samr21_validation\BitCloud_SAMR21_3_2_0\BitCloud_SAMR21_3_2_0\Applications\HADevice\iar_projects/../../../BitCloud/Components/ConfigServer/include\
#        -I
#        D:\support_project\Qtouch_samr21_validation\BitCloud_SAMR21_3_2_0\BitCloud_SAMR21_3_2_0\Applications\HADevice\iar_projects/../../../BitCloud/Components/ConfigServer/include/private\
#        -I
#        D:\support_project\Qtouch_samr21_validation\BitCloud_SAMR21_3_2_0\BitCloud_SAMR21_3_2_0\Applications\HADevice\iar_projects/../../../BitCloud/Components/PersistDataServer/include\
#        -I
#        D:\support_project\Qtouch_samr21_validation\BitCloud_SAMR21_3_2_0\BitCloud_SAMR21_3_2_0\Applications\HADevice\iar_projects/../../../BitCloud/Components/PersistDataServer/std/include\
#        -I
#        D:\support_project\Qtouch_samr21_validation\BitCloud_SAMR21_3_2_0\BitCloud_SAMR21_3_2_0\Applications\HADevice\iar_projects/../../../BitCloud/Components/PersistDataServer/wl/include\
#        -I
#        D:\support_project\Qtouch_samr21_validation\BitCloud_SAMR21_3_2_0\BitCloud_SAMR21_3_2_0\Applications\HADevice\iar_projects/../../../BitCloud/Components/ZLLPlatform/Infrastructure/N_Types/include\
#        -I
#        D:\support_project\Qtouch_samr21_validation\BitCloud_SAMR21_3_2_0\BitCloud_SAMR21_3_2_0\Applications\HADevice\iar_projects/../../../BitCloud/Components/ZLLPlatform/Infrastructure/N_Util/include\
#        -I
#        D:\support_project\Qtouch_samr21_validation\BitCloud_SAMR21_3_2_0\BitCloud_SAMR21_3_2_0\Applications\HADevice\iar_projects/../../../BitCloud/Components/ZLLPlatform/Infrastructure/N_Timer/include\
#        -I
#        D:\support_project\Qtouch_samr21_validation\BitCloud_SAMR21_3_2_0\BitCloud_SAMR21_3_2_0\Applications\HADevice\iar_projects/../../../BitCloud/Components/ZLLPlatform/Infrastructure/N_Task/include\
#        -I
#        D:\support_project\Qtouch_samr21_validation\BitCloud_SAMR21_3_2_0\BitCloud_SAMR21_3_2_0\Applications\HADevice\iar_projects/../../../BitCloud/Components/ZLLPlatform/Infrastructure/N_ErrH/include\
#        -I
#        D:\support_project\Qtouch_samr21_validation\BitCloud_SAMR21_3_2_0\BitCloud_SAMR21_3_2_0\Applications\HADevice\iar_projects/../../../BitCloud/Components/ZLLPlatform/Infrastructure/N_Log/include\
#        -I
#        D:\support_project\Qtouch_samr21_validation\BitCloud_SAMR21_3_2_0\BitCloud_SAMR21_3_2_0\Applications\HADevice\iar_projects/../../../BitCloud/Components/ZLLPlatform/Infrastructure/N_Memory/include\
#        -I
#        D:\support_project\Qtouch_samr21_validation\BitCloud_SAMR21_3_2_0\BitCloud_SAMR21_3_2_0\Applications\HADevice\iar_projects/../../../BitCloud/Components/ZLLPlatform/Infrastructure/N_Init/include\
#        -I
#        D:\support_project\Qtouch_samr21_validation\BitCloud_SAMR21_3_2_0\BitCloud_SAMR21_3_2_0\Applications\HADevice\iar_projects/../../../BitCloud/Components/ZLLPlatform/ZLL/S_Nv/include\
#        -I
#        D:\support_project\Qtouch_samr21_validation\BitCloud_SAMR21_3_2_0\BitCloud_SAMR21_3_2_0\Applications\HADevice\iar_projects/../../../BitCloud/Components/ZLLPlatform/ZLL/S_XNv/include\
#        -I
#        D:\support_project\Qtouch_samr21_validation\BitCloud_SAMR21_3_2_0\BitCloud_SAMR21_3_2_0\Applications\HADevice\iar_projects/../../../BitCloud/Components/ZLLPlatform/ZLL/D_Nv/include\
#        -I
#        D:\support_project\Qtouch_samr21_validation\BitCloud_SAMR21_3_2_0\BitCloud_SAMR21_3_2_0\Applications\HADevice\iar_projects/../../../BitCloud/Components/ZLLPlatform/ZLL/D_XNv/include\
#        -I
#        D:\support_project\Qtouch_samr21_validation\BitCloud_SAMR21_3_2_0\BitCloud_SAMR21_3_2_0\Applications\HADevice\iar_projects/../../../BitCloud/Components/ZLLPlatform/ZLL/D_XNv/src\
#        -I
#        D:\support_project\Qtouch_samr21_validation\BitCloud_SAMR21_3_2_0\BitCloud_SAMR21_3_2_0\Applications\HADevice\iar_projects/../../../BitCloud/Components/ZLLPlatform/ZLL/S_XNv/src\
#        -I
#        D:\support_project\Qtouch_samr21_validation\BitCloud_SAMR21_3_2_0\BitCloud_SAMR21_3_2_0\Applications\HADevice\iar_projects/../../../BitCloud/Components/Security/TrustCentre/include\
#        -I
#        D:\support_project\Qtouch_samr21_validation\BitCloud_SAMR21_3_2_0\BitCloud_SAMR21_3_2_0\Applications\HADevice\iar_projects/../../../BitCloud/Components/Security/ServiceProvider/include\
#        -I
#        D:\support_project\Qtouch_samr21_validation\BitCloud_SAMR21_3_2_0\BitCloud_SAMR21_3_2_0\Applications\HADevice\iar_projects/../../../BitCloud/Components/HAL/drivers/include\
#        -I
#        D:\support_project\Qtouch_samr21_validation\BitCloud_SAMR21_3_2_0\BitCloud_SAMR21_3_2_0\Applications\HADevice\iar_projects/../../../BitCloud/Components/HAL/drivers/VCP/include\
#        -I
#        D:\support_project\Qtouch_samr21_validation\BitCloud_SAMR21_3_2_0\BitCloud_SAMR21_3_2_0\Applications\HADevice\iar_projects/../../../BitCloud/Components/HAL/cortexm0+/atsamr21/common/include\
#        -I
#        D:\support_project\Qtouch_samr21_validation\BitCloud_SAMR21_3_2_0\BitCloud_SAMR21_3_2_0\Applications\HADevice\iar_projects/../../../BitCloud/Components/ZCL/include/private\
#        -I
#        D:\support_project\Qtouch_samr21_validation\BitCloud_SAMR21_3_2_0\BitCloud_SAMR21_3_2_0\Applications\HADevice\iar_projects/../../../BitCloud/Components/ZCL/include\
#        -I
#        D:\support_project\Qtouch_samr21_validation\BitCloud_SAMR21_3_2_0\BitCloud_SAMR21_3_2_0\Applications\HADevice\iar_projects/../../../BitCloud/Components/MAC_PHY/include\
#        -I
#        D:\support_project\Qtouch_samr21_validation\BitCloud_SAMR21_3_2_0\BitCloud_SAMR21_3_2_0\Applications\HADevice\iar_projects/../../../BitCloud/Components/MAC_PHY/MAC_ENV/include\
#        -I
#        D:\support_project\Qtouch_samr21_validation\BitCloud_SAMR21_3_2_0\BitCloud_SAMR21_3_2_0\Applications\HADevice\iar_projects/../../../BitCloud/Components/MAC_PHY/MAC_HWI/include\
#        -I
#        D:\support_project\Qtouch_samr21_validation\BitCloud_SAMR21_3_2_0\BitCloud_SAMR21_3_2_0\Applications\HADevice\iar_projects/../../../BitCloud/Components/MAC_PHY/MAC_HWD_PHY/include\
#        -I
#        D:\support_project\Qtouch_samr21_validation\BitCloud_SAMR21_3_2_0\BitCloud_SAMR21_3_2_0\Applications\HADevice\iar_projects/../../../BitCloud/Components/MAC_PHY/MAC_HWD_PHY/RF231_RF212/PHY/include\
#        -I
#        D:\support_project\Qtouch_samr21_validation\BitCloud_SAMR21_3_2_0\BitCloud_SAMR21_3_2_0\Applications\HADevice\iar_projects/../../../BitCloud/Components/MAC_PHY/MAC_HWD_PHY/RF231_RF212/MAC_HWD/include\
#        -Ohz --use_c++_inline
#    List file    =  
#        D:\support_project\Qtouch_samr21_validation\BitCloud_SAMR21_3_2_0\BitCloud_SAMR21_3_2_0\Applications\HADevice\iar_projects\All_StdlinkSec_SamR21_Atsamr21g18a_Rf233_8Mhz/List\thClusters.lst
#    Object file  =  
#        D:\support_project\Qtouch_samr21_validation\BitCloud_SAMR21_3_2_0\BitCloud_SAMR21_3_2_0\Applications\HADevice\iar_projects\All_StdlinkSec_SamR21_Atsamr21g18a_Rf233_8Mhz/Obj\thClusters.o
#
###############################################################################

D:\support_project\Qtouch_samr21_validation\BitCloud_SAMR21_3_2_0\BitCloud_SAMR21_3_2_0\Applications\HADevice\thermostat\src\thClusters.c
      1          /**************************************************************************//**
      2            \file thClusters.c
      3          
      4            \brief
      5              Thermostat clusters implementation.
      6          
      7            \author
      8              Atmel Corporation: http://www.atmel.com \n
      9              Support email: avr@atmel.com
     10          
     11            Copyright (c) 2008-2015, Atmel Corporation. All rights reserved.
     12            Licensed under Atmel's Limited License Agreement (BitCloudTM).
     13          
     14            \internal
     15              History:
     16              09/09/2014 Unithra.C - Created.
     17          ******************************************************************************/
     18          
     19          #ifdef APP_DEVICE_TYPE_THERMOSTAT
     20          /******************************************************************************
     21                              Includes section
     22          ******************************************************************************/
     23          #include <thClusters.h>
     24          #include <basicCluster.h>
     25          #include <identifyCluster.h>
     26          #include <thBasicCluster.h>
     27          #include <thIdentifyCluster.h>
     28          #include <thThermostatCluster.h>
     29          #include <thThermostatUiConfCluster.h>
     30          #include <thOccupancySensingCluster.h>
     31          #include <thFanControlCluster.h>
     32          #include <thDiagnosticsCluster.h>
     33          #include <thTimeCluster.h>
     34          #include <thAlarmsCluster.h>
     35          #include <thHumidityMeasurementCluster.h>
     36          #include <thGroupsCluster.h>
     37          #include <thScenesCluster.h>
     38          #include <thTemperatureMeasurementCluster.h>
     39          
     40          /******************************************************************************
     41                              Global variables
     42          ******************************************************************************/

   \                                 In section .data, align 4
     43          ZCL_Cluster_t thServerClusters[TH_SERVER_CLUSTERS_COUNT] =
   \                     thServerClusters:
   \   00000000   0x0000             DC16 0
   \   00000002   0x00 0x08          DC8 0, 8
   \   00000004   0x........         DC32 thBasicClusterServerAttributes
   \   00000008   0x01 0x00          DC8 1, 0, 0, 0
   \              0x00 0x00    
   \   0000000C   0x........         DC32 thBasicClusterServerCommands
   \   00000010   0x00 0x00          DC8 0, 0, 0, 0, 0, 0, 0, 0, 0, 0, 0, 0, 0, 0, 0, 0
   \              0x00 0x00    
   \              0x00 0x00    
   \              0x00 0x00    
   \              0x00 0x00    
   \              0x00 0x00    
   \              0x00 0x00    
   \              0x00 0x00    
   \   00000020   0x0003             DC16 3
   \   00000022   0x00 0x02          DC8 0, 2
   \   00000024   0x........         DC32 thIdentifyClusterServerAttributes
   \   00000028   0x05 0x00          DC8 5, 0, 0, 0
   \              0x00 0x00    
   \   0000002C   0x........         DC32 thIdentifyCommands
   \   00000030   0x00 0x00          DC8 0, 0, 0, 0, 0, 0, 0, 0, 0, 0, 0, 0, 0, 0, 0, 0
   \              0x00 0x00    
   \              0x00 0x00    
   \              0x00 0x00    
   \              0x00 0x00    
   \              0x00 0x00    
   \              0x00 0x00    
   \              0x00 0x00    
   \   00000040   0x0201             DC16 513
   \   00000042   0x00 0x18          DC8 0, 24
   \   00000044   0x........         DC32 thThermostatClusterServerAttributes
   \   00000048   0x01 0x00          DC8 1, 0, 0, 0
   \              0x00 0x00    
   \   0000004C   0x........         DC32 thThermostatClusterServerCommands
   \   00000050   0x00 0x00          DC8 0, 0, 0, 0, 0, 0, 0, 0, 0, 0, 0, 0, 0, 0, 0, 0
   \              0x00 0x00    
   \              0x00 0x00    
   \              0x00 0x00    
   \              0x00 0x00    
   \              0x00 0x00    
   \              0x00 0x00    
   \              0x00 0x00    
   \   00000060   0x0204             DC16 516
   \   00000062   0x00 0x03          DC8 0, 3
   \   00000064   0x........         DC32 thThermostatUiConfClusterServerAttributes
   \   00000068   0x00 0x00          DC8 0, 0, 0, 0
   \              0x00 0x00    
   \   0000006C   0x00000000         DC32 0H
   \   00000070   0x00 0x00          DC8 0, 0, 0, 0, 0, 0, 0, 0, 0, 0, 0, 0, 0, 0, 0, 0
   \              0x00 0x00    
   \              0x00 0x00    
   \              0x00 0x00    
   \              0x00 0x00    
   \              0x00 0x00    
   \              0x00 0x00    
   \              0x00 0x00    
   \   00000080   0x0406             DC16 1030
   \   00000082   0x00 0x08          DC8 0, 8
   \   00000084   0x........         DC32 thOccupancySensingClusterServerAttributes
   \   00000088   0x00 0x00          DC8 0, 0, 0, 0
   \              0x00 0x00    
   \   0000008C   0x00000000         DC32 0H
   \   00000090   0x00 0x00          DC8 0, 0, 0, 0, 0, 0, 0, 0, 0, 0, 0, 0, 0, 0, 0, 0
   \              0x00 0x00    
   \              0x00 0x00    
   \              0x00 0x00    
   \              0x00 0x00    
   \              0x00 0x00    
   \              0x00 0x00    
   \              0x00 0x00    
   \   000000A0   0x0B05             DC16 2821
   \   000000A2   0x00 0x03          DC8 0, 3
   \   000000A4   0x........         DC32 thDiagnosticsClusterServerAttributes
   \   000000A8   0x00 0x00          DC8 0, 0, 0, 0
   \              0x00 0x00    
   \   000000AC   0x00000000         DC32 0H
   \   000000B0   0x00 0x00          DC8 0, 0, 0, 0, 0, 0, 0, 0, 0, 0, 0, 0, 0, 0, 0, 0
   \              0x00 0x00    
   \              0x00 0x00    
   \              0x00 0x00    
   \              0x00 0x00    
   \              0x00 0x00    
   \              0x00 0x00    
   \              0x00 0x00    
   \   000000C0   0x0009             DC16 9
   \   000000C2   0x00 0x01          DC8 0, 1
   \   000000C4   0x........         DC32 thAlarmsClusterServerAttributes
   \   000000C8   0x04 0x00          DC8 4, 0, 0, 0
   \              0x00 0x00    
   \   000000CC   0x........         DC32 thAlarmsClusterServerCommands
   \   000000D0   0x00 0x00          DC8 0, 0, 0, 0, 0, 0, 0, 0, 0, 0, 0, 0, 0, 0, 0, 0
   \              0x00 0x00    
   \              0x00 0x00    
   \              0x00 0x00    
   \              0x00 0x00    
   \              0x00 0x00    
   \              0x00 0x00    
   \              0x00 0x00    
   \   000000E0   0x0405             DC16 1029
   \   000000E2   0x00 0x04          DC8 0, 4
   \   000000E4   0x........         DC32 thHumidityMeasurementClusterServerAttributes
   \   000000E8   0x00 0x00          DC8 0, 0, 0, 0
   \              0x00 0x00    
   \   000000EC   0x00000000         DC32 0H
   \   000000F0   0x00 0x00          DC8 0, 0, 0, 0, 0, 0, 0, 0, 0, 0, 0, 0, 0, 0, 0, 0
   \              0x00 0x00    
   \              0x00 0x00    
   \              0x00 0x00    
   \              0x00 0x00    
   \              0x00 0x00    
   \              0x00 0x00    
   \              0x00 0x00    
   \   00000100   0x0202             DC16 514
   \   00000102   0x00 0x02          DC8 0, 2
   \   00000104   0x........         DC32 thFanControlClusterServerAttributes
   \   00000108   0x00 0x00          DC8 0, 0, 0, 0
   \              0x00 0x00    
   \   0000010C   0x00000000         DC32 0H
   \   00000110   0x00 0x00          DC8 0, 0, 0, 0, 0, 0, 0, 0, 0, 0, 0, 0, 0, 0, 0, 0
   \              0x00 0x00    
   \              0x00 0x00    
   \              0x00 0x00    
   \              0x00 0x00    
   \              0x00 0x00    
   \              0x00 0x00    
   \              0x00 0x00    
   \   00000120   0x0004             DC16 4
   \   00000122   0x00 0x01          DC8 0, 1
   \   00000124   0x........         DC32 thGroupsClusterServerAttributes
   \   00000128   0x0A 0x00          DC8 10, 0, 0, 0
   \              0x00 0x00    
   \   0000012C   0x........         DC32 thGroupsCommands
   \   00000130   0x00 0x00          DC8 0, 0, 0, 0, 0, 0, 0, 0, 0, 0, 0, 0, 0, 0, 0, 0
   \              0x00 0x00    
   \              0x00 0x00    
   \              0x00 0x00    
   \              0x00 0x00    
   \              0x00 0x00    
   \              0x00 0x00    
   \              0x00 0x00    
   \   00000140   0x0005             DC16 5
   \   00000142   0x00 0x05          DC8 0, 5
   \   00000144   0x........         DC32 thScenesClusterServerAttributes
   \   00000148   0x0D 0x00          DC8 13, 0, 0, 0
   \              0x00 0x00    
   \   0000014C   0x........         DC32 thScenesCommands
   \   00000150   0x00 0x00          DC8 0, 0, 0, 0, 0, 0, 0, 0, 0, 0, 0, 0, 0, 0, 0, 0
   \              0x00 0x00    
   \              0x00 0x00    
   \              0x00 0x00    
   \              0x00 0x00    
   \              0x00 0x00    
   \              0x00 0x00    
   \              0x00 0x00    
   \   00000160   0x0402             DC16 1026
   \   00000162   0x00 0x04          DC8 0, 4
   \   00000164   0x........         DC32 thTemperatureMeasurementClusterServerAttributes
   \   00000168   0x00 0x00          DC8 0, 0, 0, 0
   \              0x00 0x00    
   \   0000016C   0x00000000         DC32 0H
   \   00000170   0x00 0x00          DC8 0, 0, 0, 0, 0, 0, 0, 0, 0, 0, 0, 0, 0, 0, 0, 0
   \              0x00 0x00    
   \              0x00 0x00    
   \              0x00 0x00    
   \              0x00 0x00    
   \              0x00 0x00    
   \              0x00 0x00    
   \              0x00 0x00    
     44          {
     45            ZCL_DEFINE_BASIC_CLUSTER_SERVER(&thBasicClusterServerAttributes, &thBasicClusterServerCommands),
     46            DEFINE_IDENTIFY_CLUSTER(ZCL_SERVER_CLUSTER_TYPE, &thIdentifyClusterServerAttributes, &thIdentifyCommands),
     47            DEFINE_THERMOSTAT_CLUSTER(ZCL_SERVER_CLUSTER_TYPE, &thThermostatClusterServerAttributes, &thThermostatClusterServerCommands),
     48            DEFINE_THERMOSTAT_UI_CONF_CLUSTER(ZCL_SERVER_CLUSTER_TYPE, &thThermostatUiConfClusterServerAttributes, NULL),
     49            DEFINE_OCCUPANCY_SENSING_CLUSTER(ZCL_SERVER_CLUSTER_TYPE, &thOccupancySensingClusterServerAttributes, NULL),
     50            DEFINE_DIAGNOSTICS_CLUSTER(ZCL_SERVER_CLUSTER_TYPE, &thDiagnosticsClusterServerAttributes, NULL),
     51            DEFINE_ALARMS_CLUSTER(ZCL_SERVER_CLUSTER_TYPE, &thAlarmsClusterServerAttributes, &thAlarmsClusterServerCommands),
     52            DEFINE_HUMIDITY_MEASUREMENT_CLUSTER(ZCL_SERVER_CLUSTER_TYPE, &thHumidityMeasurementClusterServerAttributes),
     53            DEFINE_FAN_CONTROL_CLUSTER(ZCL_SERVER_CLUSTER_TYPE,&thFanControlClusterServerAttributes,NULL),
     54            DEFINE_GROUPS_CLUSTER(ZCL_SERVER_CLUSTER_TYPE, &thGroupsClusterServerAttributes, &thGroupsCommands),
     55            DEFINE_SCENES_CLUSTER(ZCL_SERVER_CLUSTER_TYPE, &thScenesClusterServerAttributes, &thScenesCommands),
     56            DEFINE_TEMPERATURE_MEASUREMENT_CLUSTER(ZCL_SERVER_CLUSTER_TYPE,&thTemperatureMeasurementClusterServerAttributes),
     57          };
     58          

   \                                 In section .data, align 4
     59          void (*thServerClusterInitFunctions[TH_SERVER_CLUSTER_INIT_COUNT])() =
   \                     thServerClusterInitFunctions:
   \   00000000   0x........         DC32 basicClusterInit, identifyClusterInit, thermostatClusterInit
   \              0x........   
   \              0x........   
   \   0000000C   0x........         DC32 thermostatUiConfClusterInit, occupancySensingClusterInit
   \              0x........   
   \   00000014   0x........         DC32 diagnosticsClusterInit, alarmsClusterInit
   \              0x........   
   \   0000001C   0x........         DC32 humidityMeasurementClusterInit, fanControlClusterInit
   \              0x........   
   \   00000024   0x........         DC32 groupsClusterInit, scenesClusterInit
   \              0x........   
   \   0000002C   0x........         DC32 thTemperatureMeasurementClusterInit
     60          {
     61            basicClusterInit,
     62            identifyClusterInit,
     63            thermostatClusterInit,
     64            thermostatUiConfClusterInit,
     65            occupancySensingClusterInit,
     66            diagnosticsClusterInit,
     67            alarmsClusterInit,
     68            humidityMeasurementClusterInit,
     69            fanControlClusterInit,
     70            groupsClusterInit,
     71            scenesClusterInit,
     72            thTemperatureMeasurementClusterInit,
     73          };
     74          

   \                                 In section .data, align 4
     75          ClusterId_t thServerClusterIds[TH_SERVER_CLUSTERS_COUNT] =
   \                     thServerClusterIds:
   \   00000000   0x0000 0x0003      DC16 0, 3, 513, 516, 1030, 2821, 9, 1029, 514, 4, 5, 1026
   \              0x0201 0x0204
   \              0x0406 0x0B05
   \              0x0009 0x0405
   \              0x0202 0x0004
   \              0x0005 0x0402
     76          {
     77            BASIC_CLUSTER_ID,
     78            IDENTIFY_CLUSTER_ID,
     79            THERMOSTAT_CLUSTER_ID,
     80            THERMOSTAT_UI_CONF_CLUSTER_ID,
     81            OCCUPANCY_SENSING_CLUSTER_ID,
     82            DIAGNOSTICS_CLUSTER_ID,
     83            ALARMS_CLUSTER_ID,
     84            HUMIDITY_MEASUREMENT_CLUSTER_ID,
     85            FAN_CONTROL_CLUSTER_ID,
     86            GROUPS_CLUSTER_ID,
     87            SCENES_CLUSTER_ID,
     88            TEMPERATURE_MEASUREMENT_CLUSTER_ID,
     89          };
     90          
     91          

   \                                 In section .data, align 4
     92          ZCL_Cluster_t thClientClusters[TH_CLIENT_CLUSTERS_COUNT] = 
   \                     thClientClusters:
   \   00000000   0x0406             DC16 1030
   \   00000002   0x01 0x00          DC8 1, 0
   \   00000004   0x00000000         DC32 0H
   \   00000008   0x00 0x00          DC8 0, 0, 0, 0
   \              0x00 0x00    
   \   0000000C   0x00000000         DC32 0H
   \   00000010   0x00 0x00          DC8 0, 0, 0, 0, 0, 0, 0, 0, 0, 0, 0, 0, 0, 0, 0, 0
   \              0x00 0x00    
   \              0x00 0x00    
   \              0x00 0x00    
   \              0x00 0x00    
   \              0x00 0x00    
   \              0x00 0x00    
   \              0x00 0x00    
   \   00000020   0x000A             DC16 10
   \   00000022   0x01 0x00          DC8 1, 0
   \   00000024   0x00000000         DC32 0H
   \   00000028   0x00 0x00          DC8 0, 0, 0, 0
   \              0x00 0x00    
   \   0000002C   0x00000000         DC32 0H
   \   00000030   0x00 0x00          DC8 0, 0, 0, 0, 0, 0, 0, 0, 0, 0, 0, 0, 0, 0, 0, 0
   \              0x00 0x00    
   \              0x00 0x00    
   \              0x00 0x00    
   \              0x00 0x00    
   \              0x00 0x00    
   \              0x00 0x00    
   \              0x00 0x00    
   \   00000040   0x0405             DC16 1029
   \   00000042   0x01 0x00          DC8 1, 0
   \   00000044   0x00000000         DC32 0H
   \   00000048   0x00 0x00          DC8 0, 0, 0, 0
   \              0x00 0x00    
   \   0000004C   0x00000000         DC32 0H
   \   00000050   0x00 0x00          DC8 0, 0, 0, 0, 0, 0, 0, 0, 0, 0, 0, 0, 0, 0, 0, 0
   \              0x00 0x00    
   \              0x00 0x00    
   \              0x00 0x00    
   \              0x00 0x00    
   \              0x00 0x00    
   \              0x00 0x00    
   \              0x00 0x00    
   \   00000060   0x0402             DC16 1026
   \   00000062   0x01 0x00          DC8 1, 0
   \   00000064   0x00000000         DC32 0H
   \   00000068   0x00 0x00          DC8 0, 0, 0, 0
   \              0x00 0x00    
   \   0000006C   0x00000000         DC32 0H
   \   00000070   0x00 0x00          DC8 0, 0, 0, 0, 0, 0, 0, 0, 0, 0, 0, 0, 0, 0, 0, 0
   \              0x00 0x00    
   \              0x00 0x00    
   \              0x00 0x00    
   \              0x00 0x00    
   \              0x00 0x00    
   \              0x00 0x00    
   \              0x00 0x00    
     93          {
     94            DEFINE_OCCUPANCY_SENSING_CLUSTER(ZCL_CLIENT_CLUSTER_TYPE, NULL, NULL),
     95            DEFINE_TIME_CLUSTER(ZCL_CLIENT_CLUSTER_TYPE, NULL, NULL),
     96            DEFINE_HUMIDITY_MEASUREMENT_CLUSTER(ZCL_CLIENT_CLUSTER_TYPE, NULL),
     97            DEFINE_TEMPERATURE_MEASUREMENT_CLUSTER(ZCL_CLIENT_CLUSTER_TYPE, NULL),
     98          };
     99          

   \                                 In section .data, align 4
    100          ClusterId_t thClientClusterIds[TH_CLIENT_CLUSTERS_COUNT] =
   \                     thClientClusterIds:
   \   00000000   0x0406 0x000A      DC16 1030, 10, 1029, 1026
   \              0x0405 0x0402
    101          {
    102            OCCUPANCY_SENSING_CLUSTER_ID,
    103            TIME_CLUSTER_ID,
    104            HUMIDITY_MEASUREMENT_CLUSTER_ID,
    105            TEMPERATURE_MEASUREMENT_CLUSTER_ID,
    106          #ifdef OTAU_CLIENT
    107            OTAU_CLUSTER_ID, // Always should be on last position in list of clusters ID.
    108          #endif
    109          };
    110          
    111          #ifdef OTAU_CLIENT
    112          void (*thClientClusterInitFunctions[TH_CLIENT_CLUSTER_INIT_COUNT])() =
    113          {
    114            NULL // need to call otau client init function
    115          };
    116          #endif
    117          
    118          #endif // APP_DEVICE_TYPE_THERMOSTAT
    119          
    120          // eof thClusters.c


   Section sizes:

   Bytes  Function/Label
   -----  --------------
       8  thClientClusterIds
     128  thClientClusters
      24  thServerClusterIds
      48  thServerClusterInitFunctions
     384  thServerClusters

 
 592 bytes in section .data
 
 592 bytes of DATA memory

Errors: none
Warnings: none
