###############################################################################
#
# IAR ANSI C/C++ Compiler V7.30.4.8167/W32 for ARM        31/Mar/2015  18:40:58
# Copyright 1999-2014 IAR Systems AB.
#
#    Cpu mode     =  thumb
#    Endian       =  little
#    Source file  =  
#        D:\support_project\Qtouch_samr21_validation\BitCloud_SAMR21_3_2_0\BitCloud_SAMR21_3_2_0\Applications\HADevice\thermostat\src\thDiagnosticsCluster.c
#    Command line =  
#        D:\support_project\Qtouch_samr21_validation\BitCloud_SAMR21_3_2_0\BitCloud_SAMR21_3_2_0\Applications\HADevice\thermostat\src\thDiagnosticsCluster.c
#        -D BOARD_SAMR21 -D BOARD_QTOUCH_XPRO -D AT86RF233 -D ATSAMR21G18A -D
#        HAL_8MHz -D STACK_TYPE_ALL -D STDLINK_SECURITY_MODE -lC
#        D:\support_project\Qtouch_samr21_validation\BitCloud_SAMR21_3_2_0\BitCloud_SAMR21_3_2_0\Applications\HADevice\iar_projects\All_StdlinkSec_SamR21_Atsamr21g18a_Rf233_8Mhz/List\
#        --diag_suppress Pa050,Pe188 -o
#        D:\support_project\Qtouch_samr21_validation\BitCloud_SAMR21_3_2_0\BitCloud_SAMR21_3_2_0\Applications\HADevice\iar_projects\All_StdlinkSec_SamR21_Atsamr21g18a_Rf233_8Mhz/Obj\
#        --debug --endian=little --cpu=Cortex-M0+ -e --fpu=None --dlib_config
#        "C:\Program Files\IAR Systems\Embedded Workbench
#        7.30\arm\INC\c\DLib_Config_Full.h" --preinclude
#        MakerulesBc_All_StdlinkSec_Atsamr21g18a_Rf233_Iar.h -I
#        D:\support_project\Qtouch_samr21_validation\BitCloud_SAMR21_3_2_0\BitCloud_SAMR21_3_2_0\Applications\HADevice\iar_projects/..\
#        -I
#        D:\support_project\Qtouch_samr21_validation\BitCloud_SAMR21_3_2_0\BitCloud_SAMR21_3_2_0\Applications\HADevice\iar_projects/../dimmableLight/include\
#        -I
#        D:\support_project\Qtouch_samr21_validation\BitCloud_SAMR21_3_2_0\BitCloud_SAMR21_3_2_0\Applications\HADevice\iar_projects/../dimmerSwitch/include\
#        -I
#        D:\support_project\Qtouch_samr21_validation\BitCloud_SAMR21_3_2_0\BitCloud_SAMR21_3_2_0\Applications\HADevice\iar_projects/../multiSensor/include\
#        -I
#        D:\support_project\Qtouch_samr21_validation\BitCloud_SAMR21_3_2_0\BitCloud_SAMR21_3_2_0\Applications\HADevice\iar_projects/../thermostat/include\
#        -I
#        D:\support_project\Qtouch_samr21_validation\BitCloud_SAMR21_3_2_0\BitCloud_SAMR21_3_2_0\Applications\HADevice\iar_projects/../ias_ace/include\
#        -I
#        D:\support_project\Qtouch_samr21_validation\BitCloud_SAMR21_3_2_0\BitCloud_SAMR21_3_2_0\Applications\HADevice\iar_projects/../combinedInterface/include\
#        -I
#        D:\support_project\Qtouch_samr21_validation\BitCloud_SAMR21_3_2_0\BitCloud_SAMR21_3_2_0\Applications\HADevice\iar_projects/../common/include\
#        -I
#        D:\support_project\Qtouch_samr21_validation\BitCloud_SAMR21_3_2_0\BitCloud_SAMR21_3_2_0\Applications\HADevice\iar_projects/../common/clusters/include\
#        -I
#        D:\support_project\Qtouch_samr21_validation\BitCloud_SAMR21_3_2_0\BitCloud_SAMR21_3_2_0\Applications\HADevice\iar_projects/../../../BitCloud/Components/BSP/SAMR21/include\
#        -I
#        D:\support_project\Qtouch_samr21_validation\BitCloud_SAMR21_3_2_0\BitCloud_SAMR21_3_2_0\Applications\HADevice\iar_projects/../../../BitCloud/Components/SystemEnvironment/include\
#        -I
#        D:\support_project\Qtouch_samr21_validation\BitCloud_SAMR21_3_2_0\BitCloud_SAMR21_3_2_0\Applications\HADevice\iar_projects/../../../BitCloud/lib\
#        -I
#        D:\support_project\Qtouch_samr21_validation\BitCloud_SAMR21_3_2_0\BitCloud_SAMR21_3_2_0\Applications\HADevice\iar_projects/../../../BitCloud/Components/HAL/include\
#        -I
#        D:\support_project\Qtouch_samr21_validation\BitCloud_SAMR21_3_2_0\BitCloud_SAMR21_3_2_0\Applications\HADevice\iar_projects/../../../BitCloud/Components/BSP\
#        -I
#        D:\support_project\Qtouch_samr21_validation\BitCloud_SAMR21_3_2_0\BitCloud_SAMR21_3_2_0\Applications\HADevice\iar_projects/../../../BitCloud/Components/BSP/include\
#        -I
#        D:\support_project\Qtouch_samr21_validation\BitCloud_SAMR21_3_2_0\BitCloud_SAMR21_3_2_0\Applications\HADevice\iar_projects/../../../BitCloud/Components/BSP/QTouch_XPRO/include\
#        -I
#        D:\support_project\Qtouch_samr21_validation\BitCloud_SAMR21_3_2_0\BitCloud_SAMR21_3_2_0\Applications\HADevice\iar_projects/../../../BitCloud/Components/NWK/include\
#        -I
#        D:\support_project\Qtouch_samr21_validation\BitCloud_SAMR21_3_2_0\BitCloud_SAMR21_3_2_0\Applications\HADevice\iar_projects/../../../BitCloud/Components/NWK/include/private\
#        -I
#        D:\support_project\Qtouch_samr21_validation\BitCloud_SAMR21_3_2_0\BitCloud_SAMR21_3_2_0\Applications\HADevice\iar_projects/../../../BitCloud/Components/ZDO/include\
#        -I
#        D:\support_project\Qtouch_samr21_validation\BitCloud_SAMR21_3_2_0\BitCloud_SAMR21_3_2_0\Applications\HADevice\iar_projects/../../../BitCloud/Components/ZDO/include/private\
#        -I
#        D:\support_project\Qtouch_samr21_validation\BitCloud_SAMR21_3_2_0\BitCloud_SAMR21_3_2_0\Applications\HADevice\iar_projects/../../../BitCloud/Components/APS/include\
#        -I
#        D:\support_project\Qtouch_samr21_validation\BitCloud_SAMR21_3_2_0\BitCloud_SAMR21_3_2_0\Applications\HADevice\iar_projects/../../../BitCloud/Components/APS/include/private\
#        -I
#        D:\support_project\Qtouch_samr21_validation\BitCloud_SAMR21_3_2_0\BitCloud_SAMR21_3_2_0\Applications\HADevice\iar_projects/../../../BitCloud/Components/SystemEnvironment/include\
#        -I
#        D:\support_project\Qtouch_samr21_validation\BitCloud_SAMR21_3_2_0\BitCloud_SAMR21_3_2_0\Applications\HADevice\iar_projects/../../../BitCloud/Components/ConfigServer/include\
#        -I
#        D:\support_project\Qtouch_samr21_validation\BitCloud_SAMR21_3_2_0\BitCloud_SAMR21_3_2_0\Applications\HADevice\iar_projects/../../../BitCloud/Components/ConfigServer/include/private\
#        -I
#        D:\support_project\Qtouch_samr21_validation\BitCloud_SAMR21_3_2_0\BitCloud_SAMR21_3_2_0\Applications\HADevice\iar_projects/../../../BitCloud/Components/PersistDataServer/include\
#        -I
#        D:\support_project\Qtouch_samr21_validation\BitCloud_SAMR21_3_2_0\BitCloud_SAMR21_3_2_0\Applications\HADevice\iar_projects/../../../BitCloud/Components/PersistDataServer/std/include\
#        -I
#        D:\support_project\Qtouch_samr21_validation\BitCloud_SAMR21_3_2_0\BitCloud_SAMR21_3_2_0\Applications\HADevice\iar_projects/../../../BitCloud/Components/PersistDataServer/wl/include\
#        -I
#        D:\support_project\Qtouch_samr21_validation\BitCloud_SAMR21_3_2_0\BitCloud_SAMR21_3_2_0\Applications\HADevice\iar_projects/../../../BitCloud/Components/ZLLPlatform/Infrastructure/N_Types/include\
#        -I
#        D:\support_project\Qtouch_samr21_validation\BitCloud_SAMR21_3_2_0\BitCloud_SAMR21_3_2_0\Applications\HADevice\iar_projects/../../../BitCloud/Components/ZLLPlatform/Infrastructure/N_Util/include\
#        -I
#        D:\support_project\Qtouch_samr21_validation\BitCloud_SAMR21_3_2_0\BitCloud_SAMR21_3_2_0\Applications\HADevice\iar_projects/../../../BitCloud/Components/ZLLPlatform/Infrastructure/N_Timer/include\
#        -I
#        D:\support_project\Qtouch_samr21_validation\BitCloud_SAMR21_3_2_0\BitCloud_SAMR21_3_2_0\Applications\HADevice\iar_projects/../../../BitCloud/Components/ZLLPlatform/Infrastructure/N_Task/include\
#        -I
#        D:\support_project\Qtouch_samr21_validation\BitCloud_SAMR21_3_2_0\BitCloud_SAMR21_3_2_0\Applications\HADevice\iar_projects/../../../BitCloud/Components/ZLLPlatform/Infrastructure/N_ErrH/include\
#        -I
#        D:\support_project\Qtouch_samr21_validation\BitCloud_SAMR21_3_2_0\BitCloud_SAMR21_3_2_0\Applications\HADevice\iar_projects/../../../BitCloud/Components/ZLLPlatform/Infrastructure/N_Log/include\
#        -I
#        D:\support_project\Qtouch_samr21_validation\BitCloud_SAMR21_3_2_0\BitCloud_SAMR21_3_2_0\Applications\HADevice\iar_projects/../../../BitCloud/Components/ZLLPlatform/Infrastructure/N_Memory/include\
#        -I
#        D:\support_project\Qtouch_samr21_validation\BitCloud_SAMR21_3_2_0\BitCloud_SAMR21_3_2_0\Applications\HADevice\iar_projects/../../../BitCloud/Components/ZLLPlatform/Infrastructure/N_Init/include\
#        -I
#        D:\support_project\Qtouch_samr21_validation\BitCloud_SAMR21_3_2_0\BitCloud_SAMR21_3_2_0\Applications\HADevice\iar_projects/../../../BitCloud/Components/ZLLPlatform/ZLL/S_Nv/include\
#        -I
#        D:\support_project\Qtouch_samr21_validation\BitCloud_SAMR21_3_2_0\BitCloud_SAMR21_3_2_0\Applications\HADevice\iar_projects/../../../BitCloud/Components/ZLLPlatform/ZLL/S_XNv/include\
#        -I
#        D:\support_project\Qtouch_samr21_validation\BitCloud_SAMR21_3_2_0\BitCloud_SAMR21_3_2_0\Applications\HADevice\iar_projects/../../../BitCloud/Components/ZLLPlatform/ZLL/D_Nv/include\
#        -I
#        D:\support_project\Qtouch_samr21_validation\BitCloud_SAMR21_3_2_0\BitCloud_SAMR21_3_2_0\Applications\HADevice\iar_projects/../../../BitCloud/Components/ZLLPlatform/ZLL/D_XNv/include\
#        -I
#        D:\support_project\Qtouch_samr21_validation\BitCloud_SAMR21_3_2_0\BitCloud_SAMR21_3_2_0\Applications\HADevice\iar_projects/../../../BitCloud/Components/ZLLPlatform/ZLL/D_XNv/src\
#        -I
#        D:\support_project\Qtouch_samr21_validation\BitCloud_SAMR21_3_2_0\BitCloud_SAMR21_3_2_0\Applications\HADevice\iar_projects/../../../BitCloud/Components/ZLLPlatform/ZLL/S_XNv/src\
#        -I
#        D:\support_project\Qtouch_samr21_validation\BitCloud_SAMR21_3_2_0\BitCloud_SAMR21_3_2_0\Applications\HADevice\iar_projects/../../../BitCloud/Components/Security/TrustCentre/include\
#        -I
#        D:\support_project\Qtouch_samr21_validation\BitCloud_SAMR21_3_2_0\BitCloud_SAMR21_3_2_0\Applications\HADevice\iar_projects/../../../BitCloud/Components/Security/ServiceProvider/include\
#        -I
#        D:\support_project\Qtouch_samr21_validation\BitCloud_SAMR21_3_2_0\BitCloud_SAMR21_3_2_0\Applications\HADevice\iar_projects/../../../BitCloud/Components/HAL/drivers/include\
#        -I
#        D:\support_project\Qtouch_samr21_validation\BitCloud_SAMR21_3_2_0\BitCloud_SAMR21_3_2_0\Applications\HADevice\iar_projects/../../../BitCloud/Components/HAL/drivers/VCP/include\
#        -I
#        D:\support_project\Qtouch_samr21_validation\BitCloud_SAMR21_3_2_0\BitCloud_SAMR21_3_2_0\Applications\HADevice\iar_projects/../../../BitCloud/Components/HAL/cortexm0+/atsamr21/common/include\
#        -I
#        D:\support_project\Qtouch_samr21_validation\BitCloud_SAMR21_3_2_0\BitCloud_SAMR21_3_2_0\Applications\HADevice\iar_projects/../../../BitCloud/Components/ZCL/include/private\
#        -I
#        D:\support_project\Qtouch_samr21_validation\BitCloud_SAMR21_3_2_0\BitCloud_SAMR21_3_2_0\Applications\HADevice\iar_projects/../../../BitCloud/Components/ZCL/include\
#        -I
#        D:\support_project\Qtouch_samr21_validation\BitCloud_SAMR21_3_2_0\BitCloud_SAMR21_3_2_0\Applications\HADevice\iar_projects/../../../BitCloud/Components/MAC_PHY/include\
#        -I
#        D:\support_project\Qtouch_samr21_validation\BitCloud_SAMR21_3_2_0\BitCloud_SAMR21_3_2_0\Applications\HADevice\iar_projects/../../../BitCloud/Components/MAC_PHY/MAC_ENV/include\
#        -I
#        D:\support_project\Qtouch_samr21_validation\BitCloud_SAMR21_3_2_0\BitCloud_SAMR21_3_2_0\Applications\HADevice\iar_projects/../../../BitCloud/Components/MAC_PHY/MAC_HWI/include\
#        -I
#        D:\support_project\Qtouch_samr21_validation\BitCloud_SAMR21_3_2_0\BitCloud_SAMR21_3_2_0\Applications\HADevice\iar_projects/../../../BitCloud/Components/MAC_PHY/MAC_HWD_PHY/include\
#        -I
#        D:\support_project\Qtouch_samr21_validation\BitCloud_SAMR21_3_2_0\BitCloud_SAMR21_3_2_0\Applications\HADevice\iar_projects/../../../BitCloud/Components/MAC_PHY/MAC_HWD_PHY/RF231_RF212/PHY/include\
#        -I
#        D:\support_project\Qtouch_samr21_validation\BitCloud_SAMR21_3_2_0\BitCloud_SAMR21_3_2_0\Applications\HADevice\iar_projects/../../../BitCloud/Components/MAC_PHY/MAC_HWD_PHY/RF231_RF212/MAC_HWD/include\
#        -Ohz --use_c++_inline
#    List file    =  
#        D:\support_project\Qtouch_samr21_validation\BitCloud_SAMR21_3_2_0\BitCloud_SAMR21_3_2_0\Applications\HADevice\iar_projects\All_StdlinkSec_SamR21_Atsamr21g18a_Rf233_8Mhz/List\thDiagnosticsCluster.lst
#    Object file  =  
#        D:\support_project\Qtouch_samr21_validation\BitCloud_SAMR21_3_2_0\BitCloud_SAMR21_3_2_0\Applications\HADevice\iar_projects\All_StdlinkSec_SamR21_Atsamr21g18a_Rf233_8Mhz/Obj\thDiagnosticsCluster.o
#
###############################################################################

D:\support_project\Qtouch_samr21_validation\BitCloud_SAMR21_3_2_0\BitCloud_SAMR21_3_2_0\Applications\HADevice\thermostat\src\thDiagnosticsCluster.c
      1          /**************************************************************************//**
      2            \file thDiagnosticsCluster.c
      3          
      4            \brief
      5              Thermostat Diagnostics cluster implementation.
      6          
      7            \author
      8              Atmel Corporation: http://www.atmel.com \n
      9              Support email: avr@atmel.com
     10          
     11            Copyright (c) 2008-2015, Atmel Corporation. All rights reserved.
     12            Licensed under Atmel's Limited License Agreement (BitCloudTM).
     13          
     14            \internal
     15              History:
     16              14.11.14 Parthasarathy G - Created.
     17          ******************************************************************************/
     18          #ifdef APP_DEVICE_TYPE_THERMOSTAT
     19          
     20          /******************************************************************************
     21                              Includes section
     22          ******************************************************************************/
     23          #include <haClusters.h>
     24          #include <uartManager.h>
     25          #include <commandManager.h>
     26          #include <pdsDataServer.h>
     27          #include <zclDevice.h>
     28          #include <ezModeManager.h>
     29          #include <thDiagnosticsCluster.h>
     30          
     31          /******************************************************************************
     32                              Definition(s) section
     33          ******************************************************************************/
     34          
     35          
     36          /******************************************************************************
     37                              Prototypes section
     38          ******************************************************************************/
     39          static void thDiagnosticsEventListener(SYS_EventId_t eventId, SYS_EventData_t data);
     40          
     41          /******************************************************************************
     42                              Global variables section
     43          ******************************************************************************/
     44          ZCL_DiagnosticsClusterServerAttributes_t thDiagnosticsClusterServerAttributes =
     45          {
     46            ZCL_DEFINE_DIAGNOSTICS_CLUSTER_SERVER_ATTRIBUTES()
     47          };
     48          
     49          /******************************************************************************
     50                              Static variables section
     51          ******************************************************************************/
     52          static SYS_EventReceiver_t thEventReceiver = { .func = thDiagnosticsEventListener};
     53          /******************************************************************************
     54                              Implementation section
     55          ******************************************************************************/
     56          /**************************************************************************//**
     57          \brief Initializes diagnostics cluster
     58          ******************************************************************************/

   \                                 In section .text, align 2, keep-with-next
     59          void diagnosticsClusterInit(void)
     60          {
   \                     diagnosticsClusterInit: (+1)
   \   00000000   0xB510             PUSH     {R4,LR}
     61            thDiagnosticsClusterServerAttributes.averageMACRetryPerAPSMessageSent.value = 0;
   \   00000002   0x....             LDR      R4,??DataTable1
   \   00000004   0x2000             MOVS     R0,#+0
   \   00000006   0x80A0             STRH     R0,[R4, #+4]
     62            thDiagnosticsClusterServerAttributes.lastMessageLQI.value = 0;
   \   00000008   0x73A0             STRB     R0,[R4, #+14]
     63            thDiagnosticsClusterServerAttributes.lastMessageRSSI.value = 0;
   \   0000000A   0x7560             STRB     R0,[R4, #+21]
     64            SYS_SubscribeToEvent(BC_EVENT_APS_DATA_INDICATION, &thEventReceiver);
   \   0000000C   0x0021             MOVS     R1,R4
   \   0000000E   0x311C             ADDS     R1,R1,#+28
   \   00000010   0x203B             MOVS     R0,#+59
   \   00000012   0x.... 0x....      BL       SYS_SubscribeToEvent
     65            SYS_SubscribeToEvent(BC_EVENT_NWK_DATA_CONFIRM, &thEventReceiver);
   \   00000016   0x341C             ADDS     R4,R4,#+28
   \   00000018   0x0021             MOVS     R1,R4
   \   0000001A   0x203C             MOVS     R0,#+60
   \   0000001C   0x.... 0x....      BL       SYS_SubscribeToEvent
     66          }
   \   00000020   0xBD10             POP      {R4,PC}          ;; return
     67          

   \                                 In section .text, align 2, keep-with-next
     68          static void thDiagnosticsEventListener(SYS_EventId_t eventId, SYS_EventData_t data)
     69          {
     70            switch(eventId)
   \                     thDiagnosticsEventListener: (+1)
   \   00000000   0x....             LDR      R2,??DataTable1
   \   00000002   0x283B             CMP      R0,#+59
   \   00000004   0xD002             BEQ      ??thDiagnosticsEventListener_0
   \   00000006   0x283C             CMP      R0,#+60
   \   00000008   0xD007             BEQ      ??thDiagnosticsEventListener_1
   \   0000000A   0x4770             BX       LR
     71            {
     72              case BC_EVENT_APS_DATA_INDICATION:
     73                if(NULL != (APS_DataQualityIndicator_t *)data)
   \                     ??thDiagnosticsEventListener_0: (+1)
   \   0000000C   0x2900             CMP      R1,#+0
   \   0000000E   0xD014             BEQ      ??thDiagnosticsEventListener_2
     74                {
     75                  APS_DataQualityIndicator_t *apsDataQualityIndicator = (APS_DataQualityIndicator_t *)data;
     76                  thDiagnosticsClusterServerAttributes.lastMessageLQI.value = apsDataQualityIndicator->linkQuality;
   \   00000010   0x7808             LDRB     R0,[R1, #+0]
   \   00000012   0x7390             STRB     R0,[R2, #+14]
     77                  thDiagnosticsClusterServerAttributes.lastMessageRSSI.value = apsDataQualityIndicator->rssi;
   \   00000014   0x7848             LDRB     R0,[R1, #+1]
   \   00000016   0x7550             STRB     R0,[R2, #+21]
   \   00000018   0x4770             BX       LR
     78                }
     79                break;
     80          
     81              case BC_EVENT_NWK_DATA_CONFIRM:
     82                if(NULL != (uint16_t*)data)
   \                     ??thDiagnosticsEventListener_1: (+1)
   \   0000001A   0x2900             CMP      R1,#+0
   \   0000001C   0xD00D             BEQ      ??thDiagnosticsEventListener_2
     83                {
     84                  static bool firstPacket = 1;
     85                  if(firstPacket)
   \   0000001E   0x8808             LDRH     R0,[R1, #+0]
   \   00000020   0x7E11             LDRB     R1,[R2, #+24]
   \   00000022   0x2900             CMP      R1,#+0
   \   00000024   0xD003             BEQ      ??thDiagnosticsEventListener_3
     86                  {
     87                    thDiagnosticsClusterServerAttributes.averageMACRetryPerAPSMessageSent.value
     88                      = *(uint16_t*)data;
   \   00000026   0x8090             STRH     R0,[R2, #+4]
     89                    firstPacket = 0;
   \   00000028   0x2000             MOVS     R0,#+0
   \   0000002A   0x7610             STRB     R0,[R2, #+24]
   \   0000002C   0x4770             BX       LR
     90                  }
     91                  else
     92                  {
     93                    thDiagnosticsClusterServerAttributes.averageMACRetryPerAPSMessageSent.value
     94                      = (thDiagnosticsClusterServerAttributes.averageMACRetryPerAPSMessageSent.value 
     95                        + *(uint16_t*)data) / 2;
   \                     ??thDiagnosticsEventListener_3: (+1)
   \   0000002E   0x8891             LDRH     R1,[R2, #+4]
   \   00000030   0x1808             ADDS     R0,R1,R0
   \   00000032   0x0FC1             LSRS     R1,R0,#+31
   \   00000034   0x1808             ADDS     R0,R1,R0
   \   00000036   0x1040             ASRS     R0,R0,#+1
   \   00000038   0x8090             STRH     R0,[R2, #+4]
     96                  }
     97                }
     98                break;
     99              default:
    100                break;
    101            }
    102          }
   \                     ??thDiagnosticsEventListener_2: (+1)
   \   0000003A   0x4770             BX       LR               ;; return

   \                                 In section .data, align 4
   \                     thDiagnosticsClusterServerAttributes:
   \   00000000   0x011B             DC16 283
   \   00000002   0x29 0x12          DC8 41, 18
   \   00000004   0x0000 0x0000      DC16 0, 0, 65535, 284
   \              0xFFFF 0x011C
   \   0000000C   0x20 0x12          DC8 32, 18, 0, 0, 255
   \              0x00 0x00    
   \              0xFF         
   \   00000011   0x011D             DC16 285
   \   00000013   0x28 0x12          DC8 40, 18, 0, 0, -1
   \              0x00 0x00    
   \              0xFF         
   \   00000018   0x01               DC8 1
   \   00000019   0x00 0x00          DC8 0, 0, 0
   \              0x00         
   \   0000001C   0x00000000         DC32 0H
   \   00000020   0x00 0x00          DC8 0, 0, 0, 0, 0, 0, 0, 0
   \              0x00 0x00    
   \              0x00 0x00    
   \              0x00 0x00    
   \   00000028   0x........         DC32 thDiagnosticsEventListener

   \                                 In section .text, align 4, keep-with-next
   \                     ??DataTable1:
   \   00000000   0x........         DC32     thDiagnosticsClusterServerAttributes
    103          #endif // APP_DEVICE_TYPE_THERMOSTAT
    104          
    105          // eof thDiagnosticsCluster.c
    106          

   Maximum stack usage in bytes:

   .cstack Function
   ------- --------
       8   diagnosticsClusterInit
         8   -> SYS_SubscribeToEvent
       0   thDiagnosticsEventListener


   Section sizes:

   Bytes  Function/Label
   -----  --------------
       4  ??DataTable1
      34  diagnosticsClusterInit
      44  thDiagnosticsClusterServerAttributes
          firstPacket
          thEventReceiver
      60  thDiagnosticsEventListener

 
 44 bytes in section .data
 98 bytes in section .text
 
 98 bytes of CODE memory
 44 bytes of DATA memory

Errors: none
Warnings: none
