###############################################################################
#
# IAR ANSI C/C++ Compiler V7.30.4.8167/W32 for ARM        31/Mar/2015  18:41:04
# Copyright 1999-2014 IAR Systems AB.
#
#    Cpu mode     =  thumb
#    Endian       =  little
#    Source file  =  
#        D:\support_project\Qtouch_samr21_validation\BitCloud_SAMR21_3_2_0\BitCloud_SAMR21_3_2_0\Applications\HADevice\thermostat\src\thPdt.c
#    Command line =  
#        D:\support_project\Qtouch_samr21_validation\BitCloud_SAMR21_3_2_0\BitCloud_SAMR21_3_2_0\Applications\HADevice\thermostat\src\thPdt.c
#        -D BOARD_SAMR21 -D BOARD_QTOUCH_XPRO -D AT86RF233 -D ATSAMR21G18A -D
#        HAL_8MHz -D STACK_TYPE_ALL -D STDLINK_SECURITY_MODE -lC
#        D:\support_project\Qtouch_samr21_validation\BitCloud_SAMR21_3_2_0\BitCloud_SAMR21_3_2_0\Applications\HADevice\iar_projects\All_StdlinkSec_SamR21_Atsamr21g18a_Rf233_8Mhz/List\
#        --diag_suppress Pa050,Pe188 -o
#        D:\support_project\Qtouch_samr21_validation\BitCloud_SAMR21_3_2_0\BitCloud_SAMR21_3_2_0\Applications\HADevice\iar_projects\All_StdlinkSec_SamR21_Atsamr21g18a_Rf233_8Mhz/Obj\
#        --debug --endian=little --cpu=Cortex-M0+ -e --fpu=None --dlib_config
#        "C:\Program Files\IAR Systems\Embedded Workbench
#        7.30\arm\INC\c\DLib_Config_Full.h" --preinclude
#        MakerulesBc_All_StdlinkSec_Atsamr21g18a_Rf233_Iar.h -I
#        D:\support_project\Qtouch_samr21_validation\BitCloud_SAMR21_3_2_0\BitCloud_SAMR21_3_2_0\Applications\HADevice\iar_projects/..\
#        -I
#        D:\support_project\Qtouch_samr21_validation\BitCloud_SAMR21_3_2_0\BitCloud_SAMR21_3_2_0\Applications\HADevice\iar_projects/../dimmableLight/include\
#        -I
#        D:\support_project\Qtouch_samr21_validation\BitCloud_SAMR21_3_2_0\BitCloud_SAMR21_3_2_0\Applications\HADevice\iar_projects/../dimmerSwitch/include\
#        -I
#        D:\support_project\Qtouch_samr21_validation\BitCloud_SAMR21_3_2_0\BitCloud_SAMR21_3_2_0\Applications\HADevice\iar_projects/../multiSensor/include\
#        -I
#        D:\support_project\Qtouch_samr21_validation\BitCloud_SAMR21_3_2_0\BitCloud_SAMR21_3_2_0\Applications\HADevice\iar_projects/../thermostat/include\
#        -I
#        D:\support_project\Qtouch_samr21_validation\BitCloud_SAMR21_3_2_0\BitCloud_SAMR21_3_2_0\Applications\HADevice\iar_projects/../ias_ace/include\
#        -I
#        D:\support_project\Qtouch_samr21_validation\BitCloud_SAMR21_3_2_0\BitCloud_SAMR21_3_2_0\Applications\HADevice\iar_projects/../combinedInterface/include\
#        -I
#        D:\support_project\Qtouch_samr21_validation\BitCloud_SAMR21_3_2_0\BitCloud_SAMR21_3_2_0\Applications\HADevice\iar_projects/../common/include\
#        -I
#        D:\support_project\Qtouch_samr21_validation\BitCloud_SAMR21_3_2_0\BitCloud_SAMR21_3_2_0\Applications\HADevice\iar_projects/../common/clusters/include\
#        -I
#        D:\support_project\Qtouch_samr21_validation\BitCloud_SAMR21_3_2_0\BitCloud_SAMR21_3_2_0\Applications\HADevice\iar_projects/../../../BitCloud/Components/BSP/SAMR21/include\
#        -I
#        D:\support_project\Qtouch_samr21_validation\BitCloud_SAMR21_3_2_0\BitCloud_SAMR21_3_2_0\Applications\HADevice\iar_projects/../../../BitCloud/Components/SystemEnvironment/include\
#        -I
#        D:\support_project\Qtouch_samr21_validation\BitCloud_SAMR21_3_2_0\BitCloud_SAMR21_3_2_0\Applications\HADevice\iar_projects/../../../BitCloud/lib\
#        -I
#        D:\support_project\Qtouch_samr21_validation\BitCloud_SAMR21_3_2_0\BitCloud_SAMR21_3_2_0\Applications\HADevice\iar_projects/../../../BitCloud/Components/HAL/include\
#        -I
#        D:\support_project\Qtouch_samr21_validation\BitCloud_SAMR21_3_2_0\BitCloud_SAMR21_3_2_0\Applications\HADevice\iar_projects/../../../BitCloud/Components/BSP\
#        -I
#        D:\support_project\Qtouch_samr21_validation\BitCloud_SAMR21_3_2_0\BitCloud_SAMR21_3_2_0\Applications\HADevice\iar_projects/../../../BitCloud/Components/BSP/include\
#        -I
#        D:\support_project\Qtouch_samr21_validation\BitCloud_SAMR21_3_2_0\BitCloud_SAMR21_3_2_0\Applications\HADevice\iar_projects/../../../BitCloud/Components/BSP/QTouch_XPRO/include\
#        -I
#        D:\support_project\Qtouch_samr21_validation\BitCloud_SAMR21_3_2_0\BitCloud_SAMR21_3_2_0\Applications\HADevice\iar_projects/../../../BitCloud/Components/NWK/include\
#        -I
#        D:\support_project\Qtouch_samr21_validation\BitCloud_SAMR21_3_2_0\BitCloud_SAMR21_3_2_0\Applications\HADevice\iar_projects/../../../BitCloud/Components/NWK/include/private\
#        -I
#        D:\support_project\Qtouch_samr21_validation\BitCloud_SAMR21_3_2_0\BitCloud_SAMR21_3_2_0\Applications\HADevice\iar_projects/../../../BitCloud/Components/ZDO/include\
#        -I
#        D:\support_project\Qtouch_samr21_validation\BitCloud_SAMR21_3_2_0\BitCloud_SAMR21_3_2_0\Applications\HADevice\iar_projects/../../../BitCloud/Components/ZDO/include/private\
#        -I
#        D:\support_project\Qtouch_samr21_validation\BitCloud_SAMR21_3_2_0\BitCloud_SAMR21_3_2_0\Applications\HADevice\iar_projects/../../../BitCloud/Components/APS/include\
#        -I
#        D:\support_project\Qtouch_samr21_validation\BitCloud_SAMR21_3_2_0\BitCloud_SAMR21_3_2_0\Applications\HADevice\iar_projects/../../../BitCloud/Components/APS/include/private\
#        -I
#        D:\support_project\Qtouch_samr21_validation\BitCloud_SAMR21_3_2_0\BitCloud_SAMR21_3_2_0\Applications\HADevice\iar_projects/../../../BitCloud/Components/SystemEnvironment/include\
#        -I
#        D:\support_project\Qtouch_samr21_validation\BitCloud_SAMR21_3_2_0\BitCloud_SAMR21_3_2_0\Applications\HADevice\iar_projects/../../../BitCloud/Components/ConfigServer/include\
#        -I
#        D:\support_project\Qtouch_samr21_validation\BitCloud_SAMR21_3_2_0\BitCloud_SAMR21_3_2_0\Applications\HADevice\iar_projects/../../../BitCloud/Components/ConfigServer/include/private\
#        -I
#        D:\support_project\Qtouch_samr21_validation\BitCloud_SAMR21_3_2_0\BitCloud_SAMR21_3_2_0\Applications\HADevice\iar_projects/../../../BitCloud/Components/PersistDataServer/include\
#        -I
#        D:\support_project\Qtouch_samr21_validation\BitCloud_SAMR21_3_2_0\BitCloud_SAMR21_3_2_0\Applications\HADevice\iar_projects/../../../BitCloud/Components/PersistDataServer/std/include\
#        -I
#        D:\support_project\Qtouch_samr21_validation\BitCloud_SAMR21_3_2_0\BitCloud_SAMR21_3_2_0\Applications\HADevice\iar_projects/../../../BitCloud/Components/PersistDataServer/wl/include\
#        -I
#        D:\support_project\Qtouch_samr21_validation\BitCloud_SAMR21_3_2_0\BitCloud_SAMR21_3_2_0\Applications\HADevice\iar_projects/../../../BitCloud/Components/ZLLPlatform/Infrastructure/N_Types/include\
#        -I
#        D:\support_project\Qtouch_samr21_validation\BitCloud_SAMR21_3_2_0\BitCloud_SAMR21_3_2_0\Applications\HADevice\iar_projects/../../../BitCloud/Components/ZLLPlatform/Infrastructure/N_Util/include\
#        -I
#        D:\support_project\Qtouch_samr21_validation\BitCloud_SAMR21_3_2_0\BitCloud_SAMR21_3_2_0\Applications\HADevice\iar_projects/../../../BitCloud/Components/ZLLPlatform/Infrastructure/N_Timer/include\
#        -I
#        D:\support_project\Qtouch_samr21_validation\BitCloud_SAMR21_3_2_0\BitCloud_SAMR21_3_2_0\Applications\HADevice\iar_projects/../../../BitCloud/Components/ZLLPlatform/Infrastructure/N_Task/include\
#        -I
#        D:\support_project\Qtouch_samr21_validation\BitCloud_SAMR21_3_2_0\BitCloud_SAMR21_3_2_0\Applications\HADevice\iar_projects/../../../BitCloud/Components/ZLLPlatform/Infrastructure/N_ErrH/include\
#        -I
#        D:\support_project\Qtouch_samr21_validation\BitCloud_SAMR21_3_2_0\BitCloud_SAMR21_3_2_0\Applications\HADevice\iar_projects/../../../BitCloud/Components/ZLLPlatform/Infrastructure/N_Log/include\
#        -I
#        D:\support_project\Qtouch_samr21_validation\BitCloud_SAMR21_3_2_0\BitCloud_SAMR21_3_2_0\Applications\HADevice\iar_projects/../../../BitCloud/Components/ZLLPlatform/Infrastructure/N_Memory/include\
#        -I
#        D:\support_project\Qtouch_samr21_validation\BitCloud_SAMR21_3_2_0\BitCloud_SAMR21_3_2_0\Applications\HADevice\iar_projects/../../../BitCloud/Components/ZLLPlatform/Infrastructure/N_Init/include\
#        -I
#        D:\support_project\Qtouch_samr21_validation\BitCloud_SAMR21_3_2_0\BitCloud_SAMR21_3_2_0\Applications\HADevice\iar_projects/../../../BitCloud/Components/ZLLPlatform/ZLL/S_Nv/include\
#        -I
#        D:\support_project\Qtouch_samr21_validation\BitCloud_SAMR21_3_2_0\BitCloud_SAMR21_3_2_0\Applications\HADevice\iar_projects/../../../BitCloud/Components/ZLLPlatform/ZLL/S_XNv/include\
#        -I
#        D:\support_project\Qtouch_samr21_validation\BitCloud_SAMR21_3_2_0\BitCloud_SAMR21_3_2_0\Applications\HADevice\iar_projects/../../../BitCloud/Components/ZLLPlatform/ZLL/D_Nv/include\
#        -I
#        D:\support_project\Qtouch_samr21_validation\BitCloud_SAMR21_3_2_0\BitCloud_SAMR21_3_2_0\Applications\HADevice\iar_projects/../../../BitCloud/Components/ZLLPlatform/ZLL/D_XNv/include\
#        -I
#        D:\support_project\Qtouch_samr21_validation\BitCloud_SAMR21_3_2_0\BitCloud_SAMR21_3_2_0\Applications\HADevice\iar_projects/../../../BitCloud/Components/ZLLPlatform/ZLL/D_XNv/src\
#        -I
#        D:\support_project\Qtouch_samr21_validation\BitCloud_SAMR21_3_2_0\BitCloud_SAMR21_3_2_0\Applications\HADevice\iar_projects/../../../BitCloud/Components/ZLLPlatform/ZLL/S_XNv/src\
#        -I
#        D:\support_project\Qtouch_samr21_validation\BitCloud_SAMR21_3_2_0\BitCloud_SAMR21_3_2_0\Applications\HADevice\iar_projects/../../../BitCloud/Components/Security/TrustCentre/include\
#        -I
#        D:\support_project\Qtouch_samr21_validation\BitCloud_SAMR21_3_2_0\BitCloud_SAMR21_3_2_0\Applications\HADevice\iar_projects/../../../BitCloud/Components/Security/ServiceProvider/include\
#        -I
#        D:\support_project\Qtouch_samr21_validation\BitCloud_SAMR21_3_2_0\BitCloud_SAMR21_3_2_0\Applications\HADevice\iar_projects/../../../BitCloud/Components/HAL/drivers/include\
#        -I
#        D:\support_project\Qtouch_samr21_validation\BitCloud_SAMR21_3_2_0\BitCloud_SAMR21_3_2_0\Applications\HADevice\iar_projects/../../../BitCloud/Components/HAL/drivers/VCP/include\
#        -I
#        D:\support_project\Qtouch_samr21_validation\BitCloud_SAMR21_3_2_0\BitCloud_SAMR21_3_2_0\Applications\HADevice\iar_projects/../../../BitCloud/Components/HAL/cortexm0+/atsamr21/common/include\
#        -I
#        D:\support_project\Qtouch_samr21_validation\BitCloud_SAMR21_3_2_0\BitCloud_SAMR21_3_2_0\Applications\HADevice\iar_projects/../../../BitCloud/Components/ZCL/include/private\
#        -I
#        D:\support_project\Qtouch_samr21_validation\BitCloud_SAMR21_3_2_0\BitCloud_SAMR21_3_2_0\Applications\HADevice\iar_projects/../../../BitCloud/Components/ZCL/include\
#        -I
#        D:\support_project\Qtouch_samr21_validation\BitCloud_SAMR21_3_2_0\BitCloud_SAMR21_3_2_0\Applications\HADevice\iar_projects/../../../BitCloud/Components/MAC_PHY/include\
#        -I
#        D:\support_project\Qtouch_samr21_validation\BitCloud_SAMR21_3_2_0\BitCloud_SAMR21_3_2_0\Applications\HADevice\iar_projects/../../../BitCloud/Components/MAC_PHY/MAC_ENV/include\
#        -I
#        D:\support_project\Qtouch_samr21_validation\BitCloud_SAMR21_3_2_0\BitCloud_SAMR21_3_2_0\Applications\HADevice\iar_projects/../../../BitCloud/Components/MAC_PHY/MAC_HWI/include\
#        -I
#        D:\support_project\Qtouch_samr21_validation\BitCloud_SAMR21_3_2_0\BitCloud_SAMR21_3_2_0\Applications\HADevice\iar_projects/../../../BitCloud/Components/MAC_PHY/MAC_HWD_PHY/include\
#        -I
#        D:\support_project\Qtouch_samr21_validation\BitCloud_SAMR21_3_2_0\BitCloud_SAMR21_3_2_0\Applications\HADevice\iar_projects/../../../BitCloud/Components/MAC_PHY/MAC_HWD_PHY/RF231_RF212/PHY/include\
#        -I
#        D:\support_project\Qtouch_samr21_validation\BitCloud_SAMR21_3_2_0\BitCloud_SAMR21_3_2_0\Applications\HADevice\iar_projects/../../../BitCloud/Components/MAC_PHY/MAC_HWD_PHY/RF231_RF212/MAC_HWD/include\
#        -Ohz --use_c++_inline
#    List file    =  
#        D:\support_project\Qtouch_samr21_validation\BitCloud_SAMR21_3_2_0\BitCloud_SAMR21_3_2_0\Applications\HADevice\iar_projects\All_StdlinkSec_SamR21_Atsamr21g18a_Rf233_8Mhz/List\thPdt.lst
#    Object file  =  
#        D:\support_project\Qtouch_samr21_validation\BitCloud_SAMR21_3_2_0\BitCloud_SAMR21_3_2_0\Applications\HADevice\iar_projects\All_StdlinkSec_SamR21_Atsamr21g18a_Rf233_8Mhz/Obj\thPdt.o
#
###############################################################################

D:\support_project\Qtouch_samr21_validation\BitCloud_SAMR21_3_2_0\BitCloud_SAMR21_3_2_0\Applications\HADevice\thermostat\src\thPdt.c
      1          /******************************************************************************
      2            \file thPdt.c
      3          
      4            \brief
      5              Thermostat Persistent Data Table implementation.
      6          
      7            \author
      8              Atmel Corporation: http://www.atmel.com \n
      9              Support email: avr@atmel.com
     10          
     11            Copyright (c) 2010 , Atmel Corporation. All rights reserved.
     12            Licensed under Atmel's Limited License Agreement (BitCloudTM).
     13          
     14            \internal
     15              History:
     16              09/09/2014 Unithra.C - Created.
     17          ******************************************************************************/
     18          #ifdef APP_DEVICE_TYPE_THERMOSTAT
     19          
     20          /******************************************************************************
     21                              Includes section
     22          ******************************************************************************/
     23          #include <pdsDataServer.h>
     24          #include <thThermostatCluster.h>
     25          #include <thOccupancySensingCluster.h>
     26          #include <thHumidityMeasurementCluster.h>
     27          #include <thTemperatureMeasurementCluster.h>
     28          #include <thScenes.h>
     29          
     30          /******************************************************************************
     31                              PDT definitions
     32          ******************************************************************************/
     33          #ifdef _ENABLE_PERSISTENT_SERVER_
     34          /* Thermostat application data file descriptors.
     35             Shall be placed in the PDS_FF code segment. */

   \                                 In section PDS_FF, align 4, root
     36          PDS_DECLARE_FILE(APP_TH_LOCAL_TEMPERATURE_MEM_ID,                 sizeof(thThermostatClusterServerAttributes.localTemperature),               &thThermostatClusterServerAttributes.localTemperature,              NO_FILE_MARKS);
   \                     pds_ff_0x0011U:
   \   00000000   0x0011 0x0016      DC16 17, 22
   \   00000004   0x........         DC32 thThermostatClusterServerAttributes, 0H
   \              0x00000000   
   \   0000000C   0x00 0x00          DC8 0, 0, 0, 0
   \              0x00 0x00    

   \                                 In section PDS_FF, align 4, root
     37          PDS_DECLARE_FILE(APP_TH_OCCUPIED_COOLING_SETPOINT_MEM_ID,         sizeof(thThermostatClusterServerAttributes.occupiedCoolingSetpoint),        &thThermostatClusterServerAttributes.occupiedCoolingSetpoint,       NO_FILE_MARKS);
   \                     pds_ff_0x0012U:
   \   00000000   0x0012 0x000A      DC16 18, 10
   \   00000004   0x........         DC32 thThermostatClusterServerAttributes + 5DH, 0H
   \              0x00000000   
   \   0000000C   0x00 0x00          DC8 0, 0, 0, 0
   \              0x00 0x00    

   \                                 In section PDS_FF, align 4, root
     38          PDS_DECLARE_FILE(APP_TH_OCCUPIED_HEATING_SETPOINT_MEM_ID,         sizeof(thThermostatClusterServerAttributes.occupiedHeatingSetpoint),        &thThermostatClusterServerAttributes.occupiedHeatingSetpoint,       NO_FILE_MARKS);
   \                     pds_ff_0x0013U:
   \   00000000   0x0013 0x000A      DC16 19, 10
   \   00000004   0x........         DC32 thThermostatClusterServerAttributes + 67H, 0H
   \              0x00000000   
   \   0000000C   0x00 0x00          DC8 0, 0, 0, 0
   \              0x00 0x00    

   \                                 In section PDS_FF, align 4, root
     39          PDS_DECLARE_FILE(APP_TH_OCCUPANCY_MEM_ID,                         sizeof(thOccupancySensingClusterServerAttributes.occupancy),                &thOccupancySensingClusterServerAttributes.occupancy,               NO_FILE_MARKS);
   \                     pds_ff_0x0014U:
   \   00000000   0x0014 0x0011      DC16 20, 17
   \   00000004   0x........         DC32 thOccupancySensingClusterServerAttributes, 0H
   \              0x00000000   
   \   0000000C   0x00 0x00          DC8 0, 0, 0, 0
   \              0x00 0x00    

   \                                 In section PDS_FF, align 4, root
     40          PDS_DECLARE_FILE(APP_TH_HUMIDITY_MEASURED_VALUE_MEM_ID,           sizeof(thHumidityMeasurementClusterServerAttributes.measuredValue),         &thHumidityMeasurementClusterServerAttributes.measuredValue,        NO_FILE_MARKS);
   \                     pds_ff_0x0015U:
   \   00000000   0x0015 0x0016      DC16 21, 22
   \   00000004   0x........         DC32 thHumidityMeasurementClusterServerAttributes, 0H
   \              0x00000000   
   \   0000000C   0x00 0x00          DC8 0, 0, 0, 0
   \              0x00 0x00    

   \                                 In section PDS_FF, align 4, root
     41          PDS_DECLARE_FILE(APP_TH_HUMIDITY_TOLERANCE_MEM_ID,                sizeof(thHumidityMeasurementClusterServerAttributes.tolerance),             &thHumidityMeasurementClusterServerAttributes.tolerance,            NO_FILE_MARKS);
   \                     pds_ff_0x0016U:
   \   00000000   0x0016 0x0016      DC16 22, 22
   \   00000004   0x........         DC32 thHumidityMeasurementClusterServerAttributes + 2AH, 0H
   \              0x00000000   
   \   0000000C   0x00 0x00          DC8 0, 0, 0, 0
   \              0x00 0x00    

   \                                 In section PDS_FF, align 4, root
     42          PDS_DECLARE_FILE(APP_TH_SCENES_MEM_ID,                            MAX_SCENES_AMOUNT * sizeof(Scene_t),                                        scenePool,                                                          NO_FILE_MARKS);
   \                     pds_ff_0x0017U:
   \   00000000   0x0017 0x00C0      DC16 23, 192
   \   00000004   0x........         DC32 scenePool, 0H
   \              0x00000000   
   \   0000000C   0x00 0x00          DC8 0, 0, 0, 0
   \              0x00 0x00    

   \                                 In section PDS_FF, align 4, root
     43          PDS_DECLARE_FILE(APP_TH_TEMPERATURE_MEASURED_VALUE_MEM_ID,        sizeof(thTemperatureMeasurementClusterServerAttributes.measuredValue),      &thTemperatureMeasurementClusterServerAttributes.measuredValue,     NO_FILE_MARKS);
   \                     pds_ff_0x0018U:
   \   00000000   0x0018 0x0016      DC16 24, 22
   \   00000004   0x........         DC32 thTemperatureMeasurementClusterServerAttributes, 0H
   \              0x00000000   
   \   0000000C   0x00 0x00          DC8 0, 0, 0, 0
   \              0x00 0x00    

   \                                 In section PDS_FF, align 4, root
     44          PDS_DECLARE_FILE(APP_TH_TEMPERATURE_TOLERANCE_MEM_ID,             sizeof(thTemperatureMeasurementClusterServerAttributes.tolerance),          &thTemperatureMeasurementClusterServerAttributes.tolerance,         NO_FILE_MARKS);
   \                     pds_ff_0x0019U:
   \   00000000   0x0019 0x0016      DC16 25, 22
   \   00000004   0x........         DC32 thTemperatureMeasurementClusterServerAttributes + 2AH, 0H
   \              0x00000000   
   \   0000000C   0x00 0x00          DC8 0, 0, 0, 0
   \              0x00 0x00    
     45          /* Thermostat application data file identifiers list.
     46             Will be placed in flash. */

   \                                 In section .rodata, align 4, keep-with-next
     47          PROGMEM_DECLARE(PDS_MemId_t appThMemoryIdsTable[]) =
   \                     appThMemoryIdsTable:
   \   00000000   0x0011 0x0012      DC16 17, 18, 19, 20, 21, 22, 23, 24, 25
   \              0x0013 0x0014
   \              0x0015 0x0016
   \              0x0017 0x0018
   \              0x0019       
   \   00000012   0x00 0x00          DC8 0, 0
     48          {
     49            APP_TH_LOCAL_TEMPERATURE_MEM_ID,
     50            APP_TH_OCCUPIED_COOLING_SETPOINT_MEM_ID,
     51            APP_TH_OCCUPIED_HEATING_SETPOINT_MEM_ID,
     52            APP_TH_OCCUPANCY_MEM_ID,
     53            APP_TH_HUMIDITY_MEASURED_VALUE_MEM_ID,
     54            APP_TH_HUMIDITY_TOLERANCE_MEM_ID,
     55            APP_TH_SCENES_MEM_ID,
     56            APP_TH_TEMPERATURE_MEASURED_VALUE_MEM_ID,
     57            APP_TH_TEMPERATURE_TOLERANCE_MEM_ID
     58          };
     59          
     60          /* Thermostat application directory descriptor.
     61             Shall be placed in the PDS_FD code segment. */

   \                                 In section PDS_FD, align 4, root
     62          PDS_DECLARE_DIR(PDS_DirDescr_t appEsiMemoryDirDescr) =
   \                     appEsiMemoryDirDescr:
   \   00000000   0x........         DC32 appThMemoryIdsTable
   \   00000004   0x0009 0x4003      DC16 9, 16387
     63          {
     64            .list       = appThMemoryIdsTable,
     65            .filesCount = ARRAY_SIZE(appThMemoryIdsTable),
     66            .memoryId   = HA_APP_MEMORY_MEM_ID
     67          };
     68          
     69          #endif // _ENABLE_PERSISTENT_SERVER_
     70          #endif // APP_DEVICE_TYPE_THERMOSTAT
     71          
     72          // eof thPdt.c


   Section sizes:

   Bytes  Function/Label
   -----  --------------
       8  appEsiMemoryDirDescr
      20  appThMemoryIdsTable
      16  pds_ff_0x0011U
      16  pds_ff_0x0012U
      16  pds_ff_0x0013U
      16  pds_ff_0x0014U
      16  pds_ff_0x0015U
      16  pds_ff_0x0016U
      16  pds_ff_0x0017U
      16  pds_ff_0x0018U
      16  pds_ff_0x0019U

 
  20 bytes in section .rodata
   8 bytes in section PDS_FD
 144 bytes in section PDS_FF
 
 172 bytes of CONST memory

Errors: none
Warnings: none
