###############################################################################
#
# IAR ANSI C/C++ Compiler V7.30.4.8167/W32 for ARM        31/Mar/2015  18:41:12
# Copyright 1999-2014 IAR Systems AB.
#
#    Cpu mode     =  thumb
#    Endian       =  little
#    Source file  =  
#        D:\support_project\Qtouch_samr21_validation\BitCloud_SAMR21_3_2_0\BitCloud_SAMR21_3_2_0\BitCloud\Components\PersistDataServer\wl\src\wlPdsTaskManager.c
#    Command line =  
#        D:\support_project\Qtouch_samr21_validation\BitCloud_SAMR21_3_2_0\BitCloud_SAMR21_3_2_0\BitCloud\Components\PersistDataServer\wl\src\wlPdsTaskManager.c
#        -D BOARD_SAMR21 -D BOARD_QTOUCH_XPRO -D AT86RF233 -D ATSAMR21G18A -D
#        HAL_8MHz -D STACK_TYPE_ALL -D STDLINK_SECURITY_MODE -lC
#        D:\support_project\Qtouch_samr21_validation\BitCloud_SAMR21_3_2_0\BitCloud_SAMR21_3_2_0\Applications\HADevice\iar_projects\All_StdlinkSec_SamR21_Atsamr21g18a_Rf233_8Mhz/List\
#        --diag_suppress Pa050,Pe188 -o
#        D:\support_project\Qtouch_samr21_validation\BitCloud_SAMR21_3_2_0\BitCloud_SAMR21_3_2_0\Applications\HADevice\iar_projects\All_StdlinkSec_SamR21_Atsamr21g18a_Rf233_8Mhz/Obj\
#        --debug --endian=little --cpu=Cortex-M0+ -e --fpu=None --dlib_config
#        "C:\Program Files\IAR Systems\Embedded Workbench
#        7.30\arm\INC\c\DLib_Config_Full.h" --preinclude
#        MakerulesBc_All_StdlinkSec_Atsamr21g18a_Rf233_Iar.h -I
#        D:\support_project\Qtouch_samr21_validation\BitCloud_SAMR21_3_2_0\BitCloud_SAMR21_3_2_0\Applications\HADevice\iar_projects/..\
#        -I
#        D:\support_project\Qtouch_samr21_validation\BitCloud_SAMR21_3_2_0\BitCloud_SAMR21_3_2_0\Applications\HADevice\iar_projects/../dimmableLight/include\
#        -I
#        D:\support_project\Qtouch_samr21_validation\BitCloud_SAMR21_3_2_0\BitCloud_SAMR21_3_2_0\Applications\HADevice\iar_projects/../dimmerSwitch/include\
#        -I
#        D:\support_project\Qtouch_samr21_validation\BitCloud_SAMR21_3_2_0\BitCloud_SAMR21_3_2_0\Applications\HADevice\iar_projects/../multiSensor/include\
#        -I
#        D:\support_project\Qtouch_samr21_validation\BitCloud_SAMR21_3_2_0\BitCloud_SAMR21_3_2_0\Applications\HADevice\iar_projects/../thermostat/include\
#        -I
#        D:\support_project\Qtouch_samr21_validation\BitCloud_SAMR21_3_2_0\BitCloud_SAMR21_3_2_0\Applications\HADevice\iar_projects/../ias_ace/include\
#        -I
#        D:\support_project\Qtouch_samr21_validation\BitCloud_SAMR21_3_2_0\BitCloud_SAMR21_3_2_0\Applications\HADevice\iar_projects/../combinedInterface/include\
#        -I
#        D:\support_project\Qtouch_samr21_validation\BitCloud_SAMR21_3_2_0\BitCloud_SAMR21_3_2_0\Applications\HADevice\iar_projects/../common/include\
#        -I
#        D:\support_project\Qtouch_samr21_validation\BitCloud_SAMR21_3_2_0\BitCloud_SAMR21_3_2_0\Applications\HADevice\iar_projects/../common/clusters/include\
#        -I
#        D:\support_project\Qtouch_samr21_validation\BitCloud_SAMR21_3_2_0\BitCloud_SAMR21_3_2_0\Applications\HADevice\iar_projects/../../../BitCloud/Components/BSP/SAMR21/include\
#        -I
#        D:\support_project\Qtouch_samr21_validation\BitCloud_SAMR21_3_2_0\BitCloud_SAMR21_3_2_0\Applications\HADevice\iar_projects/../../../BitCloud/Components/SystemEnvironment/include\
#        -I
#        D:\support_project\Qtouch_samr21_validation\BitCloud_SAMR21_3_2_0\BitCloud_SAMR21_3_2_0\Applications\HADevice\iar_projects/../../../BitCloud/lib\
#        -I
#        D:\support_project\Qtouch_samr21_validation\BitCloud_SAMR21_3_2_0\BitCloud_SAMR21_3_2_0\Applications\HADevice\iar_projects/../../../BitCloud/Components/HAL/include\
#        -I
#        D:\support_project\Qtouch_samr21_validation\BitCloud_SAMR21_3_2_0\BitCloud_SAMR21_3_2_0\Applications\HADevice\iar_projects/../../../BitCloud/Components/BSP\
#        -I
#        D:\support_project\Qtouch_samr21_validation\BitCloud_SAMR21_3_2_0\BitCloud_SAMR21_3_2_0\Applications\HADevice\iar_projects/../../../BitCloud/Components/BSP/include\
#        -I
#        D:\support_project\Qtouch_samr21_validation\BitCloud_SAMR21_3_2_0\BitCloud_SAMR21_3_2_0\Applications\HADevice\iar_projects/../../../BitCloud/Components/BSP/QTouch_XPRO/include\
#        -I
#        D:\support_project\Qtouch_samr21_validation\BitCloud_SAMR21_3_2_0\BitCloud_SAMR21_3_2_0\Applications\HADevice\iar_projects/../../../BitCloud/Components/NWK/include\
#        -I
#        D:\support_project\Qtouch_samr21_validation\BitCloud_SAMR21_3_2_0\BitCloud_SAMR21_3_2_0\Applications\HADevice\iar_projects/../../../BitCloud/Components/NWK/include/private\
#        -I
#        D:\support_project\Qtouch_samr21_validation\BitCloud_SAMR21_3_2_0\BitCloud_SAMR21_3_2_0\Applications\HADevice\iar_projects/../../../BitCloud/Components/ZDO/include\
#        -I
#        D:\support_project\Qtouch_samr21_validation\BitCloud_SAMR21_3_2_0\BitCloud_SAMR21_3_2_0\Applications\HADevice\iar_projects/../../../BitCloud/Components/ZDO/include/private\
#        -I
#        D:\support_project\Qtouch_samr21_validation\BitCloud_SAMR21_3_2_0\BitCloud_SAMR21_3_2_0\Applications\HADevice\iar_projects/../../../BitCloud/Components/APS/include\
#        -I
#        D:\support_project\Qtouch_samr21_validation\BitCloud_SAMR21_3_2_0\BitCloud_SAMR21_3_2_0\Applications\HADevice\iar_projects/../../../BitCloud/Components/APS/include/private\
#        -I
#        D:\support_project\Qtouch_samr21_validation\BitCloud_SAMR21_3_2_0\BitCloud_SAMR21_3_2_0\Applications\HADevice\iar_projects/../../../BitCloud/Components/SystemEnvironment/include\
#        -I
#        D:\support_project\Qtouch_samr21_validation\BitCloud_SAMR21_3_2_0\BitCloud_SAMR21_3_2_0\Applications\HADevice\iar_projects/../../../BitCloud/Components/ConfigServer/include\
#        -I
#        D:\support_project\Qtouch_samr21_validation\BitCloud_SAMR21_3_2_0\BitCloud_SAMR21_3_2_0\Applications\HADevice\iar_projects/../../../BitCloud/Components/ConfigServer/include/private\
#        -I
#        D:\support_project\Qtouch_samr21_validation\BitCloud_SAMR21_3_2_0\BitCloud_SAMR21_3_2_0\Applications\HADevice\iar_projects/../../../BitCloud/Components/PersistDataServer/include\
#        -I
#        D:\support_project\Qtouch_samr21_validation\BitCloud_SAMR21_3_2_0\BitCloud_SAMR21_3_2_0\Applications\HADevice\iar_projects/../../../BitCloud/Components/PersistDataServer/std/include\
#        -I
#        D:\support_project\Qtouch_samr21_validation\BitCloud_SAMR21_3_2_0\BitCloud_SAMR21_3_2_0\Applications\HADevice\iar_projects/../../../BitCloud/Components/PersistDataServer/wl/include\
#        -I
#        D:\support_project\Qtouch_samr21_validation\BitCloud_SAMR21_3_2_0\BitCloud_SAMR21_3_2_0\Applications\HADevice\iar_projects/../../../BitCloud/Components/ZLLPlatform/Infrastructure/N_Types/include\
#        -I
#        D:\support_project\Qtouch_samr21_validation\BitCloud_SAMR21_3_2_0\BitCloud_SAMR21_3_2_0\Applications\HADevice\iar_projects/../../../BitCloud/Components/ZLLPlatform/Infrastructure/N_Util/include\
#        -I
#        D:\support_project\Qtouch_samr21_validation\BitCloud_SAMR21_3_2_0\BitCloud_SAMR21_3_2_0\Applications\HADevice\iar_projects/../../../BitCloud/Components/ZLLPlatform/Infrastructure/N_Timer/include\
#        -I
#        D:\support_project\Qtouch_samr21_validation\BitCloud_SAMR21_3_2_0\BitCloud_SAMR21_3_2_0\Applications\HADevice\iar_projects/../../../BitCloud/Components/ZLLPlatform/Infrastructure/N_Task/include\
#        -I
#        D:\support_project\Qtouch_samr21_validation\BitCloud_SAMR21_3_2_0\BitCloud_SAMR21_3_2_0\Applications\HADevice\iar_projects/../../../BitCloud/Components/ZLLPlatform/Infrastructure/N_ErrH/include\
#        -I
#        D:\support_project\Qtouch_samr21_validation\BitCloud_SAMR21_3_2_0\BitCloud_SAMR21_3_2_0\Applications\HADevice\iar_projects/../../../BitCloud/Components/ZLLPlatform/Infrastructure/N_Log/include\
#        -I
#        D:\support_project\Qtouch_samr21_validation\BitCloud_SAMR21_3_2_0\BitCloud_SAMR21_3_2_0\Applications\HADevice\iar_projects/../../../BitCloud/Components/ZLLPlatform/Infrastructure/N_Memory/include\
#        -I
#        D:\support_project\Qtouch_samr21_validation\BitCloud_SAMR21_3_2_0\BitCloud_SAMR21_3_2_0\Applications\HADevice\iar_projects/../../../BitCloud/Components/ZLLPlatform/Infrastructure/N_Init/include\
#        -I
#        D:\support_project\Qtouch_samr21_validation\BitCloud_SAMR21_3_2_0\BitCloud_SAMR21_3_2_0\Applications\HADevice\iar_projects/../../../BitCloud/Components/ZLLPlatform/ZLL/S_Nv/include\
#        -I
#        D:\support_project\Qtouch_samr21_validation\BitCloud_SAMR21_3_2_0\BitCloud_SAMR21_3_2_0\Applications\HADevice\iar_projects/../../../BitCloud/Components/ZLLPlatform/ZLL/S_XNv/include\
#        -I
#        D:\support_project\Qtouch_samr21_validation\BitCloud_SAMR21_3_2_0\BitCloud_SAMR21_3_2_0\Applications\HADevice\iar_projects/../../../BitCloud/Components/ZLLPlatform/ZLL/D_Nv/include\
#        -I
#        D:\support_project\Qtouch_samr21_validation\BitCloud_SAMR21_3_2_0\BitCloud_SAMR21_3_2_0\Applications\HADevice\iar_projects/../../../BitCloud/Components/ZLLPlatform/ZLL/D_XNv/include\
#        -I
#        D:\support_project\Qtouch_samr21_validation\BitCloud_SAMR21_3_2_0\BitCloud_SAMR21_3_2_0\Applications\HADevice\iar_projects/../../../BitCloud/Components/ZLLPlatform/ZLL/D_XNv/src\
#        -I
#        D:\support_project\Qtouch_samr21_validation\BitCloud_SAMR21_3_2_0\BitCloud_SAMR21_3_2_0\Applications\HADevice\iar_projects/../../../BitCloud/Components/ZLLPlatform/ZLL/S_XNv/src\
#        -I
#        D:\support_project\Qtouch_samr21_validation\BitCloud_SAMR21_3_2_0\BitCloud_SAMR21_3_2_0\Applications\HADevice\iar_projects/../../../BitCloud/Components/Security/TrustCentre/include\
#        -I
#        D:\support_project\Qtouch_samr21_validation\BitCloud_SAMR21_3_2_0\BitCloud_SAMR21_3_2_0\Applications\HADevice\iar_projects/../../../BitCloud/Components/Security/ServiceProvider/include\
#        -I
#        D:\support_project\Qtouch_samr21_validation\BitCloud_SAMR21_3_2_0\BitCloud_SAMR21_3_2_0\Applications\HADevice\iar_projects/../../../BitCloud/Components/HAL/drivers/include\
#        -I
#        D:\support_project\Qtouch_samr21_validation\BitCloud_SAMR21_3_2_0\BitCloud_SAMR21_3_2_0\Applications\HADevice\iar_projects/../../../BitCloud/Components/HAL/drivers/VCP/include\
#        -I
#        D:\support_project\Qtouch_samr21_validation\BitCloud_SAMR21_3_2_0\BitCloud_SAMR21_3_2_0\Applications\HADevice\iar_projects/../../../BitCloud/Components/HAL/cortexm0+/atsamr21/common/include\
#        -I
#        D:\support_project\Qtouch_samr21_validation\BitCloud_SAMR21_3_2_0\BitCloud_SAMR21_3_2_0\Applications\HADevice\iar_projects/../../../BitCloud/Components/ZCL/include/private\
#        -I
#        D:\support_project\Qtouch_samr21_validation\BitCloud_SAMR21_3_2_0\BitCloud_SAMR21_3_2_0\Applications\HADevice\iar_projects/../../../BitCloud/Components/ZCL/include\
#        -I
#        D:\support_project\Qtouch_samr21_validation\BitCloud_SAMR21_3_2_0\BitCloud_SAMR21_3_2_0\Applications\HADevice\iar_projects/../../../BitCloud/Components/MAC_PHY/include\
#        -I
#        D:\support_project\Qtouch_samr21_validation\BitCloud_SAMR21_3_2_0\BitCloud_SAMR21_3_2_0\Applications\HADevice\iar_projects/../../../BitCloud/Components/MAC_PHY/MAC_ENV/include\
#        -I
#        D:\support_project\Qtouch_samr21_validation\BitCloud_SAMR21_3_2_0\BitCloud_SAMR21_3_2_0\Applications\HADevice\iar_projects/../../../BitCloud/Components/MAC_PHY/MAC_HWI/include\
#        -I
#        D:\support_project\Qtouch_samr21_validation\BitCloud_SAMR21_3_2_0\BitCloud_SAMR21_3_2_0\Applications\HADevice\iar_projects/../../../BitCloud/Components/MAC_PHY/MAC_HWD_PHY/include\
#        -I
#        D:\support_project\Qtouch_samr21_validation\BitCloud_SAMR21_3_2_0\BitCloud_SAMR21_3_2_0\Applications\HADevice\iar_projects/../../../BitCloud/Components/MAC_PHY/MAC_HWD_PHY/RF231_RF212/PHY/include\
#        -I
#        D:\support_project\Qtouch_samr21_validation\BitCloud_SAMR21_3_2_0\BitCloud_SAMR21_3_2_0\Applications\HADevice\iar_projects/../../../BitCloud/Components/MAC_PHY/MAC_HWD_PHY/RF231_RF212/MAC_HWD/include\
#        -Ohz --use_c++_inline
#    List file    =  
#        D:\support_project\Qtouch_samr21_validation\BitCloud_SAMR21_3_2_0\BitCloud_SAMR21_3_2_0\Applications\HADevice\iar_projects\All_StdlinkSec_SamR21_Atsamr21g18a_Rf233_8Mhz/List\wlPdsTaskManager.lst
#    Object file  =  
#        D:\support_project\Qtouch_samr21_validation\BitCloud_SAMR21_3_2_0\BitCloud_SAMR21_3_2_0\Applications\HADevice\iar_projects\All_StdlinkSec_SamR21_Atsamr21g18a_Rf233_8Mhz/Obj\wlPdsTaskManager.o
#
###############################################################################

D:\support_project\Qtouch_samr21_validation\BitCloud_SAMR21_3_2_0\BitCloud_SAMR21_3_2_0\BitCloud\Components\PersistDataServer\wl\src\wlPdsTaskManager.c
      1          /**************************************************************************//**
      2            \file wlPdsTaskManager.c
      3          
      4            \brief PDS task manager implementation.
      5          
      6            \author
      7              Atmel Corporation: http://www.atmel.com \n
      8              Support email: avr@atmel.com
      9          
     10            Copyright (c) 2008-2013, Atmel Corporation. All rights reserved.
     11            Licensed under Atmel's Limited License Agreement (BitCloudTM).
     12          
     13            \internal
     14             History:
     15              21.05.13 A. Fomin - Created.
     16          ******************************************************************************/
     17          
     18          #ifdef _ENABLE_PERSISTENT_SERVER_
     19          #if PDS_ENABLE_WEAR_LEVELING == 1
     20          /******************************************************************************
     21                                         Includes section
     22          ******************************************************************************/
     23          #include <sysTaskManager.h>

   \                                 In section .text, align 2, keep-with-next
   \   static __interwork __softfp void SYS_PostTask(SYS_TaskId_t)
   \                     SYS_PostTask: (+1)
   \   00000000   0xB510             PUSH     {R4,LR}
   \   00000002   0xB082             SUB      SP,SP,#+8
   \   00000004   0x0004             MOVS     R4,R0
   \   00000006   0x4668             MOV      R0,SP
   \   00000008   0x.... 0x....      BL       halStartAtomic
   \   0000000C   0x....             LDR      R0,??DataTable2
   \   0000000E   0x8801             LDRH     R1,[R0, #+0]
   \   00000010   0x430C             ORRS     R4,R4,R1
   \   00000012   0x8004             STRH     R4,[R0, #+0]
   \   00000014   0x4668             MOV      R0,SP
   \   00000016   0x.... 0x....      BL       halEndAtomic
   \   0000001A   0xBD13             POP      {R0,R1,R4,PC}    ;; return
     24          #include <wlPdsTaskManager.h>
     25          
     26          /******************************************************************************
     27                              Types section
     28          ******************************************************************************/
     29          typedef uint8_t PdsTaskBitMask_t;
     30          typedef void (*PdsTaskHandler_t)(void);
     31          
     32          /******************************************************************************
     33                              Prototypes section
     34          ******************************************************************************/
     35          void pdsStoreItemTaskHandler(void);
     36          
     37          /******************************************************************************
     38                              Static variables section
     39          ******************************************************************************/

   \                                 In section .data, align 4
     40          static PdsTaskHandler_t pdsTaskHandlers[PDS_TASKS_AMOUNT] =
     41          {
     42            [PDS_STORE_ITEM_TASK_ID] = pdsStoreItemTaskHandler,
     43          };
     44          
     45          static PdsTaskBitMask_t pendingTasks;
   \                     pendingTasks:
   \   00000000   0x00               DC8 0
   \   00000001   0x00 0x00          DC8 0, 0, 0
   \              0x00         
   \   00000004   0x........         DC32 pdsStoreItemTaskHandler
     46          
     47          /******************************************************************************
     48                             Implementation section
     49          ******************************************************************************/
     50          /******************************************************************************
     51          \brief Posts PDS task
     52          
     53          \param[in] taskId - id of a task
     54          ******************************************************************************/

   \                                 In section .text, align 2, keep-with-next
     55          void pdsPostTask(PdsTaskId_t taskId)
     56          {
   \                     pdsPostTask: (+1)
   \   00000000   0xB580             PUSH     {R7,LR}
     57            pendingTasks |= (1U << taskId);
   \   00000002   0x....             LDR      R1,??DataTable2_1
   \   00000004   0x780A             LDRB     R2,[R1, #+0]
   \   00000006   0x2301             MOVS     R3,#+1
   \   00000008   0x4083             LSLS     R3,R3,R0
   \   0000000A   0x4313             ORRS     R3,R3,R2
   \   0000000C   0x700B             STRB     R3,[R1, #+0]
     58            SYS_PostTask(PDS_TASK_ID);
   \   0000000E   0x2080             MOVS     R0,#+128
   \   00000010   0x0180             LSLS     R0,R0,#+6        ;; #+8192
   \   00000012   0x.... 0x....      BL       SYS_PostTask
     59          }
   \   00000016   0xBD01             POP      {R0,PC}          ;; return
     60          
     61          /******************************************************************************
     62          \brief General PDS task handler
     63          ******************************************************************************/

   \                                 In section .text, align 2, keep-with-next
     64          void PDS_TaskHandler(void)
     65          {
   \                     PDS_TaskHandler: (+1)
   \   00000000   0xB510             PUSH     {R4,LR}
     66            if (pendingTasks)
   \   00000002   0x....             LDR      R4,??DataTable2_1
   \   00000004   0x7820             LDRB     R0,[R4, #+0]
   \   00000006   0x2800             CMP      R0,#+0
   \   00000008   0xD014             BEQ      ??PDS_TaskHandler_0
     67            {
     68              uint8_t taskId = 0U;
   \   0000000A   0x2100             MOVS     R1,#+0
   \   0000000C   0xE000             B        ??PDS_TaskHandler_1
     69          
     70              while (!(pendingTasks & (1U << taskId)))
     71                taskId++;
   \                     ??PDS_TaskHandler_2: (+1)
   \   0000000E   0x1C49             ADDS     R1,R1,#+1
   \                     ??PDS_TaskHandler_1: (+1)
   \   00000010   0x2201             MOVS     R2,#+1
   \   00000012   0x408A             LSLS     R2,R2,R1
   \   00000014   0x4210             TST      R0,R2
   \   00000016   0xD0FA             BEQ      ??PDS_TaskHandler_2
     72          
     73              pendingTasks ^= (1U << taskId);
   \   00000018   0x4042             EORS     R2,R2,R0
   \   0000001A   0x7022             STRB     R2,[R4, #+0]
     74              pdsTaskHandlers[taskId]();
   \   0000001C   0x0609             LSLS     R1,R1,#+24
   \   0000001E   0x0D88             LSRS     R0,R1,#+22
   \   00000020   0x1820             ADDS     R0,R4,R0
   \   00000022   0x6840             LDR      R0,[R0, #+4]
   \   00000024   0x4780             BLX      R0
     75              if (pendingTasks)
   \   00000026   0x7820             LDRB     R0,[R4, #+0]
   \   00000028   0x2800             CMP      R0,#+0
   \   0000002A   0xD003             BEQ      ??PDS_TaskHandler_0
     76                SYS_PostTask(PDS_TASK_ID);
   \   0000002C   0x2080             MOVS     R0,#+128
   \   0000002E   0x0180             LSLS     R0,R0,#+6        ;; #+8192
   \   00000030   0x.... 0x....      BL       SYS_PostTask
     77            }
     78          }
   \                     ??PDS_TaskHandler_0: (+1)
   \   00000034   0xBD10             POP      {R4,PC}          ;; return

   \                                 In section .text, align 4, keep-with-next
   \                     ??DataTable2:
   \   00000000   0x........         DC32     SYS_taskFlag

   \                                 In section .text, align 4, keep-with-next
   \                     ??DataTable2_1:
   \   00000000   0x........         DC32     pendingTasks
     79          
     80          #endif /* _ENABLE_PERSISTENT_SERVER_ */
     81          #endif /* PDS_ENABLE_WEAR_LEVELING == 1 */
     82          /* eof wlPdsTaskManager.c */
     83          

   Maximum stack usage in bytes:

   .cstack Function
   ------- --------
       8   PDS_TaskHandler
         8   -- Indirect call
         8   -> SYS_PostTask
      16   SYS_PostTask
        16   -> halEndAtomic
        16   -> halStartAtomic
       8   pdsPostTask
         8   -> SYS_PostTask


   Section sizes:

   Bytes  Function/Label
   -----  --------------
       4  ??DataTable2
       4  ??DataTable2_1
      54  PDS_TaskHandler
      28  SYS_PostTask
      24  pdsPostTask
       8  pendingTasks
          pdsTaskHandlers

 
   8 bytes in section .data
 114 bytes in section .text
 
 114 bytes of CODE memory
   8 bytes of DATA memory

Errors: none
Warnings: none
